Using pre-set license
Built from '2020.3/staging' branch; Version is '2020.3.11f1 (99c7afb366b3) revision 10078127'; Using compiler version '192528614'; Build Type 'Release'
OS: 'Windows 10 Pro; OS build 19043.1055; Version 2009; 64bit' Language: 'en' Physical Memory: 8106 MB
BatchMode: 1, IsHumanControllingUs: 0, StartBugReporterOnCrash: 0, Is64bit: 1, IsPro: 0

 COMMAND LINE ARGUMENTS:
C:\Program Files\Unity\Hub\Editor\2020.3.11f1\Editor\Unity.exe
-adb2
-batchMode
-noUpm
-name
AssetImportWorker0
-projectPath
E:/Mapel/Polinema/S6/Komputasi Multimedia/KM_2021/Project/Minggu 15/Praktikum 2
-logFile
Logs/AssetImportWorker0.log
-srvPort
56742
Successfully changed project path to: E:/Mapel/Polinema/S6/Komputasi Multimedia/KM_2021/Project/Minggu 15/Praktikum 2
E:/Mapel/Polinema/S6/Komputasi Multimedia/KM_2021/Project/Minggu 15/Praktikum 2
Using Asset Import Pipeline V2.
Refreshing native plugins compatible for Editor in 98.91 ms, found 2 plugins.
Preloading 0 native plugins for Editor in 0.00 ms.
Initialize engine version: 2020.3.11f1 (99c7afb366b3)
[Subsystems] Discovering subsystems at path C:/Program Files/Unity/Hub/Editor/2020.3.11f1/Editor/Data/Resources/UnitySubsystems
[Subsystems] Discovering subsystems at path E:/Mapel/Polinema/S6/Komputasi Multimedia/KM_2021/Project/Minggu 15/Praktikum 2/Assets
GfxDevice: creating device client; threaded=0
Direct3D:
    Version:  Direct3D 11.0 [level 10.1]
    Renderer: Intel(R) HD Graphics 3000 (ID=0x116)
    Vendor:   
    VRAM:     128 MB
    Driver:   9.17.10.4459
Initialize mono
Mono path[0] = 'C:/Program Files/Unity/Hub/Editor/2020.3.11f1/Editor/Data/Managed'
Mono path[1] = 'C:/Program Files/Unity/Hub/Editor/2020.3.11f1/Editor/Data/MonoBleedingEdge/lib/mono/unityjit'
Mono config path = 'C:/Program Files/Unity/Hub/Editor/2020.3.11f1/Editor/Data/MonoBleedingEdge/etc'
Using monoOptions --debugger-agent=transport=dt_socket,embedding=1,server=y,suspend=n,address=127.0.0.1:56824
Begin MonoManager ReloadAssembly
Registering precompiled unity dll's ...
Register platform support module: C:/Program Files/Unity/Hub/Editor/2020.3.11f1/Editor/Data/PlaybackEngines/WebGLSupport/UnityEditor.WebGL.Extensions.dll
Register platform support module: C:/Program Files/Unity/Hub/Editor/2020.3.11f1/Editor/Data/PlaybackEngines/WindowsStandaloneSupport/UnityEditor.WindowsStandalone.Extensions.dll
Registered in 0.058798 seconds.
Native extension for WindowsStandalone target not found
Native extension for WebGL target not found
Refreshing native plugins compatible for Editor in 122.34 ms, found 2 plugins.
Preloading 0 native plugins for Editor in 0.00 ms.
Mono: successfully reloaded assembly
- Completed reload, in  6.597 seconds
Platform modules already initialized, skipping
Registering precompiled user dll's ...
Registered in 0.013715 seconds.
Begin MonoManager ReloadAssembly
Native extension for WindowsStandalone target not found
Native extension for WebGL target not found
Refreshing native plugins compatible for Editor in 0.83 ms, found 2 plugins.
Preloading 0 native plugins for Editor in 0.00 ms.
Mono: successfully reloaded assembly
- Completed reload, in  6.194 seconds
Platform modules already initialized, skipping
========================================================================
Worker process is ready to serve import requests
Launched and connected shader compiler UnityShaderCompiler.exe after 0.11 seconds
Refreshing native plugins compatible for Editor in 0.56 ms, found 2 plugins.
Preloading 0 native plugins for Editor in 0.00 ms.
Unloading 1391 Unused Serialized files (Serialized files now loaded: 0)
System memory in use before: 65.8 MB.
System memory in use after: 65.9 MB.

Unloading 18 unused Assets to reduce memory usage. Loaded Objects now: 1827.
Total: 3.256500 ms (FindLiveObjects: 0.251500 ms CreateObjectMapping: 0.121600 ms MarkObjects: 2.734200 ms  DeleteObjects: 0.146600 ms)

========================================================================
Received Import Request.
  path: Assets/ThrowObject.cs
  artifactKey: Guid(aea080d27aea25e4eb76e9bdc34a707c) Importer(815301076,1909f56bfc062723c751e8b465ee728b)
Start importing Assets/ThrowObject.cs using Guid(aea080d27aea25e4eb76e9bdc34a707c) Importer(815301076,1909f56bfc062723c751e8b465ee728b)  -> (artifact id: 'ccb0d0428d42bc6e9469bca333a43038') in 0.060880 seconds
  Import took 0.211998 seconds .

AssetImportWorkerClient::OnTransportError - code=2 error=End of file
