Using pre-set license
Built from '2020.3/staging' branch; Version is '2020.3.0f1 (c7b5465681fb) revision 13088070'; Using compiler version '192528614'; Build Type 'Release'
OS: 'Windows 10 Pro; OS build 19042.964; Version 2009; 64bit' Language: 'en' Physical Memory: 8106 MB
BatchMode: 1, IsHumanControllingUs: 0, StartBugReporterOnCrash: 0, Is64bit: 1, IsPro: 0

 COMMAND LINE ARGUMENTS:
C:\Program Files\Unity\Hub\Editor\2020.3.0f1\Editor\Unity.exe
-adb2
-batchMode
-noUpm
-name
AssetImportWorker0
-projectPath
E:/Mapel/Polinema/S6/Komputasi Multimedia/KM_2021/Project/Minggu 12/Praktikum 2
-logFile
Logs/AssetImportWorker0.log
-srvPort
64531
Successfully changed project path to: E:/Mapel/Polinema/S6/Komputasi Multimedia/KM_2021/Project/Minggu 12/Praktikum 2
E:/Mapel/Polinema/S6/Komputasi Multimedia/KM_2021/Project/Minggu 12/Praktikum 2
Using Asset Import Pipeline V2.
Refreshing native plugins compatible for Editor in 62.48 ms, found 0 plugins.
Preloading 0 native plugins for Editor in 0.00 ms.
Initialize engine version: 2020.3.0f1 (c7b5465681fb)
[Subsystems] Discovering subsystems at path C:/Program Files/Unity/Hub/Editor/2020.3.0f1/Editor/Data/Resources/UnitySubsystems
[Subsystems] Discovering subsystems at path E:/Mapel/Polinema/S6/Komputasi Multimedia/KM_2021/Project/Minggu 12/Praktikum 2/Assets
GfxDevice: creating device client; threaded=0
Direct3D:
    Version:  Direct3D 11.0 [level 10.1]
    Renderer: Intel(R) HD Graphics 3000 (ID=0x116)
    Vendor:   
    VRAM:     128 MB
    Driver:   9.17.10.4459
Initialize mono
Mono path[0] = 'C:/Program Files/Unity/Hub/Editor/2020.3.0f1/Editor/Data/Managed'
Mono path[1] = 'C:/Program Files/Unity/Hub/Editor/2020.3.0f1/Editor/Data/MonoBleedingEdge/lib/mono/unityjit'
Mono config path = 'C:/Program Files/Unity/Hub/Editor/2020.3.0f1/Editor/Data/MonoBleedingEdge/etc'
Using monoOptions --debugger-agent=transport=dt_socket,embedding=1,server=y,suspend=n,address=127.0.0.1:56212
Begin MonoManager ReloadAssembly
Registering precompiled unity dll's ...
Register platform support module: C:/Program Files/Unity/Hub/Editor/2020.3.0f1/Editor/Data/PlaybackEngines/WebGLSupport/UnityEditor.WebGL.Extensions.dll
Register platform support module: C:/Program Files/Unity/Hub/Editor/2020.3.0f1/Editor/Data/PlaybackEngines/WindowsStandaloneSupport/UnityEditor.WindowsStandalone.Extensions.dll
Registered in 0.005943 seconds.
Native extension for WindowsStandalone target not found
Native extension for WebGL target not found
Refreshing native plugins compatible for Editor in 58.77 ms, found 0 plugins.
Preloading 0 native plugins for Editor in 0.00 ms.
Invoked RoslynAnalysisRunner static constructor.
RoslynAnalysisRunner will not be running.
RoslynAnalysisRunner has terminated.
Mono: successfully reloaded assembly
- Completed reload, in  5.257 seconds
Platform modules already initialized, skipping
Registering precompiled user dll's ...
Registered in 0.001447 seconds.
Begin MonoManager ReloadAssembly
Native extension for WindowsStandalone target not found
Native extension for WebGL target not found
Refreshing native plugins compatible for Editor in 0.40 ms, found 0 plugins.
Preloading 0 native plugins for Editor in 0.00 ms.
Invoked RoslynAnalysisRunner static constructor.
RoslynAnalysisRunner will not be running.
RoslynAnalysisRunner has terminated.
Mono: successfully reloaded assembly
- Completed reload, in  2.227 seconds
Platform modules already initialized, skipping
========================================================================
Worker process is ready to serve import requests
Launched and connected shader compiler UnityShaderCompiler.exe after 0.09 seconds
Refreshing native plugins compatible for Editor in 0.37 ms, found 0 plugins.
Preloading 0 native plugins for Editor in 0.00 ms.
Unloading 1116 Unused Serialized files (Serialized files now loaded: 0)
System memory in use before: 58.6 MB.
System memory in use after: 58.7 MB.

Unloading 10 unused Assets to reduce memory usage. Loaded Objects now: 1561.
Total: 2.922400 ms (FindLiveObjects: 0.214900 ms CreateObjectMapping: 0.068800 ms MarkObjects: 2.489400 ms  DeleteObjects: 0.147000 ms)

========================================================================
Received Import Request.
  path: Assets/Volume/MusicMixer.mixer
  artifactKey: Guid(1f43720ca57d59241835d2ab68d9e339) Importer(815301076,1909f56bfc062723c751e8b465ee728b)
Start importing Assets/Volume/MusicMixer.mixer using Guid(1f43720ca57d59241835d2ab68d9e339) Importer(815301076,1909f56bfc062723c751e8b465ee728b)  -> (artifact id: '84853103074d5f38886f8f80f8573d7e') in 0.108933 seconds
  Import took 0.112517 seconds .

========================================================================
Received Import Request.
  Time since last request: 0.000434 seconds.
  path: Assets/Volume/MainMixer.mixer
  artifactKey: Guid(2ac8dc4183cf7dd45856c90d4c88d602) Importer(815301076,1909f56bfc062723c751e8b465ee728b)
Start importing Assets/Volume/MainMixer.mixer using Guid(2ac8dc4183cf7dd45856c90d4c88d602) Importer(815301076,1909f56bfc062723c751e8b465ee728b)  -> (artifact id: 'd4d3a9a779e71abe3100d1df2529eaa0') in 0.006302 seconds
  Import took 0.011969 seconds .

========================================================================
Received Import Request.
  Time since last request: 14.918201 seconds.
  path: Assets/Volume/Signal.prefab
  artifactKey: Guid(cb8adc05ca83f0541becc3bbd7fc6aa6) Importer(815301076,1909f56bfc062723c751e8b465ee728b)
Start importing Assets/Volume/Signal.prefab using Guid(cb8adc05ca83f0541becc3bbd7fc6aa6) Importer(815301076,1909f56bfc062723c751e8b465ee728b)  -> (artifact id: '27d0db6ac8fe47e4f40ea219169eb895') in 0.364102 seconds
  Import took 0.369013 seconds .

========================================================================
Received Import Request.
  Time since last request: 327.050346 seconds.
  path: Assets/Volume/VolumeControl.cs
  artifactKey: Guid(bfd1dbf0d7978ae4e8a2c66cdd53901f) Importer(815301076,1909f56bfc062723c751e8b465ee728b)
Start importing Assets/Volume/VolumeControl.cs using Guid(bfd1dbf0d7978ae4e8a2c66cdd53901f) Importer(815301076,1909f56bfc062723c751e8b465ee728b)  -> (artifact id: '055b458bf8b6c3b55ee930c31e608241') in 0.039904 seconds
  Import took 0.046644 seconds .

========================================================================
Received Prepare
Registering precompiled user dll's ...
Registered in 0.002298 seconds.
Begin MonoManager ReloadAssembly
Native extension for WindowsStandalone target not found
Native extension for WebGL target not found
Refreshing native plugins compatible for Editor in 0.45 ms, found 0 plugins.
Preloading 0 native plugins for Editor in 0.00 ms.
Invoked RoslynAnalysisRunner static constructor.
RoslynAnalysisRunner will not be running.
RoslynAnalysisRunner has terminated.
Mono: successfully reloaded assembly
- Completed reload, in  6.758 seconds
Platform modules already initialized, skipping
Refreshing native plugins compatible for Editor in 0.70 ms, found 0 plugins.
Preloading 0 native plugins for Editor in 0.00 ms.
Unloading 1112 Unused Serialized files (Serialized files now loaded: 0)
System memory in use before: 61.7 MB.
System memory in use after: 61.8 MB.

Unloading 5 unused Assets to reduce memory usage. Loaded Objects now: 1572.
Total: 4.084300 ms (FindLiveObjects: 0.306300 ms CreateObjectMapping: 0.089300 ms MarkObjects: 3.569900 ms  DeleteObjects: 0.115800 ms)

========================================================================
Received Prepare
Registering precompiled user dll's ...
Registered in 0.001957 seconds.
Begin MonoManager ReloadAssembly
Native extension for WindowsStandalone target not found
Native extension for WebGL target not found
Refreshing native plugins compatible for Editor in 0.41 ms, found 0 plugins.
Preloading 0 native plugins for Editor in 0.00 ms.
Invoked RoslynAnalysisRunner static constructor.
RoslynAnalysisRunner will not be running.
RoslynAnalysisRunner has terminated.
Mono: successfully reloaded assembly
- Completed reload, in  2.881 seconds
Platform modules already initialized, skipping
Refreshing native plugins compatible for Editor in 0.50 ms, found 0 plugins.
Preloading 0 native plugins for Editor in 0.00 ms.
Unloading 1112 Unused Serialized files (Serialized files now loaded: 0)
System memory in use before: 61.8 MB.
System memory in use after: 61.8 MB.

Unloading 5 unused Assets to reduce memory usage. Loaded Objects now: 1575.
Total: 6.693300 ms (FindLiveObjects: 0.955700 ms CreateObjectMapping: 0.167200 ms MarkObjects: 5.410000 ms  DeleteObjects: 0.156600 ms)

========================================================================
Received Import Request.
  Time since last request: 117.666119 seconds.
  path: Assets/Volume/VolumeControl.cs
  artifactKey: Guid(bfd1dbf0d7978ae4e8a2c66cdd53901f) Importer(815301076,1909f56bfc062723c751e8b465ee728b)
Start importing Assets/Volume/VolumeControl.cs using Guid(bfd1dbf0d7978ae4e8a2c66cdd53901f) Importer(815301076,1909f56bfc062723c751e8b465ee728b)  -> (artifact id: '3a4cc71ff2c5f8803a943e6c8b37d0e4') in 0.024918 seconds
  Import took 0.045279 seconds .

========================================================================
Received Prepare
Registering precompiled user dll's ...
Registered in 0.001361 seconds.
Begin MonoManager ReloadAssembly
Native extension for WindowsStandalone target not found
Native extension for WebGL target not found
Refreshing native plugins compatible for Editor in 0.64 ms, found 0 plugins.
Preloading 0 native plugins for Editor in 0.00 ms.
Invoked RoslynAnalysisRunner static constructor.
RoslynAnalysisRunner will not be running.
RoslynAnalysisRunner has terminated.
Mono: successfully reloaded assembly
- Completed reload, in  3.007 seconds
Platform modules already initialized, skipping
Refreshing native plugins compatible for Editor in 0.62 ms, found 0 plugins.
Preloading 0 native plugins for Editor in 0.00 ms.
Unloading 1112 Unused Serialized files (Serialized files now loaded: 0)
System memory in use before: 61.8 MB.
System memory in use after: 61.9 MB.

Unloading 5 unused Assets to reduce memory usage. Loaded Objects now: 1578.
Total: 5.190200 ms (FindLiveObjects: 0.470800 ms CreateObjectMapping: 0.190900 ms MarkObjects: 4.357200 ms  DeleteObjects: 0.167100 ms)

========================================================================
Received Import Request.
  Time since last request: 838.018466 seconds.
  path: Assets/Volume/MainMixer.mixer
  artifactKey: Guid(2ac8dc4183cf7dd45856c90d4c88d602) Importer(815301076,1909f56bfc062723c751e8b465ee728b)
Start importing Assets/Volume/MainMixer.mixer using Guid(2ac8dc4183cf7dd45856c90d4c88d602) Importer(815301076,1909f56bfc062723c751e8b465ee728b)  -> (artifact id: '91b138192e5df6e3e195b06617623de8') in 0.043689 seconds
  Import took 0.049903 seconds .

AssetImportWorkerClient::OnTransportError - code=2 error=End of file
