Using pre-set license
Built from '2020.3/staging' branch; Version is '2020.3.0f1 (c7b5465681fb) revision 13088070'; Using compiler version '192528614'; Build Type 'Release'
OS: 'Windows 10 Pro; OS build 19042.964; Version 2009; 64bit' Language: 'en' Physical Memory: 8106 MB
BatchMode: 1, IsHumanControllingUs: 0, StartBugReporterOnCrash: 0, Is64bit: 1, IsPro: 0

 COMMAND LINE ARGUMENTS:
C:\Program Files\Unity\Hub\Editor\2020.3.0f1\Editor\Unity.exe
-adb2
-batchMode
-noUpm
-name
AssetImportWorker0
-projectPath
E:/Mapel/Polinema/S6/Komputasi Multimedia/KM_2021/Project/Minggu 12/Praktikum 2
-logFile
Logs/AssetImportWorker0.log
-srvPort
64342
Successfully changed project path to: E:/Mapel/Polinema/S6/Komputasi Multimedia/KM_2021/Project/Minggu 12/Praktikum 2
E:/Mapel/Polinema/S6/Komputasi Multimedia/KM_2021/Project/Minggu 12/Praktikum 2
Using Asset Import Pipeline V2.
Refreshing native plugins compatible for Editor in 56.16 ms, found 0 plugins.
Preloading 0 native plugins for Editor in 0.00 ms.
Initialize engine version: 2020.3.0f1 (c7b5465681fb)
[Subsystems] Discovering subsystems at path C:/Program Files/Unity/Hub/Editor/2020.3.0f1/Editor/Data/Resources/UnitySubsystems
[Subsystems] Discovering subsystems at path E:/Mapel/Polinema/S6/Komputasi Multimedia/KM_2021/Project/Minggu 12/Praktikum 2/Assets
GfxDevice: creating device client; threaded=0
Direct3D:
    Version:  Direct3D 11.0 [level 10.1]
    Renderer: Intel(R) HD Graphics 3000 (ID=0x116)
    Vendor:   
    VRAM:     128 MB
    Driver:   9.17.10.4459
Initialize mono
Mono path[0] = 'C:/Program Files/Unity/Hub/Editor/2020.3.0f1/Editor/Data/Managed'
Mono path[1] = 'C:/Program Files/Unity/Hub/Editor/2020.3.0f1/Editor/Data/MonoBleedingEdge/lib/mono/unityjit'
Mono config path = 'C:/Program Files/Unity/Hub/Editor/2020.3.0f1/Editor/Data/MonoBleedingEdge/etc'
Using monoOptions --debugger-agent=transport=dt_socket,embedding=1,server=y,suspend=n,address=127.0.0.1:56032
Begin MonoManager ReloadAssembly
Registering precompiled unity dll's ...
Register platform support module: C:/Program Files/Unity/Hub/Editor/2020.3.0f1/Editor/Data/PlaybackEngines/WebGLSupport/UnityEditor.WebGL.Extensions.dll
Register platform support module: C:/Program Files/Unity/Hub/Editor/2020.3.0f1/Editor/Data/PlaybackEngines/WindowsStandaloneSupport/UnityEditor.WindowsStandalone.Extensions.dll
Registered in 0.005633 seconds.
Native extension for WindowsStandalone target not found
Native extension for WebGL target not found
Refreshing native plugins compatible for Editor in 52.10 ms, found 0 plugins.
Preloading 0 native plugins for Editor in 0.00 ms.
Invoked RoslynAnalysisRunner static constructor.
RoslynAnalysisRunner will not be running.
RoslynAnalysisRunner has terminated.
Mono: successfully reloaded assembly
- Completed reload, in  4.508 seconds
Platform modules already initialized, skipping
Registering precompiled user dll's ...
Registered in 0.001389 seconds.
Begin MonoManager ReloadAssembly
Native extension for WindowsStandalone target not found
Native extension for WebGL target not found
Refreshing native plugins compatible for Editor in 0.46 ms, found 0 plugins.
Preloading 0 native plugins for Editor in 0.00 ms.
Invoked RoslynAnalysisRunner static constructor.
RoslynAnalysisRunner will not be running.
RoslynAnalysisRunner has terminated.
Mono: successfully reloaded assembly
- Completed reload, in  3.537 seconds
Platform modules already initialized, skipping
========================================================================
Worker process is ready to serve import requests
Launched and connected shader compiler UnityShaderCompiler.exe after 0.20 seconds
Refreshing native plugins compatible for Editor in 0.52 ms, found 0 plugins.
Preloading 0 native plugins for Editor in 0.00 ms.
Unloading 1116 Unused Serialized files (Serialized files now loaded: 0)
System memory in use before: 57.4 MB.
System memory in use after: 57.4 MB.

Unloading 10 unused Assets to reduce memory usage. Loaded Objects now: 1558.
Total: 4.254700 ms (FindLiveObjects: 0.307400 ms CreateObjectMapping: 0.095200 ms MarkObjects: 3.648000 ms  DeleteObjects: 0.200800 ms)

========================================================================
Received Import Request.
  path: Assets/Scenes
  artifactKey: Guid(69769fddb7a64ec4a8abca10fecaf5d6) Importer(815301076,1909f56bfc062723c751e8b465ee728b)
Start importing Assets/Scenes using Guid(69769fddb7a64ec4a8abca10fecaf5d6) Importer(815301076,1909f56bfc062723c751e8b465ee728b)  -> (artifact id: '7aad55d5bbe44437ddfc965a29e3265c') in 0.057528 seconds
  Import took 0.062213 seconds .

========================================================================
Received Import Request.
  Time since last request: 7.587404 seconds.
  path: Assets/Standard Assets
  artifactKey: Guid(6301ebb18ad6b684c80f844ebd34eeb9) Importer(815301076,1909f56bfc062723c751e8b465ee728b)
Start importing Assets/Standard Assets using Guid(6301ebb18ad6b684c80f844ebd34eeb9) Importer(815301076,1909f56bfc062723c751e8b465ee728b)  -> (artifact id: '9a1d93bbcfb0c68aea23143115f3f671') in 0.028230 seconds
  Import took 0.033775 seconds .

========================================================================
Received Import Request.
  Time since last request: 2.005001 seconds.
  path: Assets/Volume
  artifactKey: Guid(c80de3e62e1e3804a825e16b5f8e2b44) Importer(815301076,1909f56bfc062723c751e8b465ee728b)
Start importing Assets/Volume using Guid(c80de3e62e1e3804a825e16b5f8e2b44) Importer(815301076,1909f56bfc062723c751e8b465ee728b)  -> (artifact id: 'eaced67006aa660f8a6c3bafd5425eea') in 0.031139 seconds
  Import took 0.035848 seconds .

========================================================================
Received Import Request.
  Time since last request: 0.138750 seconds.
  path: Assets/Volume/robotDucking.mp3
  artifactKey: Guid(0bdc1ca67230dda4f84a29183eb1f8e7) Importer(815301076,1909f56bfc062723c751e8b465ee728b)
Start importing Assets/Volume/robotDucking.mp3 using Guid(0bdc1ca67230dda4f84a29183eb1f8e7) Importer(815301076,1909f56bfc062723c751e8b465ee728b)  -> (artifact id: '9ae08f04b04357a4d72e4202d2390309') in 0.274264 seconds
  Import took 0.279071 seconds .

========================================================================
Received Import Request.
  Time since last request: 0.000441 seconds.
  path: Assets/Volume/SkyboxAudio.mat
  artifactKey: Guid(af789938d6187da45a22912cada76ce0) Importer(815301076,1909f56bfc062723c751e8b465ee728b)
Start importing Assets/Volume/SkyboxAudio.mat using Guid(af789938d6187da45a22912cada76ce0) Importer(815301076,1909f56bfc062723c751e8b465ee728b)  -> (artifact id: '496596e086921faec9bc746505b02612') in 0.137975 seconds
  Import took 0.143448 seconds .

========================================================================
Received Import Request.
  Time since last request: 0.000451 seconds.
  path: Assets/Volume/Trigger.mat
  artifactKey: Guid(603b8af642ceafb43b40a8543c147754) Importer(815301076,1909f56bfc062723c751e8b465ee728b)
Start importing Assets/Volume/Trigger.mat using Guid(603b8af642ceafb43b40a8543c147754) Importer(815301076,1909f56bfc062723c751e8b465ee728b)  -> (artifact id: 'f98beaad2d9bf3fd66142264498a09bc') in 0.750849 seconds
  Import took 0.755500 seconds .

========================================================================
Received Import Request.
  Time since last request: 0.000382 seconds.
  path: Assets/Volume/Signal.prefab
  artifactKey: Guid(cb8adc05ca83f0541becc3bbd7fc6aa6) Importer(815301076,1909f56bfc062723c751e8b465ee728b)
Start importing Assets/Volume/Signal.prefab using Guid(cb8adc05ca83f0541becc3bbd7fc6aa6) Importer(815301076,1909f56bfc062723c751e8b465ee728b)  -> (artifact id: '4c9fbf9dea4d440dbb1eea77c4654bd7') in 0.805464 seconds
  Import took 0.808805 seconds .

========================================================================
Received Import Request.
  Time since last request: 0.000406 seconds.
  path: Assets/Volume/signalSound.wav
  artifactKey: Guid(f64e6574785f08546a9aa5760cfe6448) Importer(815301076,1909f56bfc062723c751e8b465ee728b)
Start importing Assets/Volume/signalSound.wav using Guid(f64e6574785f08546a9aa5760cfe6448) Importer(815301076,1909f56bfc062723c751e8b465ee728b)  -> (artifact id: '9c2aeb7614e21da966e89ba52b194db3') in 0.033329 seconds
  Import took 0.038331 seconds .

========================================================================
Received Import Request.
  Time since last request: 0.000365 seconds.
  path: Assets/Volume/tunnel.FBX
  artifactKey: Guid(f29af4b16eeedcf4eaefe6c69a863cbf) Importer(815301076,1909f56bfc062723c751e8b465ee728b)
Start importing Assets/Volume/tunnel.FBX using Guid(f29af4b16eeedcf4eaefe6c69a863cbf) Importer(815301076,1909f56bfc062723c751e8b465ee728b)  -> (artifact id: '928a619dbf37a23bb8ebe5cc3fc4082e') in 1.609918 seconds
  Import took 1.615100 seconds .

========================================================================
Received Import Request.
  Time since last request: 0.000452 seconds.
  path: Assets/Volume/signalModel.FBX
  artifactKey: Guid(444d5fd05b458f049b6262848c620963) Importer(815301076,1909f56bfc062723c751e8b465ee728b)
Start importing Assets/Volume/signalModel.FBX using Guid(444d5fd05b458f049b6262848c620963) Importer(815301076,1909f56bfc062723c751e8b465ee728b)  -> (artifact id: '1ab68b6bfbea5b69210f3ab737206360') in 0.098868 seconds
  Import took 0.103837 seconds .

========================================================================
Received Import Request.
  Time since last request: 0.001032 seconds.
  path: Assets/Volume/soundtrack.mp3
  artifactKey: Guid(f5c9f5c4031a2e943a1e220f76da24d2) Importer(815301076,1909f56bfc062723c751e8b465ee728b)
Start importing Assets/Volume/soundtrack.mp3 using Guid(f5c9f5c4031a2e943a1e220f76da24d2) Importer(815301076,1909f56bfc062723c751e8b465ee728b)  -> (artifact id: '9c3304f2b4b107987063659fe1ace9c0') in 0.048882 seconds
  Import took 0.053956 seconds .

========================================================================
Received Import Request.
  Time since last request: 0.000438 seconds.
  path: Assets/Volume/signalModel.FBX
  artifactKey: Guid(444d5fd05b458f049b6262848c620963) Importer(815301076,1909f56bfc062723c751e8b465ee728b)
Start importing Assets/Volume/signalModel.FBX using Guid(444d5fd05b458f049b6262848c620963) Importer(815301076,1909f56bfc062723c751e8b465ee728b)  -> (artifact id: '1ab68b6bfbea5b69210f3ab737206360') in 0.055953 seconds
  Import took 0.064692 seconds .

========================================================================
Received Import Request.
  Time since last request: 2.390024 seconds.
  path: Assets/Volume/Volume.unity
  artifactKey: Guid(4cf0bd57e7aebba4697a041128836d24) Importer(815301076,1909f56bfc062723c751e8b465ee728b)
Start importing Assets/Volume/Volume.unity using Guid(4cf0bd57e7aebba4697a041128836d24) Importer(815301076,1909f56bfc062723c751e8b465ee728b)  -> (artifact id: '3134e52022f433c7ff8da90c32b59c7c') in 0.021121 seconds
  Import took 0.027588 seconds .

========================================================================
Received Prepare
Registering precompiled user dll's ...
Registered in 0.001727 seconds.
Begin MonoManager ReloadAssembly
Native extension for WindowsStandalone target not found
Native extension for WebGL target not found
Refreshing native plugins compatible for Editor in 0.86 ms, found 0 plugins.
Preloading 0 native plugins for Editor in 0.00 ms.
Invoked RoslynAnalysisRunner static constructor.
RoslynAnalysisRunner will not be running.
RoslynAnalysisRunner has terminated.
Mono: successfully reloaded assembly
- Completed reload, in  2.720 seconds
Platform modules already initialized, skipping
Refreshing native plugins compatible for Editor in 0.57 ms, found 0 plugins.
Preloading 0 native plugins for Editor in 0.00 ms.
Unloading 1111 Unused Serialized files (Serialized files now loaded: 0)
System memory in use before: 61.4 MB.
System memory in use after: 61.4 MB.

Unloading 5 unused Assets to reduce memory usage. Loaded Objects now: 1607.
Total: 6.791400 ms (FindLiveObjects: 0.439700 ms CreateObjectMapping: 0.134900 ms MarkObjects: 6.015700 ms  DeleteObjects: 0.196700 ms)

========================================================================
Received Prepare
Registering precompiled user dll's ...
Registered in 0.002678 seconds.
Begin MonoManager ReloadAssembly
Native extension for WindowsStandalone target not found
Native extension for WebGL target not found
Refreshing native plugins compatible for Editor in 0.66 ms, found 0 plugins.
Preloading 0 native plugins for Editor in 0.00 ms.
Invoked RoslynAnalysisRunner static constructor.
RoslynAnalysisRunner will not be running.
RoslynAnalysisRunner has terminated.
Mono: successfully reloaded assembly
- Completed reload, in  6.275 seconds
Platform modules already initialized, skipping
Refreshing native plugins compatible for Editor in 0.65 ms, found 0 plugins.
Preloading 0 native plugins for Editor in 0.00 ms.
Unloading 1111 Unused Serialized files (Serialized files now loaded: 0)
System memory in use before: 61.4 MB.
System memory in use after: 61.4 MB.

Unloading 5 unused Assets to reduce memory usage. Loaded Objects now: 1610.
Total: 7.039300 ms (FindLiveObjects: 0.430700 ms CreateObjectMapping: 0.150400 ms MarkObjects: 6.109000 ms  DeleteObjects: 0.345600 ms)

========================================================================
Received Import Request.
  Time since last request: 356.951588 seconds.
  path: Assets/Volume/MainMixer.mixer
  artifactKey: Guid(2ac8dc4183cf7dd45856c90d4c88d602) Importer(815301076,1909f56bfc062723c751e8b465ee728b)
Start importing Assets/Volume/MainMixer.mixer using Guid(2ac8dc4183cf7dd45856c90d4c88d602) Importer(815301076,1909f56bfc062723c751e8b465ee728b)  -> (artifact id: '3bf3afdae33d9f72053b2a9e03dec6a2') in 0.045208 seconds
  Import took 0.049850 seconds .

========================================================================
Received Import Request.
  Time since last request: 0.025151 seconds.
  path: Assets/Volume/MainMixer.mixer
  artifactKey: Guid(2ac8dc4183cf7dd45856c90d4c88d602) Importer(815301076,1909f56bfc062723c751e8b465ee728b)
Start importing Assets/Volume/MainMixer.mixer using Guid(2ac8dc4183cf7dd45856c90d4c88d602) Importer(815301076,1909f56bfc062723c751e8b465ee728b)  -> (artifact id: '3bf3afdae33d9f72053b2a9e03dec6a2') in 0.005828 seconds
  Import took 0.010575 seconds .

========================================================================
Received Import Request.
  Time since last request: 105.318004 seconds.
  path: Assets/Volume/MainMixer.mixer
  artifactKey: Guid(2ac8dc4183cf7dd45856c90d4c88d602) Importer(815301076,1909f56bfc062723c751e8b465ee728b)
Start importing Assets/Volume/MainMixer.mixer using Guid(2ac8dc4183cf7dd45856c90d4c88d602) Importer(815301076,1909f56bfc062723c751e8b465ee728b)  -> (artifact id: '3c5ca32ddcf81da44fac0353d5f3c6c1') in 0.006098 seconds
  Import took 0.011315 seconds .

========================================================================
Received Import Request.
  Time since last request: 0.026874 seconds.
  path: Assets/Volume/MainMixer.mixer
  artifactKey: Guid(2ac8dc4183cf7dd45856c90d4c88d602) Importer(815301076,1909f56bfc062723c751e8b465ee728b)
Start importing Assets/Volume/MainMixer.mixer using Guid(2ac8dc4183cf7dd45856c90d4c88d602) Importer(815301076,1909f56bfc062723c751e8b465ee728b)  -> (artifact id: '3c5ca32ddcf81da44fac0353d5f3c6c1') in 0.005939 seconds
  Import took 0.011895 seconds .

========================================================================
Received Import Request.
  Time since last request: 12.914878 seconds.
  path: Assets/Volume/MainMixer.mixer
  artifactKey: Guid(2ac8dc4183cf7dd45856c90d4c88d602) Importer(815301076,1909f56bfc062723c751e8b465ee728b)
Start importing Assets/Volume/MainMixer.mixer using Guid(2ac8dc4183cf7dd45856c90d4c88d602) Importer(815301076,1909f56bfc062723c751e8b465ee728b)  -> (artifact id: '4061eb16ba0140d05064c8aa5f73578e') in 0.007324 seconds
  Import took 0.012764 seconds .

========================================================================
Received Import Request.
  Time since last request: 3.288533 seconds.
  path: Assets/Volume/MainMixer.mixer
  artifactKey: Guid(2ac8dc4183cf7dd45856c90d4c88d602) Importer(815301076,1909f56bfc062723c751e8b465ee728b)
Start importing Assets/Volume/MainMixer.mixer using Guid(2ac8dc4183cf7dd45856c90d4c88d602) Importer(815301076,1909f56bfc062723c751e8b465ee728b)  -> (artifact id: '8a3733b1745f163f9d16c684c0d5b93e') in 0.006958 seconds
  Import took 0.011844 seconds .

========================================================================
Received Import Request.
  Time since last request: 0.027739 seconds.
  path: Assets/Volume/MainMixer.mixer
  artifactKey: Guid(2ac8dc4183cf7dd45856c90d4c88d602) Importer(815301076,1909f56bfc062723c751e8b465ee728b)
Start importing Assets/Volume/MainMixer.mixer using Guid(2ac8dc4183cf7dd45856c90d4c88d602) Importer(815301076,1909f56bfc062723c751e8b465ee728b)  -> (artifact id: '8a3733b1745f163f9d16c684c0d5b93e') in 0.006403 seconds
  Import took 0.011535 seconds .

========================================================================
Received Import Request.
  Time since last request: 2.225882 seconds.
  path: Assets/Volume/MainMixer.mixer
  artifactKey: Guid(2ac8dc4183cf7dd45856c90d4c88d602) Importer(815301076,1909f56bfc062723c751e8b465ee728b)
Start importing Assets/Volume/MainMixer.mixer using Guid(2ac8dc4183cf7dd45856c90d4c88d602) Importer(815301076,1909f56bfc062723c751e8b465ee728b)  -> (artifact id: 'c87493840d8250ef9bb95238fc573c64') in 0.006792 seconds
  Import took 0.011227 seconds .

========================================================================
Received Import Request.
  Time since last request: 77.110887 seconds.
  path: Assets/Volume/MusicMixer.mixer
  artifactKey: Guid(1f43720ca57d59241835d2ab68d9e339) Importer(815301076,1909f56bfc062723c751e8b465ee728b)
Start importing Assets/Volume/MusicMixer.mixer using Guid(1f43720ca57d59241835d2ab68d9e339) Importer(815301076,1909f56bfc062723c751e8b465ee728b)  -> (artifact id: 'a9d03d7a5d88147a02b95a5c7111fb31') in 0.015976 seconds
  Import took 0.019429 seconds .

========================================================================
Received Import Request.
  Time since last request: 64.679622 seconds.
  path: Assets/Volume/FXMixer.mixer
  artifactKey: Guid(7adec6d2f12ef594c936f86beb917f8f) Importer(815301076,1909f56bfc062723c751e8b465ee728b)
Start importing Assets/Volume/FXMixer.mixer using Guid(7adec6d2f12ef594c936f86beb917f8f) Importer(815301076,1909f56bfc062723c751e8b465ee728b)  -> (artifact id: '4bb048e7ce4077919c815b0cd7499a8d') in 0.016928 seconds
  Import took 0.021356 seconds .

========================================================================
Received Import Request.
  Time since last request: 115.172468 seconds.
  path: Assets/Volume/MusicMixer.mixer
  artifactKey: Guid(1f43720ca57d59241835d2ab68d9e339) Importer(815301076,1909f56bfc062723c751e8b465ee728b)
Start importing Assets/Volume/MusicMixer.mixer using Guid(1f43720ca57d59241835d2ab68d9e339) Importer(815301076,1909f56bfc062723c751e8b465ee728b)  -> (artifact id: '33ad1980e45569d25b457e905d0fcdc6') in 0.005418 seconds
  Import took 0.009459 seconds .

========================================================================
Received Import Request.
  Time since last request: 0.036304 seconds.
  path: Assets/Volume/MusicMixer.mixer
  artifactKey: Guid(1f43720ca57d59241835d2ab68d9e339) Importer(815301076,1909f56bfc062723c751e8b465ee728b)
Start importing Assets/Volume/MusicMixer.mixer using Guid(1f43720ca57d59241835d2ab68d9e339) Importer(815301076,1909f56bfc062723c751e8b465ee728b)  -> (artifact id: '33ad1980e45569d25b457e905d0fcdc6') in 0.005372 seconds
  Import took 0.009335 seconds .

========================================================================
Received Import Request.
  Time since last request: 4.225720 seconds.
  path: Assets/Volume/MusicMixer.mixer
  artifactKey: Guid(1f43720ca57d59241835d2ab68d9e339) Importer(815301076,1909f56bfc062723c751e8b465ee728b)
Start importing Assets/Volume/MusicMixer.mixer using Guid(1f43720ca57d59241835d2ab68d9e339) Importer(815301076,1909f56bfc062723c751e8b465ee728b)  -> (artifact id: '1cb192539c66215ffe994c6eddcde12b') in 0.006630 seconds
  Import took 0.013324 seconds .

========================================================================
Received Import Request.
  Time since last request: 16.849142 seconds.
  path: Assets/Volume/FXMixer.mixer
  artifactKey: Guid(7adec6d2f12ef594c936f86beb917f8f) Importer(815301076,1909f56bfc062723c751e8b465ee728b)
Start importing Assets/Volume/FXMixer.mixer using Guid(7adec6d2f12ef594c936f86beb917f8f) Importer(815301076,1909f56bfc062723c751e8b465ee728b)  -> (artifact id: '5072b6af4ea71c8bf0966ed7dc423756') in 0.006190 seconds
  Import took 0.010345 seconds .

========================================================================
Received Import Request.
  Time since last request: 0.026818 seconds.
  path: Assets/Volume/FXMixer.mixer
  artifactKey: Guid(7adec6d2f12ef594c936f86beb917f8f) Importer(815301076,1909f56bfc062723c751e8b465ee728b)
Start importing Assets/Volume/FXMixer.mixer using Guid(7adec6d2f12ef594c936f86beb917f8f) Importer(815301076,1909f56bfc062723c751e8b465ee728b)  -> (artifact id: '5072b6af4ea71c8bf0966ed7dc423756') in 0.006324 seconds
  Import took 0.011720 seconds .

========================================================================
Received Import Request.
  Time since last request: 3.202170 seconds.
  path: Assets/Volume/FXMixer.mixer
  artifactKey: Guid(7adec6d2f12ef594c936f86beb917f8f) Importer(815301076,1909f56bfc062723c751e8b465ee728b)
Start importing Assets/Volume/FXMixer.mixer using Guid(7adec6d2f12ef594c936f86beb917f8f) Importer(815301076,1909f56bfc062723c751e8b465ee728b)  -> (artifact id: 'd68df55669ab9c3dfee0233d16ef5a48') in 0.006697 seconds
  Import took 0.012277 seconds .

========================================================================
Received Import Request.
  Time since last request: 1.475825 seconds.
  path: Assets/Volume/FXMixer.mixer
  artifactKey: Guid(7adec6d2f12ef594c936f86beb917f8f) Importer(815301076,1909f56bfc062723c751e8b465ee728b)
Start importing Assets/Volume/FXMixer.mixer using Guid(7adec6d2f12ef594c936f86beb917f8f) Importer(815301076,1909f56bfc062723c751e8b465ee728b)  -> (artifact id: '145754388a1dd1ac3fb2022ef0fd217c') in 0.006208 seconds
  Import took 0.010291 seconds .

========================================================================
Received Import Request.
  Time since last request: 0.026727 seconds.
  path: Assets/Volume/FXMixer.mixer
  artifactKey: Guid(7adec6d2f12ef594c936f86beb917f8f) Importer(815301076,1909f56bfc062723c751e8b465ee728b)
Start importing Assets/Volume/FXMixer.mixer using Guid(7adec6d2f12ef594c936f86beb917f8f) Importer(815301076,1909f56bfc062723c751e8b465ee728b)  -> (artifact id: '145754388a1dd1ac3fb2022ef0fd217c') in 0.005396 seconds
  Import took 0.009101 seconds .

========================================================================
Received Import Request.
  Time since last request: 3.247018 seconds.
  path: Assets/Volume/FXMixer.mixer
  artifactKey: Guid(7adec6d2f12ef594c936f86beb917f8f) Importer(815301076,1909f56bfc062723c751e8b465ee728b)
Start importing Assets/Volume/FXMixer.mixer using Guid(7adec6d2f12ef594c936f86beb917f8f) Importer(815301076,1909f56bfc062723c751e8b465ee728b)  -> (artifact id: '0e7b9cdad2eb856e1528c5e8552aa367') in 0.006881 seconds
  Import took 0.012585 seconds .

========================================================================
Received Import Request.
  Time since last request: 6.536399 seconds.
  path: Assets/Volume/FXMixer.mixer
  artifactKey: Guid(7adec6d2f12ef594c936f86beb917f8f) Importer(815301076,1909f56bfc062723c751e8b465ee728b)
Start importing Assets/Volume/FXMixer.mixer using Guid(7adec6d2f12ef594c936f86beb917f8f) Importer(815301076,1909f56bfc062723c751e8b465ee728b)  -> (artifact id: '7fad609e5b4560b38e95921e7fcb6546') in 0.006233 seconds
  Import took 0.009762 seconds .

========================================================================
Received Import Request.
  Time since last request: 0.027264 seconds.
  path: Assets/Volume/FXMixer.mixer
  artifactKey: Guid(7adec6d2f12ef594c936f86beb917f8f) Importer(815301076,1909f56bfc062723c751e8b465ee728b)
Start importing Assets/Volume/FXMixer.mixer using Guid(7adec6d2f12ef594c936f86beb917f8f) Importer(815301076,1909f56bfc062723c751e8b465ee728b)  -> (artifact id: '7fad609e5b4560b38e95921e7fcb6546') in 0.005939 seconds
  Import took 0.009569 seconds .

========================================================================
Received Import Request.
  Time since last request: 3.221389 seconds.
  path: Assets/Volume/FXMixer.mixer
  artifactKey: Guid(7adec6d2f12ef594c936f86beb917f8f) Importer(815301076,1909f56bfc062723c751e8b465ee728b)
Start importing Assets/Volume/FXMixer.mixer using Guid(7adec6d2f12ef594c936f86beb917f8f) Importer(815301076,1909f56bfc062723c751e8b465ee728b)  -> (artifact id: '991cdd87755c3cc078e7b0f78974a6af') in 0.006264 seconds
  Import took 0.234758 seconds .

========================================================================
Received Import Request.
  Time since last request: 71.014030 seconds.
  path: Assets/Volume/FXMixer.mixer
  artifactKey: Guid(7adec6d2f12ef594c936f86beb917f8f) Importer(815301076,1909f56bfc062723c751e8b465ee728b)
Start importing Assets/Volume/FXMixer.mixer using Guid(7adec6d2f12ef594c936f86beb917f8f) Importer(815301076,1909f56bfc062723c751e8b465ee728b)  -> (artifact id: 'f684496225dd23e4c3b3831e18829f3d') in 0.008114 seconds
  Import took 0.015307 seconds .

AssetImportWorkerClient::OnTransportError - code=2 error=End of file
