Using pre-set license
Built from '2020.3/staging' branch; Version is '2020.3.0f1 (c7b5465681fb) revision 13088070'; Using compiler version '192528614'; Build Type 'Release'
OS: 'Windows 10 Pro; OS build 19042.870; Version 2009; 64bit' Language: 'en' Physical Memory: 8106 MB
BatchMode: 1, IsHumanControllingUs: 0, StartBugReporterOnCrash: 0, Is64bit: 1, IsPro: 0

 COMMAND LINE ARGUMENTS:
C:\Program Files\Unity\Hub\Editor\2020.3.0f1\Editor\Unity.exe
-adb2
-batchMode
-noUpm
-name
AssetImportWorker0
-projectPath
E:/Mapel/Polinema/S6/Komputasi Multimedia/Project/Minggu 07/Praktikum 3
-logFile
Logs/AssetImportWorker0.log
-srvPort
59091
Successfully changed project path to: E:/Mapel/Polinema/S6/Komputasi Multimedia/Project/Minggu 07/Praktikum 3
E:/Mapel/Polinema/S6/Komputasi Multimedia/Project/Minggu 07/Praktikum 3
Using Asset Import Pipeline V2.
Refreshing native plugins compatible for Editor in 62.40 ms, found 0 plugins.
Preloading 0 native plugins for Editor in 0.00 ms.
Initialize engine version: 2020.3.0f1 (c7b5465681fb)
[Subsystems] Discovering subsystems at path C:/Program Files/Unity/Hub/Editor/2020.3.0f1/Editor/Data/Resources/UnitySubsystems
[Subsystems] Discovering subsystems at path E:/Mapel/Polinema/S6/Komputasi Multimedia/Project/Minggu 07/Praktikum 3/Assets
GfxDevice: creating device client; threaded=0
Direct3D:
    Version:  Direct3D 11.0 [level 10.1]
    Renderer: Intel(R) HD Graphics 3000 (ID=0x116)
    Vendor:   
    VRAM:     128 MB
    Driver:   9.17.10.4459
Initialize mono
Mono path[0] = 'C:/Program Files/Unity/Hub/Editor/2020.3.0f1/Editor/Data/Managed'
Mono path[1] = 'C:/Program Files/Unity/Hub/Editor/2020.3.0f1/Editor/Data/MonoBleedingEdge/lib/mono/unityjit'
Mono config path = 'C:/Program Files/Unity/Hub/Editor/2020.3.0f1/Editor/Data/MonoBleedingEdge/etc'
Using monoOptions --debugger-agent=transport=dt_socket,embedding=1,server=y,suspend=n,address=127.0.0.1:56784
Begin MonoManager ReloadAssembly
Registering precompiled unity dll's ...
Register platform support module: C:/Program Files/Unity/Hub/Editor/2020.3.0f1/Editor/Data/PlaybackEngines/WebGLSupport/UnityEditor.WebGL.Extensions.dll
Register platform support module: C:/Program Files/Unity/Hub/Editor/2020.3.0f1/Editor/Data/PlaybackEngines/WindowsStandaloneSupport/UnityEditor.WindowsStandalone.Extensions.dll
Registered in 0.005605 seconds.
Native extension for WindowsStandalone target not found
Native extension for WebGL target not found
Refreshing native plugins compatible for Editor in 79.28 ms, found 0 plugins.
Preloading 0 native plugins for Editor in 0.00 ms.
Invoked RoslynAnalysisRunner static constructor.
RoslynAnalysisRunner will not be running.
RoslynAnalysisRunner has terminated.
Mono: successfully reloaded assembly
- Completed reload, in  8.750 seconds
Platform modules already initialized, skipping
Registering precompiled user dll's ...
Registered in 0.003162 seconds.
Begin MonoManager ReloadAssembly
Native extension for WindowsStandalone target not found
Native extension for WebGL target not found
Refreshing native plugins compatible for Editor in 0.43 ms, found 0 plugins.
Preloading 0 native plugins for Editor in 0.00 ms.
Invoked RoslynAnalysisRunner static constructor.
RoslynAnalysisRunner will not be running.
RoslynAnalysisRunner has terminated.
Mono: successfully reloaded assembly
- Completed reload, in  3.291 seconds
Platform modules already initialized, skipping
========================================================================
Worker process is ready to serve import requests
Launched and connected shader compiler UnityShaderCompiler.exe after 0.21 seconds
Refreshing native plugins compatible for Editor in 0.45 ms, found 0 plugins.
Preloading 0 native plugins for Editor in 0.00 ms.
Unloading 1124 Unused Serialized files (Serialized files now loaded: 0)
System memory in use before: 57.2 MB.
System memory in use after: 57.3 MB.

Unloading 10 unused Assets to reduce memory usage. Loaded Objects now: 1566.
Total: 3.679400 ms (FindLiveObjects: 0.237400 ms CreateObjectMapping: 0.138800 ms MarkObjects: 3.088100 ms  DeleteObjects: 0.211800 ms)

========================================================================
Received Import Request.
  path: Assets
  artifactKey: Guid(00000000000000001000000000000000) Importer(815301076,1909f56bfc062723c751e8b465ee728b)
Start importing Assets using Guid(00000000000000001000000000000000) Importer(815301076,1909f56bfc062723c751e8b465ee728b)  -> (artifact id: '42baae205c97e3337697759514652acd') in 0.038422 seconds
  Import took 0.042055 seconds .

========================================================================
Received Import Request.
  Time since last request: 0.000398 seconds.
  path: Assets/Multipurpose Camera Rig.prefab
  artifactKey: Guid(8bf90ed7e7e73c847b73acff85bda1b3) Importer(815301076,1909f56bfc062723c751e8b465ee728b)
Start importing Assets/Multipurpose Camera Rig.prefab using Guid(8bf90ed7e7e73c847b73acff85bda1b3) Importer(815301076,1909f56bfc062723c751e8b465ee728b)  -> (artifact id: '65b27c4fdd201269c85889797a198ae6') in 0.142044 seconds
  Import took 0.146504 seconds .

========================================================================
Received Import Request.
  Time since last request: 0.000714 seconds.
  path: Assets/book@T-Pose.fbx
  artifactKey: Guid(e56c9b71c23b06a44b59588954c3591a) Importer(815301076,1909f56bfc062723c751e8b465ee728b)
Start importing Assets/book@T-Pose.fbx using Guid(e56c9b71c23b06a44b59588954c3591a) Importer(815301076,1909f56bfc062723c751e8b465ee728b)  -> (artifact id: 'bccc21ba313dab3221271536a064eca0') in 1.670343 seconds
  Import took 1.723402 seconds .

========================================================================
Received Import Request.
  Time since last request: 0.000335 seconds.
  path: Assets/Scripts
  artifactKey: Guid(82bb88d1bc36ce04f98693280a13e1be) Importer(815301076,1909f56bfc062723c751e8b465ee728b)
Start importing Assets/Scripts using Guid(82bb88d1bc36ce04f98693280a13e1be) Importer(815301076,1909f56bfc062723c751e8b465ee728b)  -> (artifact id: '92ef57532cba5e247ace54dd8ceda6f6') in 0.018868 seconds
  Import took 0.404097 seconds .

========================================================================
Received Import Request.
  Time since last request: 0.000491 seconds.
  path: Assets/book@T-Pose.fbx
  artifactKey: Guid(e56c9b71c23b06a44b59588954c3591a) Importer(815301076,1909f56bfc062723c751e8b465ee728b)
Start importing Assets/book@T-Pose.fbx using Guid(e56c9b71c23b06a44b59588954c3591a) Importer(815301076,1909f56bfc062723c751e8b465ee728b)  -> (artifact id: 'bccc21ba313dab3221271536a064eca0') in 0.293338 seconds
  Import took 0.298735 seconds .

========================================================================
Received Import Request.
  Time since last request: 0.000360 seconds.
  path: Assets/BodyMask.mask
  artifactKey: Guid(e6992addfc16e684ab7a9722e7804b04) Importer(815301076,1909f56bfc062723c751e8b465ee728b)
Start importing Assets/BodyMask.mask using Guid(e6992addfc16e684ab7a9722e7804b04) Importer(815301076,1909f56bfc062723c751e8b465ee728b)  -> (artifact id: 'b279206ef24b09174b122d8391749881') in 0.034043 seconds
  Import took 0.039280 seconds .

========================================================================
Received Import Request.
  Time since last request: 0.000663 seconds.
  path: Assets/Swat@strafe_2.fbx
  artifactKey: Guid(a70b123e13acd894db22cd2b1f691b18) Importer(815301076,1909f56bfc062723c751e8b465ee728b)
Start importing Assets/Swat@strafe_2.fbx using Guid(a70b123e13acd894db22cd2b1f691b18) Importer(815301076,1909f56bfc062723c751e8b465ee728b)  -> (artifact id: '7e906867c4c1c222098c24b4f27c4d45') in 0.034895 seconds
  Import took 0.043779 seconds .

========================================================================
Received Import Request.
  Time since last request: 0.000627 seconds.
  path: Assets/Swat@rifle_jump.fbx
  artifactKey: Guid(a1b406e12439525448ae73f1c41edf84) Importer(815301076,1909f56bfc062723c751e8b465ee728b)
Start importing Assets/Swat@rifle_jump.fbx using Guid(a1b406e12439525448ae73f1c41edf84) Importer(815301076,1909f56bfc062723c751e8b465ee728b)  -> (artifact id: '74c68c42ba76e6c6d838fc5d309dbe5d') in 0.032209 seconds
  Import took 0.043712 seconds .

========================================================================
Received Import Request.
  Time since last request: 0.000429 seconds.
  path: Assets/Swat@strafe.fbx
  artifactKey: Guid(11a369a0493aca541a78cbb821eed9a8) Importer(815301076,1909f56bfc062723c751e8b465ee728b)
Start importing Assets/Swat@strafe.fbx using Guid(11a369a0493aca541a78cbb821eed9a8) Importer(815301076,1909f56bfc062723c751e8b465ee728b)  -> (artifact id: 'b29eaf85e7200137b6f91e56602450c8') in 0.042308 seconds
  Import took 0.048463 seconds .

========================================================================
Received Import Request.
  Time since last request: 0.000489 seconds.
  path: Assets/Swat@walking.fbx
  artifactKey: Guid(535f4f424f4d9c34ca615c5635c1e042) Importer(815301076,1909f56bfc062723c751e8b465ee728b)
Start importing Assets/Swat@walking.fbx using Guid(535f4f424f4d9c34ca615c5635c1e042) Importer(815301076,1909f56bfc062723c751e8b465ee728b)  -> (artifact id: 'ecaa34e2bd7f8453ff1599d7a43c4fab') in 0.031433 seconds
  Import took 0.269963 seconds .

========================================================================
Received Import Request.
  Time since last request: 0.000447 seconds.
  path: Assets/Swat@rifle_run.fbx
  artifactKey: Guid(e21c3d457ba8d10458bb4ff614dd8d6a) Importer(815301076,1909f56bfc062723c751e8b465ee728b)
Start importing Assets/Swat@rifle_run.fbx using Guid(e21c3d457ba8d10458bb4ff614dd8d6a) Importer(815301076,1909f56bfc062723c751e8b465ee728b)  -> (artifact id: 'ab9dc557b8121ebc806c1f23f60fb4df') in 0.195261 seconds
  Import took 0.200971 seconds .

========================================================================
Received Import Request.
  Time since last request: 0.000441 seconds.
  path: Assets/spawnpointmaterial.mat
  artifactKey: Guid(bf8d08b2e7d012b488310740415de8c5) Importer(815301076,1909f56bfc062723c751e8b465ee728b)
Start importing Assets/spawnpointmaterial.mat using Guid(bf8d08b2e7d012b488310740415de8c5) Importer(815301076,1909f56bfc062723c751e8b465ee728b)  -> (artifact id: '733b48461890a061aae5f4666bf27d99') in 0.501321 seconds
  Import took 0.506215 seconds .

========================================================================
Received Import Request.
  Time since last request: 0.000508 seconds.
  path: Assets/AddProp.cs
  artifactKey: Guid(8442644ac0dbf4e469fc638713d4fc90) Importer(815301076,1909f56bfc062723c751e8b465ee728b)
Start importing Assets/AddProp.cs using Guid(8442644ac0dbf4e469fc638713d4fc90) Importer(815301076,1909f56bfc062723c751e8b465ee728b)  -> (artifact id: 'c0bd81eaa90d0d140d881972b3100ba2') in 0.023698 seconds
  Import took 0.364865 seconds .

========================================================================
Received Import Request.
  Time since last request: 0.000403 seconds.
  path: Assets/LandmineMaterial.mat
  artifactKey: Guid(a0052e7c78e5d304a86f5d7486fcef89) Importer(815301076,1909f56bfc062723c751e8b465ee728b)
Start importing Assets/LandmineMaterial.mat using Guid(a0052e7c78e5d304a86f5d7486fcef89) Importer(815301076,1909f56bfc062723c751e8b465ee728b)  -> (artifact id: '2c615094f85e4f4d8524d238a9de73d6') in 0.057276 seconds
  Import took 0.061488 seconds .

========================================================================
Received Import Request.
  Time since last request: 0.000448 seconds.
  path: Assets/Swat@walking_backwards.fbx
  artifactKey: Guid(eadaad5ee849ba047b4caf6b8fc0f170) Importer(815301076,1909f56bfc062723c751e8b465ee728b)
Start importing Assets/Swat@walking_backwards.fbx using Guid(eadaad5ee849ba047b4caf6b8fc0f170) Importer(815301076,1909f56bfc062723c751e8b465ee728b)  -> (artifact id: 'f7ec50e56c6839c045960d7c7a8b2389') in 0.042424 seconds
  Import took 0.093277 seconds .

========================================================================
Received Import Request.
  Time since last request: 0.000665 seconds.
  path: Assets/Swat@strafe_right.fbx
  artifactKey: Guid(1f4043c75610dff4488a555e69ec64f5) Importer(815301076,1909f56bfc062723c751e8b465ee728b)
Start importing Assets/Swat@strafe_right.fbx using Guid(1f4043c75610dff4488a555e69ec64f5) Importer(815301076,1909f56bfc062723c751e8b465ee728b)  -> (artifact id: '7c365d7dd79fd4bcc58d31c43b2758c2') in 0.033302 seconds
  Import took 0.491365 seconds .

========================================================================
Received Import Request.
  Time since last request: 0.000407 seconds.
  path: Assets/BasicController.cs
  artifactKey: Guid(c430e83b23d48e64abdcf8586e5a6117) Importer(815301076,1909f56bfc062723c751e8b465ee728b)
Start importing Assets/BasicController.cs using Guid(c430e83b23d48e64abdcf8586e5a6117) Importer(815301076,1909f56bfc062723c751e8b465ee728b)  -> (artifact id: '75afeb9bf81bd04d5e3f55357dcd434a') in 0.021643 seconds
  Import took 0.026130 seconds .

========================================================================
Received Import Request.
  Time since last request: 0.000913 seconds.
  path: Assets/Swat@rifle_aiming_idle.fbx
  artifactKey: Guid(a1c76269cbf78cf439548a2151075fef) Importer(815301076,1909f56bfc062723c751e8b465ee728b)
Start importing Assets/Swat@rifle_aiming_idle.fbx using Guid(a1c76269cbf78cf439548a2151075fef) Importer(815301076,1909f56bfc062723c751e8b465ee728b)  -> (artifact id: '0ff0d5ad57e53ce11cde0b6f9c893246') in 0.035346 seconds
  Import took 0.137634 seconds .

========================================================================
Received Import Request.
  Time since last request: 0.000687 seconds.
  path: Assets/MsLaser.prefab
  artifactKey: Guid(efdfa771c04de8c4c8d16172bb8560ec) Importer(815301076,1909f56bfc062723c751e8b465ee728b)
Start importing Assets/MsLaser.prefab using Guid(efdfa771c04de8c4c8d16172bb8560ec) Importer(815301076,1909f56bfc062723c751e8b465ee728b)  -> (artifact id: 'a0e7e362361f0e142d4cf107f0a7b44a') in 0.149800 seconds
  Import took 0.157235 seconds .

========================================================================
Received Import Request.
  Time since last request: 0.000407 seconds.
  path: Assets/Swat@run_backwards.fbx
  artifactKey: Guid(2d18c4d658319e84f8ce7e43c80c53a5) Importer(815301076,1909f56bfc062723c751e8b465ee728b)
Start importing Assets/Swat@run_backwards.fbx using Guid(2d18c4d658319e84f8ce7e43c80c53a5) Importer(815301076,1909f56bfc062723c751e8b465ee728b)  -> (artifact id: 'b838922bf78bf3e461ebe1ef6323c2e4') in 0.034694 seconds
  Import took 0.040172 seconds .

========================================================================
Received Import Request.
  Time since last request: 0.000427 seconds.
  path: Assets/Swat@strafe_left.fbx
  artifactKey: Guid(a828f2d3f3d32b146888000308d2d1f9) Importer(815301076,1909f56bfc062723c751e8b465ee728b)
Start importing Assets/Swat@strafe_left.fbx using Guid(a828f2d3f3d32b146888000308d2d1f9) Importer(815301076,1909f56bfc062723c751e8b465ee728b)  -> (artifact id: 'f82d2c8f1165c9aba883ec31ed5899ff') in 0.027347 seconds
  Import took 0.033807 seconds .

========================================================================
Received Import Request.
  Time since last request: 0.000346 seconds.
  path: Assets/EasterEgg.prefab
  artifactKey: Guid(d7fd55f2ba0273f4384585bf98b2b693) Importer(815301076,1909f56bfc062723c751e8b465ee728b)
Start importing Assets/EasterEgg.prefab using Guid(d7fd55f2ba0273f4384585bf98b2b693) Importer(815301076,1909f56bfc062723c751e8b465ee728b)  -> (artifact id: '05db93435f25561c840483b183d104df') in 0.058083 seconds
  Import took 0.063778 seconds .

========================================================================
Received Import Request.
  Time since last request: 0.000401 seconds.
  path: Assets/Swat@firing_rifle.fbx
  artifactKey: Guid(14b233970047feb4980202b700b3a0ee) Importer(815301076,1909f56bfc062723c751e8b465ee728b)
Start importing Assets/Swat@firing_rifle.fbx using Guid(14b233970047feb4980202b700b3a0ee) Importer(815301076,1909f56bfc062723c751e8b465ee728b)  -> (artifact id: '612545cd9899b69eedd03aa0b1d55e20') in 0.036648 seconds
  Import took 0.042345 seconds .

========================================================================
Received Import Request.
  Time since last request: 0.000521 seconds.
  path: Assets/Swat@turning_right_45_degrees.fbx
  artifactKey: Guid(15c6c2b7b68de394690741d98c5a67f9) Importer(815301076,1909f56bfc062723c751e8b465ee728b)
Start importing Assets/Swat@turning_right_45_degrees.fbx using Guid(15c6c2b7b68de394690741d98c5a67f9) Importer(815301076,1909f56bfc062723c751e8b465ee728b)  -> (artifact id: 'faaf60bd30c5ad2e973ca85eabb38030') in 0.032459 seconds
  Import took 0.038049 seconds .

========================================================================
Received Import Request.
  Time since last request: 0.000379 seconds.
  path: Assets/Swat@toss_grenade.fbx
  artifactKey: Guid(fdbca0f3fad189043a7c5b05ce2af7f3) Importer(815301076,1909f56bfc062723c751e8b465ee728b)
Start importing Assets/Swat@toss_grenade.fbx using Guid(fdbca0f3fad189043a7c5b05ce2af7f3) Importer(815301076,1909f56bfc062723c751e8b465ee728b)  -> (artifact id: '0f8b02bad7e5db9fcc79a555e7eb501b') in 0.033168 seconds
  Import took 0.039442 seconds .

========================================================================
Received Import Request.
  Time since last request: 0.000474 seconds.
  path: Assets/crossAim.png
  artifactKey: Guid(79e61bfa7e597da4c9e28d67ea19fe16) Importer(815301076,1909f56bfc062723c751e8b465ee728b)
Start importing Assets/crossAim.png using Guid(79e61bfa7e597da4c9e28d67ea19fe16) Importer(815301076,1909f56bfc062723c751e8b465ee728b)  -> (artifact id: '29d408e6013bd9c616e66df2239dc60e') in 0.121933 seconds
  Import took 0.127134 seconds .

========================================================================
Received Import Request.
  Time since last request: 0.000361 seconds.
  path: Assets/EasterEggMaterial.mat
  artifactKey: Guid(63ffb56566b502f498c312f3b8009557) Importer(815301076,1909f56bfc062723c751e8b465ee728b)
Start importing Assets/EasterEggMaterial.mat using Guid(63ffb56566b502f498c312f3b8009557) Importer(815301076,1909f56bfc062723c751e8b465ee728b)  -> (artifact id: '3cd8d484fc3a1f507cdcd3bd4ab13325') in 0.061356 seconds
  Import took 0.068828 seconds .

========================================================================
Received Import Request.
  Time since last request: 0.000421 seconds.
  path: Assets/easteregg_diff.png
  artifactKey: Guid(92df1d25c8725524ba6fef2066ecacfb) Importer(815301076,1909f56bfc062723c751e8b465ee728b)
Start importing Assets/easteregg_diff.png using Guid(92df1d25c8725524ba6fef2066ecacfb) Importer(815301076,1909f56bfc062723c751e8b465ee728b)  -> (artifact id: '232f41aeb4ada12247448eccfae08345') in 0.066611 seconds
  Import took 0.072068 seconds .

========================================================================
Received Import Request.
  Time since last request: 0.000412 seconds.
  path: Assets/Landmine.prefab
  artifactKey: Guid(2b469f50b5045ed4686abe5349aa212a) Importer(815301076,1909f56bfc062723c751e8b465ee728b)
Start importing Assets/Landmine.prefab using Guid(2b469f50b5045ed4686abe5349aa212a) Importer(815301076,1909f56bfc062723c751e8b465ee728b)  -> (artifact id: '28ef87287c9164aecdf0466bc8f4e55e') in 0.051108 seconds
  Import took 0.055006 seconds .

========================================================================
Received Import Request.
  Time since last request: 0.000490 seconds.
  path: Assets/Swat@turn_left.fbx
  artifactKey: Guid(e18decdd223f5aa4e9b9cff4c2876b41) Importer(815301076,1909f56bfc062723c751e8b465ee728b)
Start importing Assets/Swat@turn_left.fbx using Guid(e18decdd223f5aa4e9b9cff4c2876b41) Importer(815301076,1909f56bfc062723c751e8b465ee728b)  -> (artifact id: '16f1ade20e2e4acd461d58d9eefcf8c2') in 0.035034 seconds
  Import took 0.042388 seconds .

========================================================================
Received Import Request.
  Time since last request: 0.000581 seconds.
  path: Assets/Spawnpoint.prefab
  artifactKey: Guid(dbc2d4f80fd071445ba73f7b44eb55b5) Importer(815301076,1909f56bfc062723c751e8b465ee728b)
Start importing Assets/Spawnpoint.prefab using Guid(dbc2d4f80fd071445ba73f7b44eb55b5) Importer(815301076,1909f56bfc062723c751e8b465ee728b)  -> (artifact id: '811e2b25c114c1d55c1d99edacad7a10') in 0.049490 seconds
  Import took 0.221209 seconds .

========================================================================
Received Import Request.
  Time since last request: 0.013430 seconds.
  path: Assets/Spawnpoint.prefab
  artifactKey: Guid(dbc2d4f80fd071445ba73f7b44eb55b5) Importer(815301076,1909f56bfc062723c751e8b465ee728b)
Start importing Assets/Spawnpoint.prefab using Guid(dbc2d4f80fd071445ba73f7b44eb55b5) Importer(815301076,1909f56bfc062723c751e8b465ee728b)  -> (artifact id: '811e2b25c114c1d55c1d99edacad7a10') in 0.049971 seconds
  Import took 0.054615 seconds .

========================================================================
Received Import Request.
  Time since last request: 1.936109 seconds.
  path: Assets/ThrowObject.cs
  artifactKey: Guid(b215b6ffd4cd52e479660dce7dd89f65) Importer(815301076,1909f56bfc062723c751e8b465ee728b)
Start importing Assets/ThrowObject.cs using Guid(b215b6ffd4cd52e479660dce7dd89f65) Importer(815301076,1909f56bfc062723c751e8b465ee728b)  -> (artifact id: 'b72cada3cca834dbc351cd0d53e7152d') in 0.024258 seconds
  Import took 0.042780 seconds .

========================================================================
Received Prepare
Registering precompiled user dll's ...
Registered in 0.003036 seconds.
Begin MonoManager ReloadAssembly
Native extension for WindowsStandalone target not found
Native extension for WebGL target not found
Refreshing native plugins compatible for Editor in 0.40 ms, found 0 plugins.
Preloading 0 native plugins for Editor in 0.00 ms.
Invoked RoslynAnalysisRunner static constructor.
RoslynAnalysisRunner will not be running.
RoslynAnalysisRunner has terminated.
Mono: successfully reloaded assembly
- Completed reload, in  2.228 seconds
Platform modules already initialized, skipping
Refreshing native plugins compatible for Editor in 0.41 ms, found 0 plugins.
Preloading 0 native plugins for Editor in 0.00 ms.
Unloading 1119 Unused Serialized files (Serialized files now loaded: 0)
System memory in use before: 61.8 MB.
System memory in use after: 61.8 MB.

Unloading 5 unused Assets to reduce memory usage. Loaded Objects now: 1619.
Total: 3.560000 ms (FindLiveObjects: 0.222700 ms CreateObjectMapping: 0.069900 ms MarkObjects: 3.141900 ms  DeleteObjects: 0.122600 ms)

========================================================================
Received Import Request.
  Time since last request: 140.646122 seconds.
  path: Assets/camera.fbx
  artifactKey: Guid(d87a4634defac6147a935e57cb29487a) Importer(815301076,1909f56bfc062723c751e8b465ee728b)
Start importing Assets/camera.fbx using Guid(d87a4634defac6147a935e57cb29487a) Importer(815301076,1909f56bfc062723c751e8b465ee728b)  -> (artifact id: '310c9031342fc131c1932097730ee793') in 0.355648 seconds
  Import took 0.364549 seconds .

========================================================================
Received Import Request.
  Time since last request: 0.000393 seconds.
  path: Assets/monitor.fbx
  artifactKey: Guid(ae280e83e81cde0419cde9128895a490) Importer(815301076,1909f56bfc062723c751e8b465ee728b)
Start importing Assets/monitor.fbx using Guid(ae280e83e81cde0419cde9128895a490) Importer(815301076,1909f56bfc062723c751e8b465ee728b)  -> (artifact id: 'e7f9a2c978ab7700ad77722a02c17e4e') in 0.143985 seconds
  Import took 0.147902 seconds .

========================================================================
Received Import Request.
  Time since last request: 1453.662105 seconds.
  path: Assets/Screen.renderTexture
  artifactKey: Guid(a2ed61d14cbec584f941150262c2cf39) Importer(815301076,1909f56bfc062723c751e8b465ee728b)
Start importing Assets/Screen.renderTexture using Guid(a2ed61d14cbec584f941150262c2cf39) Importer(815301076,1909f56bfc062723c751e8b465ee728b)  -> (artifact id: '963a73522239362177f24868427d6cd4') in 0.059093 seconds
  Import took 0.066038 seconds .

========================================================================
Received Import Request.
  Time since last request: 0.024014 seconds.
  path: Assets/Screen.renderTexture
  artifactKey: Guid(a2ed61d14cbec584f941150262c2cf39) Importer(815301076,1909f56bfc062723c751e8b465ee728b)
Start importing Assets/Screen.renderTexture using Guid(a2ed61d14cbec584f941150262c2cf39) Importer(815301076,1909f56bfc062723c751e8b465ee728b)  -> (artifact id: '963a73522239362177f24868427d6cd4') in 0.029796 seconds
  Import took 0.034746 seconds .

========================================================================
Received Import Request.
  Time since last request: 884.618028 seconds.
  path: Assets/Materials
  artifactKey: Guid(762a320df53bdf64ab68d1bced65964b) Importer(815301076,1909f56bfc062723c751e8b465ee728b)
Start importing Assets/Materials using Guid(762a320df53bdf64ab68d1bced65964b) Importer(815301076,1909f56bfc062723c751e8b465ee728b)  -> (artifact id: 'f291bfec968d8f3d332aad7994ca05a8') in 0.022648 seconds
  Import took 0.373355 seconds .

========================================================================
Received Import Request.
  Time since last request: 0.000435 seconds.
  path: Assets/Materials/book_Shoes_diffuse.mat
  artifactKey: Guid(bf2f106830e01a34f9f3f6ba9b061d77) Importer(815301076,1909f56bfc062723c751e8b465ee728b)
Start importing Assets/Materials/book_Shoes_diffuse.mat using Guid(bf2f106830e01a34f9f3f6ba9b061d77) Importer(815301076,1909f56bfc062723c751e8b465ee728b)  -> (artifact id: 'd2961040c0be59e89cadf617327c2973') in 0.128178 seconds
  Import took 0.131634 seconds .

========================================================================
Received Import Request.
  Time since last request: 0.000372 seconds.
  path: Assets/Materials/book_Hair_diffuse.mat
  artifactKey: Guid(ffbe8fd9aa329f149bd575e0e6f6d135) Importer(815301076,1909f56bfc062723c751e8b465ee728b)
Start importing Assets/Materials/book_Hair_diffuse.mat using Guid(ffbe8fd9aa329f149bd575e0e6f6d135) Importer(815301076,1909f56bfc062723c751e8b465ee728b)  -> (artifact id: '9529926b8daced8f43f4e99d621536a6') in 0.122409 seconds
  Import took 0.127809 seconds .

========================================================================
Received Import Request.
  Time since last request: 0.000196 seconds.
  path: Assets/Materials/book_Body_diffuse.mat
  artifactKey: Guid(7f0b109976e2c164f863daa6a49ef65b) Importer(815301076,1909f56bfc062723c751e8b465ee728b)
Start importing Assets/Materials/book_Body_diffuse.mat using Guid(7f0b109976e2c164f863daa6a49ef65b) Importer(815301076,1909f56bfc062723c751e8b465ee728b)  -> (artifact id: 'e0cb6457a051ccd9ff1ade7eaed97b66') in 0.152808 seconds
  Import took 0.158381 seconds .

========================================================================
Received Import Request.
  Time since last request: 0.000481 seconds.
  path: Assets/Materials/book_Top_diffuse.mat
  artifactKey: Guid(d26e9b4461e14b842b9294c0b2b97b46) Importer(815301076,1909f56bfc062723c751e8b465ee728b)
Start importing Assets/Materials/book_Top_diffuse.mat using Guid(d26e9b4461e14b842b9294c0b2b97b46) Importer(815301076,1909f56bfc062723c751e8b465ee728b)  -> (artifact id: 'b1b6b127aad9fc15c0239f094a081bd1') in 0.121683 seconds
  Import took 0.126741 seconds .

========================================================================
Received Import Request.
  Time since last request: 0.000438 seconds.
  path: Assets/Materials/book_Bottom_diffuse.mat
  artifactKey: Guid(85027d3daa4c0b742b422425e4e6aa47) Importer(815301076,1909f56bfc062723c751e8b465ee728b)
Start importing Assets/Materials/book_Bottom_diffuse.mat using Guid(85027d3daa4c0b742b422425e4e6aa47) Importer(815301076,1909f56bfc062723c751e8b465ee728b)  -> (artifact id: 'ac6be9bdc4050e1a20716dcc8b96680b') in 0.120506 seconds
  Import took 0.127117 seconds .

========================================================================
Received Import Request.
  Time since last request: 7.033708 seconds.
  path: Assets/book@T-Pose.fbm
  artifactKey: Guid(6dede3d3315b1fe4aa7aca9cf9e7f6ba) Importer(815301076,1909f56bfc062723c751e8b465ee728b)
Start importing Assets/book@T-Pose.fbm using Guid(6dede3d3315b1fe4aa7aca9cf9e7f6ba) Importer(815301076,1909f56bfc062723c751e8b465ee728b)  -> (artifact id: '6ec5e360c3b04695c8bc4e8cad3c8c51') in 0.023249 seconds
  Import took 0.027413 seconds .

========================================================================
Received Import Request.
  Time since last request: 0.071779 seconds.
  path: Assets/book@T-Pose.fbm/book_Body_diffuse.png
  artifactKey: Guid(bdf091eb292b7354f9530c0e3ee5aa18) Importer(815301076,1909f56bfc062723c751e8b465ee728b)
Start importing Assets/book@T-Pose.fbm/book_Body_diffuse.png using Guid(bdf091eb292b7354f9530c0e3ee5aa18) Importer(815301076,1909f56bfc062723c751e8b465ee728b)  -> (artifact id: '650e1165a6351ab7a8f97990011ad476') in 0.055552 seconds
  Import took 0.060876 seconds .

========================================================================
Received Import Request.
  Time since last request: 0.000466 seconds.
  path: Assets/book@T-Pose.fbm/book_Hair_gloss.png
  artifactKey: Guid(12208f2a4e14a5741ba6e0db078ce925) Importer(815301076,1909f56bfc062723c751e8b465ee728b)
Start importing Assets/book@T-Pose.fbm/book_Hair_gloss.png using Guid(12208f2a4e14a5741ba6e0db078ce925) Importer(815301076,1909f56bfc062723c751e8b465ee728b)  -> (artifact id: 'a7073095514cd1bdda719ed44cf06d47') in 0.076734 seconds
  Import took 0.172707 seconds .

========================================================================
Received Import Request.
  Time since last request: 0.000436 seconds.
  path: Assets/book@T-Pose.fbm/book_Body_diffuse.png
  artifactKey: Guid(bdf091eb292b7354f9530c0e3ee5aa18) Importer(815301076,1909f56bfc062723c751e8b465ee728b)
Start importing Assets/book@T-Pose.fbm/book_Body_diffuse.png using Guid(bdf091eb292b7354f9530c0e3ee5aa18) Importer(815301076,1909f56bfc062723c751e8b465ee728b)  -> (artifact id: '650e1165a6351ab7a8f97990011ad476') in 0.056581 seconds
  Import took 0.061393 seconds .

========================================================================
Received Import Request.
  Time since last request: 0.000143 seconds.
  path: Assets/book@T-Pose.fbm/book_Body_gloss.png
  artifactKey: Guid(3ea4f66ca53c9c14ca9cd64de6bb2a47) Importer(815301076,1909f56bfc062723c751e8b465ee728b)
Start importing Assets/book@T-Pose.fbm/book_Body_gloss.png using Guid(3ea4f66ca53c9c14ca9cd64de6bb2a47) Importer(815301076,1909f56bfc062723c751e8b465ee728b)  -> (artifact id: 'b9d3cc7f7e9a9efcc7ff37cfcb08ff6a') in 0.058192 seconds
  Import took 0.063499 seconds .

========================================================================
Received Import Request.
  Time since last request: 0.000469 seconds.
  path: Assets/book@T-Pose.fbm/book_Top_normal.png
  artifactKey: Guid(7f41826ebd2913b4488b700ca8a8cb91) Importer(815301076,1909f56bfc062723c751e8b465ee728b)
Start importing Assets/book@T-Pose.fbm/book_Top_normal.png using Guid(7f41826ebd2913b4488b700ca8a8cb91) Importer(815301076,1909f56bfc062723c751e8b465ee728b)  -> (artifact id: 'b56e5ef2324a327eca86182bd2fb2f81') in 0.070365 seconds
  Import took 0.077327 seconds .

========================================================================
Received Import Request.
  Time since last request: 0.000462 seconds.
  path: Assets/book@T-Pose.fbm/book_Shoes_gloss.png
  artifactKey: Guid(1787b3df47bbcc14487f02c324a34869) Importer(815301076,1909f56bfc062723c751e8b465ee728b)
Start importing Assets/book@T-Pose.fbm/book_Shoes_gloss.png using Guid(1787b3df47bbcc14487f02c324a34869) Importer(815301076,1909f56bfc062723c751e8b465ee728b)  -> (artifact id: '02077d4fe947155a49006b0789c46c91') in 0.065959 seconds
  Import took 0.070684 seconds .

========================================================================
Received Import Request.
  Time since last request: 0.000374 seconds.
  path: Assets/book@T-Pose.fbm/book_Body_specular.png
  artifactKey: Guid(220062f011a717a469c85fa86c2e8586) Importer(815301076,1909f56bfc062723c751e8b465ee728b)
Start importing Assets/book@T-Pose.fbm/book_Body_specular.png using Guid(220062f011a717a469c85fa86c2e8586) Importer(815301076,1909f56bfc062723c751e8b465ee728b)  -> (artifact id: 'a104684ce4c924018a59f30e71a6680c') in 0.075762 seconds
  Import took 0.079937 seconds .

========================================================================
Received Import Request.
  Time since last request: 0.000387 seconds.
  path: Assets/book@T-Pose.fbm/book_Bottom_gloss.png
  artifactKey: Guid(857b504c850b1984793ba6a90543ad52) Importer(815301076,1909f56bfc062723c751e8b465ee728b)
Start importing Assets/book@T-Pose.fbm/book_Bottom_gloss.png using Guid(857b504c850b1984793ba6a90543ad52) Importer(815301076,1909f56bfc062723c751e8b465ee728b)  -> (artifact id: '96c38dba4d4b8cb787fd5e2b7cecc6ef') in 0.064129 seconds
  Import took 0.068082 seconds .

========================================================================
Received Import Request.
  Time since last request: 0.000336 seconds.
  path: Assets/book@T-Pose.fbm/book_Hair_normal.png
  artifactKey: Guid(54542ffe7e2665e4e8a9f3f24cdf1ba1) Importer(815301076,1909f56bfc062723c751e8b465ee728b)
Start importing Assets/book@T-Pose.fbm/book_Hair_normal.png using Guid(54542ffe7e2665e4e8a9f3f24cdf1ba1) Importer(815301076,1909f56bfc062723c751e8b465ee728b)  -> (artifact id: 'a84dc7a064ee0d78c472c2c74144020e') in 0.080246 seconds
  Import took 0.084906 seconds .

========================================================================
Received Import Request.
  Time since last request: 0.000557 seconds.
  path: Assets/book@T-Pose.fbm/book_Body_normal.png
  artifactKey: Guid(2b0a461b2c0ba1e4992949ca12b68a5b) Importer(815301076,1909f56bfc062723c751e8b465ee728b)
Start importing Assets/book@T-Pose.fbm/book_Body_normal.png using Guid(2b0a461b2c0ba1e4992949ca12b68a5b) Importer(815301076,1909f56bfc062723c751e8b465ee728b)  -> (artifact id: '4df7a03d0087e839bc285a287a5466cf') in 0.063570 seconds
  Import took 0.081573 seconds .

========================================================================
Received Import Request.
  Time since last request: 0.000480 seconds.
  path: Assets/book@T-Pose.fbm/book_Shoes_diffuse.png
  artifactKey: Guid(8607c9c9598fa3e4fa256c9ad97eb722) Importer(815301076,1909f56bfc062723c751e8b465ee728b)
Start importing Assets/book@T-Pose.fbm/book_Shoes_diffuse.png using Guid(8607c9c9598fa3e4fa256c9ad97eb722) Importer(815301076,1909f56bfc062723c751e8b465ee728b)  -> (artifact id: 'c51dd6b7d0d33e18634890baac400307') in 0.062927 seconds
  Import took 0.067829 seconds .

========================================================================
Received Import Request.
  Time since last request: 0.000107 seconds.
  path: Assets/book@T-Pose.fbm/book_Top_specular.png
  artifactKey: Guid(6034d78cb7ed6e84695ee1bcb589b65b) Importer(815301076,1909f56bfc062723c751e8b465ee728b)
Start importing Assets/book@T-Pose.fbm/book_Top_specular.png using Guid(6034d78cb7ed6e84695ee1bcb589b65b) Importer(815301076,1909f56bfc062723c751e8b465ee728b)  -> (artifact id: '50372de93e7ce00a74895dc1a3f88de2') in 0.069387 seconds
  Import took 0.169846 seconds .

========================================================================
Received Import Request.
  Time since last request: 0.000362 seconds.
  path: Assets/book@T-Pose.fbm/book_Bottom_diffuse.png
  artifactKey: Guid(a902aa27498a3124c86adc2ed7fd9c2e) Importer(815301076,1909f56bfc062723c751e8b465ee728b)
Start importing Assets/book@T-Pose.fbm/book_Bottom_diffuse.png using Guid(a902aa27498a3124c86adc2ed7fd9c2e) Importer(815301076,1909f56bfc062723c751e8b465ee728b)  -> (artifact id: 'e5323fc2380b187cb991ac1f81764d0c') in 0.036860 seconds
  Import took 0.042745 seconds .

========================================================================
Received Import Request.
  Time since last request: 0.000496 seconds.
  path: Assets/book@T-Pose.fbm/book_Hair_diffuse.png
  artifactKey: Guid(04ad0eaae15ac4042b2763dfdeb06b20) Importer(815301076,1909f56bfc062723c751e8b465ee728b)
Start importing Assets/book@T-Pose.fbm/book_Hair_diffuse.png using Guid(04ad0eaae15ac4042b2763dfdeb06b20) Importer(815301076,1909f56bfc062723c751e8b465ee728b)  -> (artifact id: '923e9db7fedcd7de6f298d7e23bee82f') in 0.072920 seconds
  Import took 0.078539 seconds .

========================================================================
Received Import Request.
  Time since last request: 0.000138 seconds.
  path: Assets/book@T-Pose.fbm/book_Top_gloss.png
  artifactKey: Guid(fd2e0801d93e3a94fad5c4d6cc3960b3) Importer(815301076,1909f56bfc062723c751e8b465ee728b)
Start importing Assets/book@T-Pose.fbm/book_Top_gloss.png using Guid(fd2e0801d93e3a94fad5c4d6cc3960b3) Importer(815301076,1909f56bfc062723c751e8b465ee728b)  -> (artifact id: 'ddf81a74fecdaf6fe66ad778b55fae14') in 0.104850 seconds
  Import took 0.120251 seconds .

========================================================================
Received Import Request.
  Time since last request: 0.000505 seconds.
  path: Assets/book@T-Pose.fbm/book_Shoes_specular.png
  artifactKey: Guid(d3677605782faaa4c8d3a7de469bf960) Importer(815301076,1909f56bfc062723c751e8b465ee728b)
Start importing Assets/book@T-Pose.fbm/book_Shoes_specular.png using Guid(d3677605782faaa4c8d3a7de469bf960) Importer(815301076,1909f56bfc062723c751e8b465ee728b)  -> (artifact id: '1669d4be29e4a6d66cdfbe2e167581bf') in 0.057170 seconds
  Import took 0.060936 seconds .

========================================================================
Received Import Request.
  Time since last request: 0.000507 seconds.
  path: Assets/book@T-Pose.fbm/book_Top_diffuse.png
  artifactKey: Guid(111b549cc947bf5439f3912357020661) Importer(815301076,1909f56bfc062723c751e8b465ee728b)
Start importing Assets/book@T-Pose.fbm/book_Top_diffuse.png using Guid(111b549cc947bf5439f3912357020661) Importer(815301076,1909f56bfc062723c751e8b465ee728b)  -> (artifact id: '16da146f40099418255ac9d595164d82') in 0.033355 seconds
  Import took 0.042132 seconds .

========================================================================
Received Import Request.
  Time since last request: 0.000181 seconds.
  path: Assets/book@T-Pose.fbm/book_Bottom_normal.png
  artifactKey: Guid(dc6c48958a09d6745bd41ef306fccb94) Importer(815301076,1909f56bfc062723c751e8b465ee728b)
Start importing Assets/book@T-Pose.fbm/book_Bottom_normal.png using Guid(dc6c48958a09d6745bd41ef306fccb94) Importer(815301076,1909f56bfc062723c751e8b465ee728b)  -> (artifact id: '962cc32f1ba99d69b001232bcd2334fe') in 0.057619 seconds
  Import took 0.063015 seconds .

========================================================================
Received Import Request.
  Time since last request: 0.000388 seconds.
  path: Assets/book@T-Pose.fbm/book_Bottom_specular.png
  artifactKey: Guid(a5009541ed0737a40a04854f16d11634) Importer(815301076,1909f56bfc062723c751e8b465ee728b)
Start importing Assets/book@T-Pose.fbm/book_Bottom_specular.png using Guid(a5009541ed0737a40a04854f16d11634) Importer(815301076,1909f56bfc062723c751e8b465ee728b)  -> (artifact id: '64ff55dcff82f3c11a3e1f1b13e851af') in 0.051965 seconds
  Import took 0.057368 seconds .

========================================================================
Received Import Request.
  Time since last request: 0.000327 seconds.
  path: Assets/book@T-Pose.fbm/book_Hair_specular.png
  artifactKey: Guid(9afa67baaeacea04f883bdb884b843a3) Importer(815301076,1909f56bfc062723c751e8b465ee728b)
Start importing Assets/book@T-Pose.fbm/book_Hair_specular.png using Guid(9afa67baaeacea04f883bdb884b843a3) Importer(815301076,1909f56bfc062723c751e8b465ee728b)  -> (artifact id: 'c967aae3eaa08268eb23277203cc631f') in 0.092118 seconds
  Import took 0.096215 seconds .

========================================================================
Received Import Request.
  Time since last request: 0.000389 seconds.
  path: Assets/book@T-Pose.fbm/book_Shoes_normal.png
  artifactKey: Guid(d0ca2309dfa55b442a2277f542c8f1f1) Importer(815301076,1909f56bfc062723c751e8b465ee728b)
Start importing Assets/book@T-Pose.fbm/book_Shoes_normal.png using Guid(d0ca2309dfa55b442a2277f542c8f1f1) Importer(815301076,1909f56bfc062723c751e8b465ee728b)  -> (artifact id: '9d3fd94baebe70fdc09a6516e83396a0') in 0.063203 seconds
  Import took 0.070979 seconds .

========================================================================
Received Import Request.
  Time since last request: 2.529591 seconds.
  path: Assets/02_08
  artifactKey: Guid(c29986537d9f7d74f906abae598cb749) Importer(815301076,1909f56bfc062723c751e8b465ee728b)
Start importing Assets/02_08 using Guid(c29986537d9f7d74f906abae598cb749) Importer(815301076,1909f56bfc062723c751e8b465ee728b)  -> (artifact id: 'f8f433ebbc53c01270f5baf1d819313c') in 0.018855 seconds
  Import took 0.028140 seconds .

========================================================================
Received Import Request.
  Time since last request: 0.012672 seconds.
  path: Assets/02_08/maze.FBX
  artifactKey: Guid(1b203124c55604e4dac112d5390796a2) Importer(815301076,1909f56bfc062723c751e8b465ee728b)
Start importing Assets/02_08/maze.FBX using Guid(1b203124c55604e4dac112d5390796a2) Importer(815301076,1909f56bfc062723c751e8b465ee728b)  -> (artifact id: '52f6f036194f3ab313b3493c2d5faf17') in 0.282108 seconds
  Import took 0.305194 seconds .

========================================================================
Received Import Request.
  Time since last request: 0.791064 seconds.
  path: Assets/02_08/Materials
  artifactKey: Guid(6bbac60f6ee37054eae1454c060934f0) Importer(815301076,1909f56bfc062723c751e8b465ee728b)
Start importing Assets/02_08/Materials using Guid(6bbac60f6ee37054eae1454c060934f0) Importer(815301076,1909f56bfc062723c751e8b465ee728b)  -> (artifact id: 'b61bcb34256a2a8856ac9edcc6494e7e') in 0.010907 seconds
  Import took 0.015943 seconds .

========================================================================
Received Import Request.
  Time since last request: 0.083775 seconds.
  path: Assets/02_08/Materials/maze-floor.mat
  artifactKey: Guid(f1914d79d4e07ad4c90c3d468a3e00bc) Importer(815301076,1909f56bfc062723c751e8b465ee728b)
Start importing Assets/02_08/Materials/maze-floor.mat using Guid(f1914d79d4e07ad4c90c3d468a3e00bc) Importer(815301076,1909f56bfc062723c751e8b465ee728b)  -> (artifact id: '4abac300af0d1edb4d498d9d7ac81646') in 0.050576 seconds
  Import took 0.054480 seconds .

========================================================================
Received Import Request.
  Time since last request: 0.000391 seconds.
  path: Assets/02_08/Materials/maze-wall.mat
  artifactKey: Guid(edeaeaf7a2cf1d140a5a7ede254fed93) Importer(815301076,1909f56bfc062723c751e8b465ee728b)
Start importing Assets/02_08/Materials/maze-wall.mat using Guid(edeaeaf7a2cf1d140a5a7ede254fed93) Importer(815301076,1909f56bfc062723c751e8b465ee728b)  -> (artifact id: 'ffeddbd64c4af83a4d9c2fcce5e1332c') in 0.052962 seconds
  Import took 0.056474 seconds .

========================================================================
Received Import Request.
  Time since last request: 4.326995 seconds.
  path: Assets/Pointer
  artifactKey: Guid(b43c6d8068ef969409e6b5abc34b5844) Importer(815301076,1909f56bfc062723c751e8b465ee728b)
Start importing Assets/Pointer using Guid(b43c6d8068ef969409e6b5abc34b5844) Importer(815301076,1909f56bfc062723c751e8b465ee728b)  -> (artifact id: 'a270e513fc6ba9eb80243a580b1cc8f8') in 0.022125 seconds
  Import took 0.121394 seconds .

========================================================================
Received Import Request.
  Time since last request: 0.141238 seconds.
  path: Assets/Pointer/pointer.FBX
  artifactKey: Guid(1aa1fc3659b8abf4abee55f86bd40f6b) Importer(815301076,1909f56bfc062723c751e8b465ee728b)
Start importing Assets/Pointer/pointer.FBX using Guid(1aa1fc3659b8abf4abee55f86bd40f6b) Importer(815301076,1909f56bfc062723c751e8b465ee728b)  -> (artifact id: 'd98e562f5a3e83694f0339e126ef0e53') in 0.087330 seconds
  Import took 0.092198 seconds .

========================================================================
Received Import Request.
  Time since last request: 0.000387 seconds.
  path: Assets/Pointer/pointerPrefab.prefab
  artifactKey: Guid(1e86f0d66d72700498fb5477af7f5b9c) Importer(815301076,1909f56bfc062723c751e8b465ee728b)
Start importing Assets/Pointer/pointerPrefab.prefab using Guid(1e86f0d66d72700498fb5477af7f5b9c) Importer(815301076,1909f56bfc062723c751e8b465ee728b)  -> (artifact id: '856a00a03c412e6b297257a2957f4239') in 0.666437 seconds
  Import took 0.670341 seconds .

========================================================================
Received Import Request.
  Time since last request: 0.000402 seconds.
  path: Assets/Pointer/Pointer.mat
  artifactKey: Guid(8234dcdc9f8af3d44a2e1753033d2055) Importer(815301076,1909f56bfc062723c751e8b465ee728b)
Start importing Assets/Pointer/Pointer.mat using Guid(8234dcdc9f8af3d44a2e1753033d2055) Importer(815301076,1909f56bfc062723c751e8b465ee728b)  -> (artifact id: 'cd8c29d93bd70f109876f239666da717') in 0.045040 seconds
  Import took 0.062098 seconds .

========================================================================
Received Import Request.
  Time since last request: 0.391762 seconds.
  path: Assets/Pointer/Materials
  artifactKey: Guid(18f9e3b339301e141b05d30e8c79e8a7) Importer(815301076,1909f56bfc062723c751e8b465ee728b)
Start importing Assets/Pointer/Materials using Guid(18f9e3b339301e141b05d30e8c79e8a7) Importer(815301076,1909f56bfc062723c751e8b465ee728b)  -> (artifact id: 'ee1da1f1ffc0d57da4ecca930309690a') in 0.009799 seconds
  Import took 0.013982 seconds .

========================================================================
Received Import Request.
  Time since last request: 0.086336 seconds.
  path: Assets/Pointer/Materials/No Name.mat
  artifactKey: Guid(78d5da9289099234cbc010788c3ebdc2) Importer(815301076,1909f56bfc062723c751e8b465ee728b)
Start importing Assets/Pointer/Materials/No Name.mat using Guid(78d5da9289099234cbc010788c3ebdc2) Importer(815301076,1909f56bfc062723c751e8b465ee728b)  -> (artifact id: '1465fc02efc892956765cd7bdc52bc9f') in 0.052224 seconds
  Import took 0.056492 seconds .

========================================================================
Received Prepare
Registering precompiled user dll's ...
Registered in 0.009747 seconds.
Begin MonoManager ReloadAssembly
Native extension for WindowsStandalone target not found
Native extension for WebGL target not found
Refreshing native plugins compatible for Editor in 0.41 ms, found 0 plugins.
Preloading 0 native plugins for Editor in 0.00 ms.
Invoked RoslynAnalysisRunner static constructor.
RoslynAnalysisRunner will not be running.
RoslynAnalysisRunner has terminated.
Mono: successfully reloaded assembly
- Completed reload, in  2.373 seconds
Platform modules already initialized, skipping
Refreshing native plugins compatible for Editor in 0.41 ms, found 0 plugins.
Preloading 0 native plugins for Editor in 0.00 ms.
Unloading 1119 Unused Serialized files (Serialized files now loaded: 0)
System memory in use before: 62.3 MB.
System memory in use after: 62.4 MB.

Unloading 5 unused Assets to reduce memory usage. Loaded Objects now: 1628.
Total: 3.943200 ms (FindLiveObjects: 0.243700 ms CreateObjectMapping: 0.070500 ms MarkObjects: 3.521400 ms  DeleteObjects: 0.104800 ms)

========================================================================
Received Prepare
Registering precompiled user dll's ...
Registered in 0.002084 seconds.
Begin MonoManager ReloadAssembly
Native extension for WindowsStandalone target not found
Native extension for WebGL target not found
Refreshing native plugins compatible for Editor in 0.44 ms, found 0 plugins.
Preloading 0 native plugins for Editor in 0.00 ms.
Invoked RoslynAnalysisRunner static constructor.
RoslynAnalysisRunner will not be running.
RoslynAnalysisRunner has terminated.
Mono: successfully reloaded assembly
- Completed reload, in  2.576 seconds
Platform modules already initialized, skipping
Refreshing native plugins compatible for Editor in 0.52 ms, found 0 plugins.
Preloading 0 native plugins for Editor in 0.00 ms.
Unloading 1119 Unused Serialized files (Serialized files now loaded: 0)
System memory in use before: 62.3 MB.
System memory in use after: 62.4 MB.

Unloading 5 unused Assets to reduce memory usage. Loaded Objects now: 1631.
Total: 2.814600 ms (FindLiveObjects: 0.209300 ms CreateObjectMapping: 0.072200 ms MarkObjects: 2.396900 ms  DeleteObjects: 0.133900 ms)

========================================================================
Received Import Request.
  Time since last request: 261.588932 seconds.
  path: Assets/Screen.renderTexture
  artifactKey: Guid(a2ed61d14cbec584f941150262c2cf39) Importer(815301076,1909f56bfc062723c751e8b465ee728b)
Start importing Assets/Screen.renderTexture using Guid(a2ed61d14cbec584f941150262c2cf39) Importer(815301076,1909f56bfc062723c751e8b465ee728b)  -> (artifact id: '342ee466299c99d29138e47608ece901') in 0.094493 seconds
  Import took 0.099337 seconds .

========================================================================
Received Prepare
Registering precompiled user dll's ...
Registered in 0.002147 seconds.
Begin MonoManager ReloadAssembly
Native extension for WindowsStandalone target not found
Native extension for WebGL target not found
Refreshing native plugins compatible for Editor in 0.43 ms, found 0 plugins.
Preloading 0 native plugins for Editor in 0.00 ms.
Invoked RoslynAnalysisRunner static constructor.
RoslynAnalysisRunner will not be running.
RoslynAnalysisRunner has terminated.
Mono: successfully reloaded assembly
- Completed reload, in  2.416 seconds
Platform modules already initialized, skipping
Refreshing native plugins compatible for Editor in 0.54 ms, found 0 plugins.
Preloading 0 native plugins for Editor in 0.00 ms.
Unloading 1119 Unused Serialized files (Serialized files now loaded: 0)
System memory in use before: 62.3 MB.
System memory in use after: 62.4 MB.

Unloading 5 unused Assets to reduce memory usage. Loaded Objects now: 1634.
Total: 3.563100 ms (FindLiveObjects: 0.212400 ms CreateObjectMapping: 0.072900 ms MarkObjects: 3.175500 ms  DeleteObjects: 0.098900 ms)

========================================================================
Received Prepare
Registering precompiled user dll's ...
Registered in 0.002438 seconds.
Begin MonoManager ReloadAssembly
Native extension for WindowsStandalone target not found
Native extension for WebGL target not found
Refreshing native plugins compatible for Editor in 0.54 ms, found 0 plugins.
Preloading 0 native plugins for Editor in 0.00 ms.
Invoked RoslynAnalysisRunner static constructor.
RoslynAnalysisRunner will not be running.
RoslynAnalysisRunner has terminated.
Mono: successfully reloaded assembly
- Completed reload, in  2.400 seconds
Platform modules already initialized, skipping
Refreshing native plugins compatible for Editor in 0.42 ms, found 0 plugins.
Preloading 0 native plugins for Editor in 0.00 ms.
Unloading 1119 Unused Serialized files (Serialized files now loaded: 0)
System memory in use before: 62.3 MB.
System memory in use after: 62.4 MB.

Unloading 5 unused Assets to reduce memory usage. Loaded Objects now: 1637.
Total: 3.148700 ms (FindLiveObjects: 0.227900 ms CreateObjectMapping: 0.098700 ms MarkObjects: 2.718700 ms  DeleteObjects: 0.100600 ms)

========================================================================
Received Prepare
Registering precompiled user dll's ...
Registered in 0.002621 seconds.
Begin MonoManager ReloadAssembly
Native extension for WindowsStandalone target not found
Native extension for WebGL target not found
Refreshing native plugins compatible for Editor in 0.52 ms, found 0 plugins.
Preloading 0 native plugins for Editor in 0.00 ms.
Invoked RoslynAnalysisRunner static constructor.
RoslynAnalysisRunner will not be running.
RoslynAnalysisRunner has terminated.
Mono: successfully reloaded assembly
- Completed reload, in  2.038 seconds
Platform modules already initialized, skipping
Refreshing native plugins compatible for Editor in 0.39 ms, found 0 plugins.
Preloading 0 native plugins for Editor in 0.00 ms.
Unloading 1119 Unused Serialized files (Serialized files now loaded: 0)
System memory in use before: 62.3 MB.
System memory in use after: 62.4 MB.

Unloading 5 unused Assets to reduce memory usage. Loaded Objects now: 1640.
Total: 3.249400 ms (FindLiveObjects: 0.305100 ms CreateObjectMapping: 0.073900 ms MarkObjects: 2.756400 ms  DeleteObjects: 0.110700 ms)

========================================================================
Received Prepare
Registering precompiled user dll's ...
Registered in 0.003713 seconds.
Begin MonoManager ReloadAssembly
Native extension for WindowsStandalone target not found
Native extension for WebGL target not found
Refreshing native plugins compatible for Editor in 2.04 ms, found 0 plugins.
Preloading 0 native plugins for Editor in 0.00 ms.
Invoked RoslynAnalysisRunner static constructor.
RoslynAnalysisRunner will not be running.
RoslynAnalysisRunner has terminated.
Mono: successfully reloaded assembly
- Completed reload, in  7.911 seconds
Platform modules already initialized, skipping
Refreshing native plugins compatible for Editor in 0.39 ms, found 0 plugins.
Preloading 0 native plugins for Editor in 0.00 ms.
Unloading 1119 Unused Serialized files (Serialized files now loaded: 0)
System memory in use before: 62.3 MB.
System memory in use after: 62.4 MB.

Unloading 5 unused Assets to reduce memory usage. Loaded Objects now: 1643.
Total: 3.813500 ms (FindLiveObjects: 0.299200 ms CreateObjectMapping: 0.070600 ms MarkObjects: 3.318600 ms  DeleteObjects: 0.121800 ms)

AssetImportWorkerClient::OnTransportError - code=2 error=End of file
