Using pre-set license
Built from '2020.3/staging' branch; Version is '2020.3.0f1 (c7b5465681fb) revision 13088070'; Using compiler version '192528614'; Build Type 'Release'
OS: 'Windows 10 Pro; OS build 19042.964; Version 2009; 64bit' Language: 'en' Physical Memory: 8106 MB
BatchMode: 1, IsHumanControllingUs: 0, StartBugReporterOnCrash: 0, Is64bit: 1, IsPro: 0

 COMMAND LINE ARGUMENTS:
C:\Program Files\Unity\Hub\Editor\2020.3.0f1\Editor\Unity.exe
-adb2
-batchMode
-noUpm
-name
AssetImportWorker0
-projectPath
E:/Mapel/Polinema/S6/Komputasi Multimedia/KM_2021/Project/Minggu 11/Praktikum 2
-logFile
Logs/AssetImportWorker0.log
-srvPort
57826
Successfully changed project path to: E:/Mapel/Polinema/S6/Komputasi Multimedia/KM_2021/Project/Minggu 11/Praktikum 2
E:/Mapel/Polinema/S6/Komputasi Multimedia/KM_2021/Project/Minggu 11/Praktikum 2
Using Asset Import Pipeline V2.
Refreshing native plugins compatible for Editor in 74.08 ms, found 0 plugins.
Preloading 0 native plugins for Editor in 0.00 ms.
Initialize engine version: 2020.3.0f1 (c7b5465681fb)
[Subsystems] Discovering subsystems at path C:/Program Files/Unity/Hub/Editor/2020.3.0f1/Editor/Data/Resources/UnitySubsystems
[Subsystems] Discovering subsystems at path E:/Mapel/Polinema/S6/Komputasi Multimedia/KM_2021/Project/Minggu 11/Praktikum 2/Assets
GfxDevice: creating device client; threaded=0
Direct3D:
    Version:  Direct3D 11.0 [level 10.1]
    Renderer: Intel(R) HD Graphics 3000 (ID=0x116)
    Vendor:   
    VRAM:     128 MB
    Driver:   9.17.10.4459
Initialize mono
Mono path[0] = 'C:/Program Files/Unity/Hub/Editor/2020.3.0f1/Editor/Data/Managed'
Mono path[1] = 'C:/Program Files/Unity/Hub/Editor/2020.3.0f1/Editor/Data/MonoBleedingEdge/lib/mono/unityjit'
Mono config path = 'C:/Program Files/Unity/Hub/Editor/2020.3.0f1/Editor/Data/MonoBleedingEdge/etc'
Using monoOptions --debugger-agent=transport=dt_socket,embedding=1,server=y,suspend=n,address=127.0.0.1:56512
Begin MonoManager ReloadAssembly
Registering precompiled unity dll's ...
Register platform support module: C:/Program Files/Unity/Hub/Editor/2020.3.0f1/Editor/Data/PlaybackEngines/WebGLSupport/UnityEditor.WebGL.Extensions.dll
Register platform support module: C:/Program Files/Unity/Hub/Editor/2020.3.0f1/Editor/Data/PlaybackEngines/WindowsStandaloneSupport/UnityEditor.WindowsStandalone.Extensions.dll
Registered in 0.007588 seconds.
Native extension for WindowsStandalone target not found
Native extension for WebGL target not found
Refreshing native plugins compatible for Editor in 59.39 ms, found 0 plugins.
Preloading 0 native plugins for Editor in 0.00 ms.
Invoked RoslynAnalysisRunner static constructor.
RoslynAnalysisRunner will not be running.
RoslynAnalysisRunner has terminated.
Mono: successfully reloaded assembly
- Completed reload, in  9.241 seconds
Platform modules already initialized, skipping
Registering precompiled user dll's ...
Registered in 0.001575 seconds.
Begin MonoManager ReloadAssembly
Native extension for WindowsStandalone target not found
Native extension for WebGL target not found
Refreshing native plugins compatible for Editor in 1.10 ms, found 0 plugins.
Preloading 0 native plugins for Editor in 0.00 ms.
Invoked RoslynAnalysisRunner static constructor.
RoslynAnalysisRunner will not be running.
RoslynAnalysisRunner has terminated.
Mono: successfully reloaded assembly
- Completed reload, in  2.506 seconds
Platform modules already initialized, skipping
========================================================================
Worker process is ready to serve import requests
Launched and connected shader compiler UnityShaderCompiler.exe after 0.14 seconds
Refreshing native plugins compatible for Editor in 0.94 ms, found 0 plugins.
Preloading 0 native plugins for Editor in 0.00 ms.
Unloading 1116 Unused Serialized files (Serialized files now loaded: 0)
System memory in use before: 57.4 MB.
System memory in use after: 57.4 MB.

Unloading 10 unused Assets to reduce memory usage. Loaded Objects now: 1558.
Total: 2.786800 ms (FindLiveObjects: 0.184900 ms CreateObjectMapping: 0.069200 ms MarkObjects: 2.385000 ms  DeleteObjects: 0.145500 ms)

========================================================================
Received Import Request.
  path: Assets/ReverbZones/reverbScene.unity
  artifactKey: Guid(f0bb11d6fba4fab4390194f6e64673b8) Importer(815301076,1909f56bfc062723c751e8b465ee728b)
Start importing Assets/ReverbZones/reverbScene.unity using Guid(f0bb11d6fba4fab4390194f6e64673b8) Importer(815301076,1909f56bfc062723c751e8b465ee728b)  -> (artifact id: 'a1e936d85241309727106b4e7f7c18fd') in 0.041066 seconds
  Import took 0.046352 seconds .

========================================================================
Received Import Request.
  Time since last request: 0.000509 seconds.
  path: Assets/ReverbZones/SkyboxAudio.mat
  artifactKey: Guid(af789938d6187da45a22912cada76ce0) Importer(815301076,1909f56bfc062723c751e8b465ee728b)
Start importing Assets/ReverbZones/SkyboxAudio.mat using Guid(af789938d6187da45a22912cada76ce0) Importer(815301076,1909f56bfc062723c751e8b465ee728b)  -> (artifact id: '496596e086921faec9bc746505b02612') in 0.413386 seconds
  Import took 0.428474 seconds .

========================================================================
Received Import Request.
  Time since last request: 0.000386 seconds.
  path: Assets/Scenes
  artifactKey: Guid(48bd1f80871b0fa449ae047b1324e1a5) Importer(815301076,1909f56bfc062723c751e8b465ee728b)
Start importing Assets/Scenes using Guid(48bd1f80871b0fa449ae047b1324e1a5) Importer(815301076,1909f56bfc062723c751e8b465ee728b)  -> (artifact id: '2a78b63af23300e059055ae7e07d1ac3') in 0.036356 seconds
  Import took 0.043409 seconds .

========================================================================
Received Import Request.
  Time since last request: 0.000444 seconds.
  path: Assets/ReverbZones
  artifactKey: Guid(107a2c1764d6b4d4c8cf0e14666758a5) Importer(815301076,1909f56bfc062723c751e8b465ee728b)
Start importing Assets/ReverbZones using Guid(107a2c1764d6b4d4c8cf0e14666758a5) Importer(815301076,1909f56bfc062723c751e8b465ee728b)  -> (artifact id: '1158a71d53cedc4aa9a0c2a4f8d3f93c') in 0.040762 seconds
  Import took 0.057201 seconds .

========================================================================
Received Import Request.
  Time since last request: 0.000540 seconds.
  path: Assets/ReverbZones/Signal.prefab
  artifactKey: Guid(cb8adc05ca83f0541becc3bbd7fc6aa6) Importer(815301076,1909f56bfc062723c751e8b465ee728b)
Start importing Assets/ReverbZones/Signal.prefab using Guid(cb8adc05ca83f0541becc3bbd7fc6aa6) Importer(815301076,1909f56bfc062723c751e8b465ee728b)  -> (artifact id: '4c9fbf9dea4d440dbb1eea77c4654bd7') in 1.486879 seconds
  Import took 1.491628 seconds .

========================================================================
Received Import Request.
  Time since last request: 0.000382 seconds.
  path: Assets/ReverbZones/signalSound.wav
  artifactKey: Guid(f64e6574785f08546a9aa5760cfe6448) Importer(815301076,1909f56bfc062723c751e8b465ee728b)
Start importing Assets/ReverbZones/signalSound.wav using Guid(f64e6574785f08546a9aa5760cfe6448) Importer(815301076,1909f56bfc062723c751e8b465ee728b)  -> (artifact id: '9c2aeb7614e21da966e89ba52b194db3') in 0.090777 seconds
  Import took 0.100317 seconds .

========================================================================
Received Import Request.
  Time since last request: 0.000139 seconds.
  path: Assets/ReverbZones/tunnel.FBX
  artifactKey: Guid(f29af4b16eeedcf4eaefe6c69a863cbf) Importer(815301076,1909f56bfc062723c751e8b465ee728b)
Start importing Assets/ReverbZones/tunnel.FBX using Guid(f29af4b16eeedcf4eaefe6c69a863cbf) Importer(815301076,1909f56bfc062723c751e8b465ee728b)  -> (artifact id: '928a619dbf37a23bb8ebe5cc3fc4082e') in 1.540127 seconds
  Import took 1.557759 seconds .

========================================================================
Received Import Request.
  Time since last request: 0.000377 seconds.
  path: Assets/ReverbZones/signalModel.FBX
  artifactKey: Guid(444d5fd05b458f049b6262848c620963) Importer(815301076,1909f56bfc062723c751e8b465ee728b)
Start importing Assets/ReverbZones/signalModel.FBX using Guid(444d5fd05b458f049b6262848c620963) Importer(815301076,1909f56bfc062723c751e8b465ee728b)  -> (artifact id: '1ab68b6bfbea5b69210f3ab737206360') in 0.061144 seconds
  Import took 0.065752 seconds .

========================================================================
Received Import Request.
  Time since last request: 94.378805 seconds.
  path: Assets/ReverbZones/signalmodel.fbm
  artifactKey: Guid(53fc3579106159f45a43b28ab7064ba8) Importer(815301076,1909f56bfc062723c751e8b465ee728b)
Start importing Assets/ReverbZones/signalmodel.fbm using Guid(53fc3579106159f45a43b28ab7064ba8) Importer(815301076,1909f56bfc062723c751e8b465ee728b)  -> (artifact id: '4ce7c2bf40b95af20580a340649f62a2') in 0.018365 seconds
  Import took 0.023164 seconds .

========================================================================
Received Import Request.
  Time since last request: 0.107498 seconds.
  path: Assets/ReverbZones/signalmodel.fbm/signal.png
  artifactKey: Guid(befb850ea19035849ad7d069e9c9c150) Importer(815301076,1909f56bfc062723c751e8b465ee728b)
Start importing Assets/ReverbZones/signalmodel.fbm/signal.png using Guid(befb850ea19035849ad7d069e9c9c150) Importer(815301076,1909f56bfc062723c751e8b465ee728b)  -> (artifact id: '7c40497ecde63d43ee41a8a0b0292a27') in 0.112132 seconds
  Import took 0.116585 seconds .

========================================================================
Received Import Request.
  Time since last request: 24.209627 seconds.
  path: Assets/ReverbZones/tunnel.fbm
  artifactKey: Guid(73652d7674a2fed4b9f7a5781690484c) Importer(815301076,1909f56bfc062723c751e8b465ee728b)
Start importing Assets/ReverbZones/tunnel.fbm using Guid(73652d7674a2fed4b9f7a5781690484c) Importer(815301076,1909f56bfc062723c751e8b465ee728b)  -> (artifact id: '17fddf57b461c124f5e6ea323de0a480') in 0.022527 seconds
  Import took 0.149017 seconds .

========================================================================
Received Import Request.
  Time since last request: 0.000386 seconds.
  path: Assets/ReverbZones/tunnel.fbm/bricks.png
  artifactKey: Guid(e4f21f8c3e28c0546b65fd5caf4c7d2a) Importer(815301076,1909f56bfc062723c751e8b465ee728b)
Start importing Assets/ReverbZones/tunnel.fbm/bricks.png using Guid(e4f21f8c3e28c0546b65fd5caf4c7d2a) Importer(815301076,1909f56bfc062723c751e8b465ee728b)  -> (artifact id: '2959737441b89ab97eb68de8c569cd64') in 0.030318 seconds
  Import took 0.042993 seconds .

========================================================================
Received Import Request.
  Time since last request: 0.000526 seconds.
  path: Assets/ReverbZones/tunnel.fbm/bricks_red.png
  artifactKey: Guid(5c98a291f209502468cdfe6ac30f95fc) Importer(815301076,1909f56bfc062723c751e8b465ee728b)
Start importing Assets/ReverbZones/tunnel.fbm/bricks_red.png using Guid(5c98a291f209502468cdfe6ac30f95fc) Importer(815301076,1909f56bfc062723c751e8b465ee728b)  -> (artifact id: '7311e33f5702554eb2ade8694ebb3e98') in 0.033081 seconds
  Import took 0.037234 seconds .

========================================================================
Received Import Request.
  Time since last request: 0.000599 seconds.
  path: Assets/ReverbZones/tunnel.fbm/bricksNormal.png
  artifactKey: Guid(013f2fbf6f8e3b348a7412ea6c75c2eb) Importer(815301076,1909f56bfc062723c751e8b465ee728b)
Start importing Assets/ReverbZones/tunnel.fbm/bricksNormal.png using Guid(013f2fbf6f8e3b348a7412ea6c75c2eb) Importer(815301076,1909f56bfc062723c751e8b465ee728b)  -> (artifact id: 'b6bc319cdd3e13e5c3db6b380dad310b') in 0.053102 seconds
  Import took 0.058561 seconds .

========================================================================
Received Prepare
Registering precompiled user dll's ...
Registered in 0.010279 seconds.
Begin MonoManager ReloadAssembly
Native extension for WindowsStandalone target not found
Native extension for WebGL target not found
Refreshing native plugins compatible for Editor in 0.73 ms, found 0 plugins.
Preloading 0 native plugins for Editor in 0.00 ms.
Invoked RoslynAnalysisRunner static constructor.
RoslynAnalysisRunner will not be running.
RoslynAnalysisRunner has terminated.
Mono: successfully reloaded assembly
- Completed reload, in  7.421 seconds
Platform modules already initialized, skipping
Refreshing native plugins compatible for Editor in 3.51 ms, found 0 plugins.
Preloading 0 native plugins for Editor in 0.00 ms.
Unloading 1111 Unused Serialized files (Serialized files now loaded: 0)
System memory in use before: 61.4 MB.
System memory in use after: 61.5 MB.

Unloading 5 unused Assets to reduce memory usage. Loaded Objects now: 1611.
Total: 8.075000 ms (FindLiveObjects: 0.546300 ms CreateObjectMapping: 0.117100 ms MarkObjects: 7.218200 ms  DeleteObjects: 0.189500 ms)

AssetImportWorkerClient::OnTransportError - code=2 error=End of file
