Using pre-set license
Built from '2020.3/staging' branch; Version is '2020.3.0f1 (c7b5465681fb) revision 13088070'; Using compiler version '192528614'; Build Type 'Release'
OS: 'Windows 10 Pro; OS build 19042.906; Version 2009; 64bit' Language: 'en' Physical Memory: 8106 MB
BatchMode: 1, IsHumanControllingUs: 0, StartBugReporterOnCrash: 0, Is64bit: 1, IsPro: 0

 COMMAND LINE ARGUMENTS:
C:\Program Files\Unity\Hub\Editor\2020.3.0f1\Editor\Unity.exe
-adb2
-batchMode
-noUpm
-name
AssetImportWorker0
-projectPath
E:/Mapel/Polinema/S6/Komputasi Multimedia/Project/Minggu 09/Praktikum 2
-logFile
Logs/AssetImportWorker0.log
-srvPort
65099
Successfully changed project path to: E:/Mapel/Polinema/S6/Komputasi Multimedia/Project/Minggu 09/Praktikum 2
E:/Mapel/Polinema/S6/Komputasi Multimedia/Project/Minggu 09/Praktikum 2
Using Asset Import Pipeline V2.
Refreshing native plugins compatible for Editor in 64.41 ms, found 0 plugins.
Preloading 0 native plugins for Editor in 0.00 ms.
Initialize engine version: 2020.3.0f1 (c7b5465681fb)
[Subsystems] Discovering subsystems at path C:/Program Files/Unity/Hub/Editor/2020.3.0f1/Editor/Data/Resources/UnitySubsystems
[Subsystems] Discovering subsystems at path E:/Mapel/Polinema/S6/Komputasi Multimedia/Project/Minggu 09/Praktikum 2/Assets
GfxDevice: creating device client; threaded=0
Direct3D:
    Version:  Direct3D 11.0 [level 10.1]
    Renderer: Intel(R) HD Graphics 3000 (ID=0x116)
    Vendor:   
    VRAM:     128 MB
    Driver:   9.17.10.4459
Initialize mono
Mono path[0] = 'C:/Program Files/Unity/Hub/Editor/2020.3.0f1/Editor/Data/Managed'
Mono path[1] = 'C:/Program Files/Unity/Hub/Editor/2020.3.0f1/Editor/Data/MonoBleedingEdge/lib/mono/unityjit'
Mono config path = 'C:/Program Files/Unity/Hub/Editor/2020.3.0f1/Editor/Data/MonoBleedingEdge/etc'
Using monoOptions --debugger-agent=transport=dt_socket,embedding=1,server=y,suspend=n,address=127.0.0.1:56840
Begin MonoManager ReloadAssembly
Registering precompiled unity dll's ...
Register platform support module: C:/Program Files/Unity/Hub/Editor/2020.3.0f1/Editor/Data/PlaybackEngines/WebGLSupport/UnityEditor.WebGL.Extensions.dll
Register platform support module: C:/Program Files/Unity/Hub/Editor/2020.3.0f1/Editor/Data/PlaybackEngines/WindowsStandaloneSupport/UnityEditor.WindowsStandalone.Extensions.dll
Registered in 0.006753 seconds.
Native extension for WindowsStandalone target not found
Native extension for WebGL target not found
Refreshing native plugins compatible for Editor in 70.27 ms, found 0 plugins.
Preloading 0 native plugins for Editor in 0.00 ms.
Invoked RoslynAnalysisRunner static constructor.
RoslynAnalysisRunner will not be running.
RoslynAnalysisRunner has terminated.
Mono: successfully reloaded assembly
- Completed reload, in  6.526 seconds
Platform modules already initialized, skipping
Registering precompiled user dll's ...
Registered in 0.001464 seconds.
Begin MonoManager ReloadAssembly
Native extension for WindowsStandalone target not found
Native extension for WebGL target not found
Refreshing native plugins compatible for Editor in 0.41 ms, found 0 plugins.
Preloading 0 native plugins for Editor in 0.00 ms.
Invoked RoslynAnalysisRunner static constructor.
RoslynAnalysisRunner will not be running.
RoslynAnalysisRunner has terminated.
Mono: successfully reloaded assembly
- Completed reload, in  2.806 seconds
Platform modules already initialized, skipping
========================================================================
Worker process is ready to serve import requests
Launched and connected shader compiler UnityShaderCompiler.exe after 0.27 seconds
Refreshing native plugins compatible for Editor in 0.50 ms, found 0 plugins.
Preloading 0 native plugins for Editor in 0.00 ms.
Unloading 1116 Unused Serialized files (Serialized files now loaded: 0)
System memory in use before: 57.2 MB.
System memory in use after: 57.2 MB.

Unloading 10 unused Assets to reduce memory usage. Loaded Objects now: 1561.
Total: 4.106900 ms (FindLiveObjects: 0.708300 ms CreateObjectMapping: 0.423900 ms MarkObjects: 2.811800 ms  DeleteObjects: 0.159400 ms)

========================================================================
Received Import Request.
  path: Assets/Materials
  artifactKey: Guid(91691b4d2390aab40b2b07322767ed52) Importer(815301076,1909f56bfc062723c751e8b465ee728b)
Start importing Assets/Materials using Guid(91691b4d2390aab40b2b07322767ed52) Importer(815301076,1909f56bfc062723c751e8b465ee728b)  -> (artifact id: '39ee9954ad5d9a7d1cfad90623362e96') in 0.022277 seconds
  Import took 0.075299 seconds .

========================================================================
Received Import Request.
  Time since last request: 0.177430 seconds.
  path: Assets/Scenes
  artifactKey: Guid(41bba5a23397b144e8be92324fda9df3) Importer(815301076,1909f56bfc062723c751e8b465ee728b)
Start importing Assets/Scenes using Guid(41bba5a23397b144e8be92324fda9df3) Importer(815301076,1909f56bfc062723c751e8b465ee728b)  -> (artifact id: '73cf5076ee183f89dd99d7fc98a73c65') in 0.015744 seconds
  Import took 0.038529 seconds .

========================================================================
Received Import Request.
  Time since last request: 0.056066 seconds.
  path: Assets/ProbesSettings.lighting
  artifactKey: Guid(489241602725d6048909660f89a02bbc) Importer(815301076,1909f56bfc062723c751e8b465ee728b)
Start importing Assets/ProbesSettings.lighting using Guid(489241602725d6048909660f89a02bbc) Importer(815301076,1909f56bfc062723c751e8b465ee728b) LightingSettings: switching bake backend from 1 to 0.
 -> (artifact id: 'ec9b349fcab69a519e9684fac9840b41') in 0.084431 seconds
  Import took 0.089744 seconds .

========================================================================
Received Import Request.
  Time since last request: 0.052509 seconds.
  path: Assets/Scripts/Orbitate.cs
  artifactKey: Guid(0d3330eab09bc984aa625872db52e856) Importer(815301076,1909f56bfc062723c751e8b465ee728b)
Start importing Assets/Scripts/Orbitate.cs using Guid(0d3330eab09bc984aa625872db52e856) Importer(815301076,1909f56bfc062723c751e8b465ee728b)  -> (artifact id: '23a4f8bffaf2da4df1ce2039c33457a8') in 0.025751 seconds
  Import took 0.030597 seconds .

========================================================================
Received Import Request.
  Time since last request: 0.053663 seconds.
  path: Assets/Probes
  artifactKey: Guid(001e6669a8f57f743b9136cdb4dd6d9c) Importer(815301076,1909f56bfc062723c751e8b465ee728b)
Start importing Assets/Probes using Guid(001e6669a8f57f743b9136cdb4dd6d9c) Importer(815301076,1909f56bfc062723c751e8b465ee728b)  -> (artifact id: 'fbc5e1c2e09798f451a2de57e28a9051') in 0.014042 seconds
  Import took 0.019439 seconds .

========================================================================
Received Import Request.
  Time since last request: 0.329609 seconds.
  path: Assets/Probes.unity
  artifactKey: Guid(5c80caec0065d5e4cb21c81db193c489) Importer(815301076,1909f56bfc062723c751e8b465ee728b)
Start importing Assets/Probes.unity using Guid(5c80caec0065d5e4cb21c81db193c489) Importer(815301076,1909f56bfc062723c751e8b465ee728b)  -> (artifact id: 'ce39bcfbb018e08d42bf838244a74db9') in 0.017131 seconds
  Import took 0.022199 seconds .

========================================================================
Received Import Request.
  Time since last request: 0.030053 seconds.
  path: Assets/Scenes/SampleScene.unity
  artifactKey: Guid(9fc0d4010bbf28b4594072e72b8655ab) Importer(815301076,1909f56bfc062723c751e8b465ee728b)
Start importing Assets/Scenes/SampleScene.unity using Guid(9fc0d4010bbf28b4594072e72b8655ab) Importer(815301076,1909f56bfc062723c751e8b465ee728b)  -> (artifact id: '777e927d0b238e2cde0f6869e17df74c') in 0.015669 seconds
  Import took 0.019758 seconds .

AssetImportWorkerClient::OnTransportError - code=2 error=End of file
