Using pre-set license
Built from '2020.3/staging' branch; Version is '2020.3.11f1 (99c7afb366b3) revision 10078127'; Using compiler version '192528614'; Build Type 'Release'
OS: 'Windows 10 Pro; OS build 19043.1055; Version 2009; 64bit' Language: 'en' Physical Memory: 8106 MB
BatchMode: 1, IsHumanControllingUs: 0, StartBugReporterOnCrash: 0, Is64bit: 1, IsPro: 0

 COMMAND LINE ARGUMENTS:
C:\Program Files\Unity\Hub\Editor\2020.3.11f1\Editor\Unity.exe
-adb2
-batchMode
-noUpm
-name
AssetImportWorker1
-projectPath
E:/Mapel/Polinema/S6/Komputasi Multimedia/KM_2021/Project/Minggu 14/Praktikum 1
-logFile
Logs/AssetImportWorker1.log
-srvPort
57187
Successfully changed project path to: E:/Mapel/Polinema/S6/Komputasi Multimedia/KM_2021/Project/Minggu 14/Praktikum 1
E:/Mapel/Polinema/S6/Komputasi Multimedia/KM_2021/Project/Minggu 14/Praktikum 1
Using Asset Import Pipeline V2.
Refreshing native plugins compatible for Editor in 65.89 ms, found 2 plugins.
Preloading 0 native plugins for Editor in 0.00 ms.
Initialize engine version: 2020.3.11f1 (99c7afb366b3)
[Subsystems] Discovering subsystems at path C:/Program Files/Unity/Hub/Editor/2020.3.11f1/Editor/Data/Resources/UnitySubsystems
[Subsystems] Discovering subsystems at path E:/Mapel/Polinema/S6/Komputasi Multimedia/KM_2021/Project/Minggu 14/Praktikum 1/Assets
GfxDevice: creating device client; threaded=0
Direct3D:
    Version:  Direct3D 11.0 [level 10.1]
    Renderer: Intel(R) HD Graphics 3000 (ID=0x116)
    Vendor:   
    VRAM:     128 MB
    Driver:   9.17.10.4459
Initialize mono
Mono path[0] = 'C:/Program Files/Unity/Hub/Editor/2020.3.11f1/Editor/Data/Managed'
Mono path[1] = 'C:/Program Files/Unity/Hub/Editor/2020.3.11f1/Editor/Data/MonoBleedingEdge/lib/mono/unityjit'
Mono config path = 'C:/Program Files/Unity/Hub/Editor/2020.3.11f1/Editor/Data/MonoBleedingEdge/etc'
Using monoOptions --debugger-agent=transport=dt_socket,embedding=1,server=y,suspend=n,address=127.0.0.1:56244
Begin MonoManager ReloadAssembly
Registering precompiled unity dll's ...
Register platform support module: C:/Program Files/Unity/Hub/Editor/2020.3.11f1/Editor/Data/PlaybackEngines/WebGLSupport/UnityEditor.WebGL.Extensions.dll
Register platform support module: C:/Program Files/Unity/Hub/Editor/2020.3.11f1/Editor/Data/PlaybackEngines/WindowsStandaloneSupport/UnityEditor.WindowsStandalone.Extensions.dll
Registered in 0.005328 seconds.
Native extension for WindowsStandalone target not found
Native extension for WebGL target not found
Refreshing native plugins compatible for Editor in 64.23 ms, found 2 plugins.
Preloading 0 native plugins for Editor in 0.00 ms.
Mono: successfully reloaded assembly
- Completed reload, in  4.434 seconds
Platform modules already initialized, skipping
Registering precompiled user dll's ...
Registered in 0.008173 seconds.
Begin MonoManager ReloadAssembly
Native extension for WindowsStandalone target not found
Native extension for WebGL target not found
Refreshing native plugins compatible for Editor in 0.65 ms, found 2 plugins.
Preloading 0 native plugins for Editor in 0.00 ms.
Mono: successfully reloaded assembly
- Completed reload, in  6.016 seconds
Platform modules already initialized, skipping
========================================================================
Worker process is ready to serve import requests
Launched and connected shader compiler UnityShaderCompiler.exe after 0.17 seconds
Refreshing native plugins compatible for Editor in 0.70 ms, found 2 plugins.
Preloading 0 native plugins for Editor in 0.00 ms.
Unloading 1386 Unused Serialized files (Serialized files now loaded: 0)
System memory in use before: 65.1 MB.
System memory in use after: 65.2 MB.

Unloading 19 unused Assets to reduce memory usage. Loaded Objects now: 1819.
Total: 3.535400 ms (FindLiveObjects: 0.194800 ms CreateObjectMapping: 0.085000 ms MarkObjects: 3.107500 ms  DeleteObjects: 0.145600 ms)

========================================================================
Received Import Request.
  path: Assets/MsLaser@T-Pose.fbx
  artifactKey: Guid(c70c59ccf3b39774db265f4319390d4e) Importer(815301076,1909f56bfc062723c751e8b465ee728b)
Start importing Assets/MsLaser@T-Pose.fbx using Guid(c70c59ccf3b39774db265f4319390d4e) Importer(815301076,1909f56bfc062723c751e8b465ee728b)  -> (artifact id: 'b16b48c6685666e12ffe297b47303b55') in 1.662978 seconds
  Import took 1.730766 seconds .

========================================================================
Received Import Request.
  Time since last request: 0.000463 seconds.
  path: Assets/Swat@rifle_aiming_idle.fbx
  artifactKey: Guid(240cd06344b8beb4b8817b74684222a2) Importer(815301076,1909f56bfc062723c751e8b465ee728b)
Start importing Assets/Swat@rifle_aiming_idle.fbx using Guid(240cd06344b8beb4b8817b74684222a2) Importer(815301076,1909f56bfc062723c751e8b465ee728b)  -> (artifact id: '6ff4e994f4b678cc127febfe360027e1') in 0.026307 seconds
  Import took 0.053664 seconds .

========================================================================
Received Import Request.
  Time since last request: 0.005941 seconds.
  path: Assets/Swat@rifle_aiming_idle.fbx
  artifactKey: Guid(240cd06344b8beb4b8817b74684222a2) Importer(815301076,1909f56bfc062723c751e8b465ee728b)
Start importing Assets/Swat@rifle_aiming_idle.fbx using Guid(240cd06344b8beb4b8817b74684222a2) Importer(815301076,1909f56bfc062723c751e8b465ee728b)  -> (artifact id: '6ff4e994f4b678cc127febfe360027e1') in 0.013605 seconds
  Import took 0.026439 seconds .

========================================================================
Received Import Request.
  Time since last request: 1001.139519 seconds.
  path: Assets/MsLaser@T-Pose.fbx
  artifactKey: Guid(c70c59ccf3b39774db265f4319390d4e) Importer(815301076,1909f56bfc062723c751e8b465ee728b)
Start importing Assets/MsLaser@T-Pose.fbx using Guid(c70c59ccf3b39774db265f4319390d4e) Importer(815301076,1909f56bfc062723c751e8b465ee728b)  -> (artifact id: '8a70917bbf6f9f7e73e0dab938187164') in 0.312831 seconds
  Import took 0.321387 seconds .

========================================================================
Received Import Request.
  Time since last request: 288.045955 seconds.
  path: Assets/Swat@rifle_aiming_idle.fbx
  artifactKey: Guid(240cd06344b8beb4b8817b74684222a2) Importer(815301076,1909f56bfc062723c751e8b465ee728b)
Start importing Assets/Swat@rifle_aiming_idle.fbx using Guid(240cd06344b8beb4b8817b74684222a2) Importer(815301076,1909f56bfc062723c751e8b465ee728b)  -> (artifact id: 'd57aab406283baf8f2c7e41e58f1e95e') in 0.058691 seconds
  Import took 0.065576 seconds .

========================================================================
Received Import Request.
  Time since last request: 0.009028 seconds.
  path: Assets/Swat@rifle_aiming_idle.fbx
  artifactKey: Guid(240cd06344b8beb4b8817b74684222a2) Importer(815301076,1909f56bfc062723c751e8b465ee728b)
Start importing Assets/Swat@rifle_aiming_idle.fbx using Guid(240cd06344b8beb4b8817b74684222a2) Importer(815301076,1909f56bfc062723c751e8b465ee728b)  -> (artifact id: 'd57aab406283baf8f2c7e41e58f1e95e') in 0.019893 seconds
  Import took 0.029968 seconds .

========================================================================
Received Import Request.
  Time since last request: 863.136464 seconds.
  path: Assets/Swat@rifle_aiming_idle.fbx
  artifactKey: Guid(240cd06344b8beb4b8817b74684222a2) Importer(815301076,1909f56bfc062723c751e8b465ee728b)
Start importing Assets/Swat@rifle_aiming_idle.fbx using Guid(240cd06344b8beb4b8817b74684222a2) Importer(815301076,1909f56bfc062723c751e8b465ee728b)  -> (artifact id: '86bb229c0f21594c69b0c794e21f2275') in 0.016947 seconds
  Import took 0.313800 seconds .

========================================================================
Received Import Request.
  Time since last request: 112.468081 seconds.
  path: Assets
  artifactKey: Guid(00000000000000001000000000000000) Importer(815301076,1909f56bfc062723c751e8b465ee728b)
Start importing Assets using Guid(00000000000000001000000000000000) Importer(815301076,1909f56bfc062723c751e8b465ee728b)  -> (artifact id: '42d402b061de3733987d63b9cc3b64de') in 0.017462 seconds
  Import took 0.134321 seconds .

========================================================================
Received Import Request.
  Time since last request: 10.588375 seconds.
  path: Assets/MainCharacter.controller
  artifactKey: Guid(bda9c0955c9f24a49a4f7a8efc06f5fb) Importer(815301076,1909f56bfc062723c751e8b465ee728b)
Start importing Assets/MainCharacter.controller using Guid(bda9c0955c9f24a49a4f7a8efc06f5fb) Importer(815301076,1909f56bfc062723c751e8b465ee728b)  -> (artifact id: '98dec7cc9c71d5e223c23a9edb1c6b40') in 0.027323 seconds
  Import took 0.033993 seconds .

========================================================================
Received Prepare
Registering precompiled user dll's ...
Registered in 0.008216 seconds.
Begin MonoManager ReloadAssembly
Native extension for WindowsStandalone target not found
Native extension for WebGL target not found
Refreshing native plugins compatible for Editor in 0.60 ms, found 2 plugins.
Preloading 0 native plugins for Editor in 0.00 ms.
Mono: successfully reloaded assembly
- Completed reload, in  2.197 seconds
Platform modules already initialized, skipping
Refreshing native plugins compatible for Editor in 0.67 ms, found 2 plugins.
Preloading 0 native plugins for Editor in 0.00 ms.
Unloading 1381 Unused Serialized files (Serialized files now loaded: 0)
System memory in use before: 68.6 MB.
System memory in use after: 68.7 MB.

Unloading 14 unused Assets to reduce memory usage. Loaded Objects now: 1865.
Total: 3.204900 ms (FindLiveObjects: 0.212600 ms CreateObjectMapping: 0.097300 ms MarkObjects: 2.796700 ms  DeleteObjects: 0.095800 ms)

========================================================================
Received Import Request.
  Time since last request: 1173.326883 seconds.
  path: Assets/Scenes
  artifactKey: Guid(9d389cf908e8b784e9d59ea17fcdb1f7) Importer(815301076,1909f56bfc062723c751e8b465ee728b)
Start importing Assets/Scenes using Guid(9d389cf908e8b784e9d59ea17fcdb1f7) Importer(815301076,1909f56bfc062723c751e8b465ee728b)  -> (artifact id: '52ab60dd609ab3c11de97f2ca18ab4ad') in 0.017551 seconds
  Import took 0.022842 seconds .

========================================================================
Received Import Request.
  Time since last request: 1.216608 seconds.
  path: Assets/Scenes/SampleScene.unity
  artifactKey: Guid(9fc0d4010bbf28b4594072e72b8655ab) Importer(815301076,1909f56bfc062723c751e8b465ee728b)
Start importing Assets/Scenes/SampleScene.unity using Guid(9fc0d4010bbf28b4594072e72b8655ab) Importer(815301076,1909f56bfc062723c751e8b465ee728b)  -> (artifact id: 'b2965a236a7d1dfe5e7dd400ed7b248a') in 0.043625 seconds
  Import took 0.049212 seconds .

========================================================================
Received Prepare
Registering precompiled user dll's ...
Registered in 0.012715 seconds.
Begin MonoManager ReloadAssembly
Native extension for WindowsStandalone target not found
Native extension for WebGL target not found
Refreshing native plugins compatible for Editor in 1.02 ms, found 2 plugins.
Preloading 0 native plugins for Editor in 0.00 ms.
Mono: successfully reloaded assembly
- Completed reload, in  3.517 seconds
Platform modules already initialized, skipping
Refreshing native plugins compatible for Editor in 1.06 ms, found 2 plugins.
Preloading 0 native plugins for Editor in 0.00 ms.
Unloading 1381 Unused Serialized files (Serialized files now loaded: 0)
System memory in use before: 68.7 MB.
System memory in use after: 68.7 MB.

Unloading 14 unused Assets to reduce memory usage. Loaded Objects now: 1868.
Total: 6.427600 ms (FindLiveObjects: 0.313900 ms CreateObjectMapping: 0.182400 ms MarkObjects: 5.598700 ms  DeleteObjects: 0.326300 ms)

AssetImportWorkerClient::OnTransportError - code=2 error=End of file
