Using pre-set license
Built from '2020.3/staging' branch; Version is '2020.3.11f1 (99c7afb366b3) revision 10078127'; Using compiler version '192528614'; Build Type 'Release'
OS: 'Windows 10 Pro; OS build 19043.1055; Version 2009; 64bit' Language: 'en' Physical Memory: 8106 MB
BatchMode: 1, IsHumanControllingUs: 0, StartBugReporterOnCrash: 0, Is64bit: 1, IsPro: 0

 COMMAND LINE ARGUMENTS:
C:\Program Files\Unity\Hub\Editor\2020.3.11f1\Editor\Unity.exe
-adb2
-batchMode
-noUpm
-name
AssetImportWorker0
-projectPath
E:/Mapel/Polinema/S6/Komputasi Multimedia/KM_2021/Project/Minggu 14/Praktikum 3
-logFile
Logs/AssetImportWorker0.log
-srvPort
56805
Successfully changed project path to: E:/Mapel/Polinema/S6/Komputasi Multimedia/KM_2021/Project/Minggu 14/Praktikum 3
E:/Mapel/Polinema/S6/Komputasi Multimedia/KM_2021/Project/Minggu 14/Praktikum 3
Using Asset Import Pipeline V2.
Refreshing native plugins compatible for Editor in 71.37 ms, found 2 plugins.
Preloading 0 native plugins for Editor in 0.00 ms.
Initialize engine version: 2020.3.11f1 (99c7afb366b3)
[Subsystems] Discovering subsystems at path C:/Program Files/Unity/Hub/Editor/2020.3.11f1/Editor/Data/Resources/UnitySubsystems
[Subsystems] Discovering subsystems at path E:/Mapel/Polinema/S6/Komputasi Multimedia/KM_2021/Project/Minggu 14/Praktikum 3/Assets
GfxDevice: creating device client; threaded=0
Direct3D:
    Version:  Direct3D 11.0 [level 10.1]
    Renderer: Intel(R) HD Graphics 3000 (ID=0x116)
    Vendor:   
    VRAM:     128 MB
    Driver:   9.17.10.4459
Initialize mono
Mono path[0] = 'C:/Program Files/Unity/Hub/Editor/2020.3.11f1/Editor/Data/Managed'
Mono path[1] = 'C:/Program Files/Unity/Hub/Editor/2020.3.11f1/Editor/Data/MonoBleedingEdge/lib/mono/unityjit'
Mono config path = 'C:/Program Files/Unity/Hub/Editor/2020.3.11f1/Editor/Data/MonoBleedingEdge/etc'
Using monoOptions --debugger-agent=transport=dt_socket,embedding=1,server=y,suspend=n,address=127.0.0.1:56152
Begin MonoManager ReloadAssembly
Registering precompiled unity dll's ...
Register platform support module: C:/Program Files/Unity/Hub/Editor/2020.3.11f1/Editor/Data/PlaybackEngines/WebGLSupport/UnityEditor.WebGL.Extensions.dll
Register platform support module: C:/Program Files/Unity/Hub/Editor/2020.3.11f1/Editor/Data/PlaybackEngines/WindowsStandaloneSupport/UnityEditor.WindowsStandalone.Extensions.dll
Registered in 0.006207 seconds.
Native extension for WindowsStandalone target not found
Native extension for WebGL target not found
Refreshing native plugins compatible for Editor in 72.80 ms, found 2 plugins.
Preloading 0 native plugins for Editor in 0.00 ms.
Mono: successfully reloaded assembly
- Completed reload, in  4.914 seconds
Platform modules already initialized, skipping
Registering precompiled user dll's ...
Registered in 0.008444 seconds.
Begin MonoManager ReloadAssembly
Native extension for WindowsStandalone target not found
Native extension for WebGL target not found
Refreshing native plugins compatible for Editor in 0.93 ms, found 2 plugins.
Preloading 0 native plugins for Editor in 0.00 ms.
Mono: successfully reloaded assembly
- Completed reload, in  2.492 seconds
Platform modules already initialized, skipping
========================================================================
Worker process is ready to serve import requests
Launched and connected shader compiler UnityShaderCompiler.exe after 0.13 seconds
Refreshing native plugins compatible for Editor in 0.58 ms, found 2 plugins.
Preloading 0 native plugins for Editor in 0.00 ms.
Unloading 1387 Unused Serialized files (Serialized files now loaded: 0)
System memory in use before: 65.2 MB.
System memory in use after: 65.2 MB.

Unloading 19 unused Assets to reduce memory usage. Loaded Objects now: 1820.
Total: 4.354100 ms (FindLiveObjects: 0.199900 ms CreateObjectMapping: 0.085300 ms MarkObjects: 3.873800 ms  DeleteObjects: 0.192500 ms)

========================================================================
Received Import Request.
  path: Assets/Swat@walking.fbx
  artifactKey: Guid(8c6151e581c67da4fbb2f802bb200a81) Importer(815301076,1909f56bfc062723c751e8b465ee728b)
Start importing Assets/Swat@walking.fbx using Guid(8c6151e581c67da4fbb2f802bb200a81) Importer(815301076,1909f56bfc062723c751e8b465ee728b)  -> (artifact id: '5098d3e60070af83139f91eac446aae9') in 0.117358 seconds
  Import took 0.126571 seconds .

========================================================================
Received Import Request.
  Time since last request: 0.000462 seconds.
  path: Assets/MsLaser.prefab
  artifactKey: Guid(1c14a5a274c1fa541849a1423e9b0072) Importer(815301076,1909f56bfc062723c751e8b465ee728b)
Start importing Assets/MsLaser.prefab using Guid(1c14a5a274c1fa541849a1423e9b0072) Importer(815301076,1909f56bfc062723c751e8b465ee728b)  -> (artifact id: '2ad4ed532ecbbcaa76b5975b9c993b53') in 0.772954 seconds
  Import took 0.782153 seconds .

========================================================================
Received Import Request.
  Time since last request: 0.000413 seconds.
  path: Assets/Swat@walking_backwards.fbx
  artifactKey: Guid(293b98957aeb2444d8eeb0146a285be5) Importer(815301076,1909f56bfc062723c751e8b465ee728b)
Start importing Assets/Swat@walking_backwards.fbx using Guid(293b98957aeb2444d8eeb0146a285be5) Importer(815301076,1909f56bfc062723c751e8b465ee728b)  -> (artifact id: '1b5be4df9570af0e9f47bee883a267f7') in 0.032914 seconds
  Import took 0.040527 seconds .

========================================================================
Received Import Request.
  Time since last request: 0.001457 seconds.
  path: Assets/Swat@strafe_left.fbx
  artifactKey: Guid(3674f0e50389bea428792799d4601f3c) Importer(815301076,1909f56bfc062723c751e8b465ee728b)
Start importing Assets/Swat@strafe_left.fbx using Guid(3674f0e50389bea428792799d4601f3c) Importer(815301076,1909f56bfc062723c751e8b465ee728b)  -> (artifact id: '13be616fab5f9707f5a20d736df9fbd3') in 0.028397 seconds
  Import took 0.038400 seconds .

========================================================================
Received Import Request.
  Time since last request: 0.000719 seconds.
  path: Assets/MsLaser@T-Pose.fbx
  artifactKey: Guid(6d61fc2597b0c10439ab863805701a94) Importer(815301076,1909f56bfc062723c751e8b465ee728b)
Start importing Assets/MsLaser@T-Pose.fbx using Guid(6d61fc2597b0c10439ab863805701a94) Importer(815301076,1909f56bfc062723c751e8b465ee728b)  -> (artifact id: '06d4d2dec2932e2c3d9b00d5fa5bb047') in 0.987350 seconds
  Import took 0.994199 seconds .

========================================================================
Received Import Request.
  Time since last request: 0.000471 seconds.
  path: Assets/Swat@run_backwards.fbx
  artifactKey: Guid(279bb0ba476a0bd4c99bdcfd111248e2) Importer(815301076,1909f56bfc062723c751e8b465ee728b)
Start importing Assets/Swat@run_backwards.fbx using Guid(279bb0ba476a0bd4c99bdcfd111248e2) Importer(815301076,1909f56bfc062723c751e8b465ee728b)  -> (artifact id: 'b6ec366b2e5532e76fc50d42665373b1') in 0.033160 seconds
  Import took 0.038181 seconds .

========================================================================
Received Import Request.
  Time since last request: 0.000485 seconds.
  path: Assets/Swat@rifle_run.fbx
  artifactKey: Guid(641bb81d6077ff044b87a3e2aed1b0e5) Importer(815301076,1909f56bfc062723c751e8b465ee728b)
Start importing Assets/Swat@rifle_run.fbx using Guid(641bb81d6077ff044b87a3e2aed1b0e5) Importer(815301076,1909f56bfc062723c751e8b465ee728b)  -> (artifact id: 'a641cda91867eee39ef4c213a4a28916') in 0.028200 seconds
  Import took 0.047485 seconds .

========================================================================
Received Import Request.
  Time since last request: 0.000429 seconds.
  path: Assets/Swat@strafe.fbx
  artifactKey: Guid(205196b6962d984438ca027a77b6b23e) Importer(815301076,1909f56bfc062723c751e8b465ee728b)
Start importing Assets/Swat@strafe.fbx using Guid(205196b6962d984438ca027a77b6b23e) Importer(815301076,1909f56bfc062723c751e8b465ee728b)  -> (artifact id: 'a090305fe412cc9ca35d7559a26a6346') in 0.028130 seconds
  Import took 0.033524 seconds .

========================================================================
Received Import Request.
  Time since last request: 0.000638 seconds.
  path: Assets/Swat@strafe_right.fbx
  artifactKey: Guid(6f0161b54bbf88c44929898cf7fdb126) Importer(815301076,1909f56bfc062723c751e8b465ee728b)
Start importing Assets/Swat@strafe_right.fbx using Guid(6f0161b54bbf88c44929898cf7fdb126) Importer(815301076,1909f56bfc062723c751e8b465ee728b)  -> (artifact id: '226efd580aa91f0f978c51b94a0e436a') in 0.044627 seconds
  Import took 0.056604 seconds .

========================================================================
Received Import Request.
  Time since last request: 0.000454 seconds.
  path: Assets/Swat@rifle_aiming_idle.fbx
  artifactKey: Guid(7f72964001205b944ab9f314a704489b) Importer(815301076,1909f56bfc062723c751e8b465ee728b)
Start importing Assets/Swat@rifle_aiming_idle.fbx using Guid(7f72964001205b944ab9f314a704489b) Importer(815301076,1909f56bfc062723c751e8b465ee728b)  -> (artifact id: 'bb1ee3f8ebfd9aaea2325af1b860b680') in 0.029427 seconds
  Import took 0.042169 seconds .

========================================================================
Received Import Request.
  Time since last request: 0.000603 seconds.
  path: Assets/Swat@strafe_2.fbx
  artifactKey: Guid(1d0b72c9279176441aef2f141bc8a5f8) Importer(815301076,1909f56bfc062723c751e8b465ee728b)
Start importing Assets/Swat@strafe_2.fbx using Guid(1d0b72c9279176441aef2f141bc8a5f8) Importer(815301076,1909f56bfc062723c751e8b465ee728b)  -> (artifact id: 'b437c1b4fc9d942d9bbca0f26341fddd') in 0.031316 seconds
  Import took 0.036222 seconds .

========================================================================
Received Import Request.
  Time since last request: 43.635969 seconds.
  path: Assets/mecanimPlayground.unity
  artifactKey: Guid(dd403b659c3b8554ca213c3bf370af4d) Importer(815301076,1909f56bfc062723c751e8b465ee728b)
Start importing Assets/mecanimPlayground.unity using Guid(dd403b659c3b8554ca213c3bf370af4d) Importer(815301076,1909f56bfc062723c751e8b465ee728b)  -> (artifact id: '5abc7314ecd8fcf83ab965f984b6869c') in 0.016102 seconds
  Import took 0.021099 seconds .

========================================================================
Received Import Request.
  Time since last request: 0.018585 seconds.
  path: Assets/mecanimPlayground.unity
  artifactKey: Guid(dd403b659c3b8554ca213c3bf370af4d) Importer(815301076,1909f56bfc062723c751e8b465ee728b)
Start importing Assets/mecanimPlayground.unity using Guid(dd403b659c3b8554ca213c3bf370af4d) Importer(815301076,1909f56bfc062723c751e8b465ee728b)  -> (artifact id: '5abc7314ecd8fcf83ab965f984b6869c') in 0.006385 seconds
  Import took 0.012649 seconds .

========================================================================
Received Import Request.
  Time since last request: 61.176835 seconds.
  path: Assets/Swat@firing_rifle.fbx
  artifactKey: Guid(677141b5159958246b0a94e7da0453b1) Importer(815301076,1909f56bfc062723c751e8b465ee728b)
Start importing Assets/Swat@firing_rifle.fbx using Guid(677141b5159958246b0a94e7da0453b1) Importer(815301076,1909f56bfc062723c751e8b465ee728b)  -> (artifact id: '0a0358d44e3bf5ae66c497faa3f5abf0') in 0.031336 seconds
  Import took 0.044888 seconds .

========================================================================
Received Import Request.
  Time since last request: 52.586544 seconds.
  path: Assets/Swat@walking_backwards.fbx
  artifactKey: Guid(293b98957aeb2444d8eeb0146a285be5) Importer(815301076,1909f56bfc062723c751e8b465ee728b)
Start importing Assets/Swat@walking_backwards.fbx using Guid(293b98957aeb2444d8eeb0146a285be5) Importer(815301076,1909f56bfc062723c751e8b465ee728b)  -> (artifact id: 'f0651431aedfeeb50072090cc595b97d') in 0.016602 seconds
  Import took 0.041580 seconds .

========================================================================
Received Import Request.
  Time since last request: 0.007918 seconds.
  path: Assets/Swat@walking_backwards.fbx
  artifactKey: Guid(293b98957aeb2444d8eeb0146a285be5) Importer(815301076,1909f56bfc062723c751e8b465ee728b)
Start importing Assets/Swat@walking_backwards.fbx using Guid(293b98957aeb2444d8eeb0146a285be5) Importer(815301076,1909f56bfc062723c751e8b465ee728b)  -> (artifact id: 'f0651431aedfeeb50072090cc595b97d') in 0.027667 seconds
  Import took 0.033638 seconds .

========================================================================
Received Import Request.
  Time since last request: 109.137636 seconds.
  path: Assets/Swat@firing_rifle.fbx
  artifactKey: Guid(677141b5159958246b0a94e7da0453b1) Importer(815301076,1909f56bfc062723c751e8b465ee728b)
Start importing Assets/Swat@firing_rifle.fbx using Guid(677141b5159958246b0a94e7da0453b1) Importer(815301076,1909f56bfc062723c751e8b465ee728b)  -> (artifact id: '6701881b69936a049518fe513804f9f7') in 0.021748 seconds
  Import took 0.029049 seconds .

========================================================================
Received Import Request.
  Time since last request: 20.618850 seconds.
  path: Assets/Swat@firing_rifle.fbx
  artifactKey: Guid(677141b5159958246b0a94e7da0453b1) Importer(815301076,1909f56bfc062723c751e8b465ee728b)
Start importing Assets/Swat@firing_rifle.fbx using Guid(677141b5159958246b0a94e7da0453b1) Importer(815301076,1909f56bfc062723c751e8b465ee728b)  -> (artifact id: 'dbaf75992c487a83af3fe55761b9d6ca') in 0.021743 seconds
  Import took 0.028618 seconds .

========================================================================
Received Import Request.
  Time since last request: 601.074421 seconds.
  path: Assets/Swat@toss_grenade.fbx
  artifactKey: Guid(127a308e5f23e5d4bb45eb8fff56d239) Importer(815301076,1909f56bfc062723c751e8b465ee728b)
Start importing Assets/Swat@toss_grenade.fbx using Guid(127a308e5f23e5d4bb45eb8fff56d239) Importer(815301076,1909f56bfc062723c751e8b465ee728b)  -> (artifact id: '45f50292b87a83a090882e398ee337c1') in 0.032376 seconds
  Import took 0.323544 seconds .

========================================================================
Received Import Request.
  Time since last request: 6.575171 seconds.
  path: Assets/Swat@toss_grenade.fbx
  artifactKey: Guid(127a308e5f23e5d4bb45eb8fff56d239) Importer(815301076,1909f56bfc062723c751e8b465ee728b)
Start importing Assets/Swat@toss_grenade.fbx using Guid(127a308e5f23e5d4bb45eb8fff56d239) Importer(815301076,1909f56bfc062723c751e8b465ee728b)  -> (artifact id: 'e5a77db12eef6aaba975cd7673f9e474') in 0.027103 seconds
  Import took 0.060035 seconds .

========================================================================
Received Import Request.
  Time since last request: 123.139866 seconds.
  path: Assets/Swat@toss_grenade.fbx
  artifactKey: Guid(127a308e5f23e5d4bb45eb8fff56d239) Importer(815301076,1909f56bfc062723c751e8b465ee728b)
Start importing Assets/Swat@toss_grenade.fbx using Guid(127a308e5f23e5d4bb45eb8fff56d239) Importer(815301076,1909f56bfc062723c751e8b465ee728b)  -> (artifact id: 'fa9479917633b3b6c9e2f8143ed2d111') in 0.021190 seconds
  Import took 0.365152 seconds .

========================================================================
Received Import Request.
  Time since last request: 278.305586 seconds.
  path: Assets/New Avatar Mask.mask
  artifactKey: Guid(d5c5b95134eacc646b45679cb25177c8) Importer(815301076,1909f56bfc062723c751e8b465ee728b)
Start importing Assets/New Avatar Mask.mask using Guid(d5c5b95134eacc646b45679cb25177c8) Importer(815301076,1909f56bfc062723c751e8b465ee728b)  -> (artifact id: '708c6fab98dd4601813b8b322a2c2e1d') in 0.030029 seconds
  Import took 0.221584 seconds .

========================================================================
Received Import Request.
  Time since last request: 7.943364 seconds.
  path: Assets/BodyMask.mask
  artifactKey: Guid(d5c5b95134eacc646b45679cb25177c8) Importer(815301076,1909f56bfc062723c751e8b465ee728b)
Start importing Assets/BodyMask.mask using Guid(d5c5b95134eacc646b45679cb25177c8) Importer(815301076,1909f56bfc062723c751e8b465ee728b)  -> (artifact id: '54411e51ae16fbedf6e451567f955f84') in 0.013744 seconds
  Import took 0.120541 seconds .

========================================================================
Received Import Request.
  Time since last request: 1794.478386 seconds.
  path: Assets/MainCharacter.controller
  artifactKey: Guid(f733304d84cddb04388f30591bc2eb84) Importer(815301076,1909f56bfc062723c751e8b465ee728b)
Start importing Assets/MainCharacter.controller using Guid(f733304d84cddb04388f30591bc2eb84) Importer(815301076,1909f56bfc062723c751e8b465ee728b)  -> (artifact id: 'a207d8a82e1555447c28592ea31ec4b4') in 0.038542 seconds
  Import took 0.061822 seconds .

========================================================================
Received Import Request.
  Time since last request: 670.067072 seconds.
  path: Assets/BasicController.cs
  artifactKey: Guid(d88946f6956ec5d4d9eb5c9ca08ade76) Importer(815301076,1909f56bfc062723c751e8b465ee728b)
Start importing Assets/BasicController.cs using Guid(d88946f6956ec5d4d9eb5c9ca08ade76) Importer(815301076,1909f56bfc062723c751e8b465ee728b)  -> (artifact id: '51b05de84005f7f9a77e1b56096f8de8') in 0.023609 seconds
  Import took 0.142127 seconds .

========================================================================
Received Import Request.
  Time since last request: 0.027588 seconds.
  path: Assets/BasicController.cs
  artifactKey: Guid(d88946f6956ec5d4d9eb5c9ca08ade76) Importer(815301076,1909f56bfc062723c751e8b465ee728b)
Start importing Assets/BasicController.cs using Guid(d88946f6956ec5d4d9eb5c9ca08ade76) Importer(815301076,1909f56bfc062723c751e8b465ee728b)  -> (artifact id: '51b05de84005f7f9a77e1b56096f8de8') in 0.007185 seconds
  Import took 0.015989 seconds .

========================================================================
Received Prepare
Registering precompiled user dll's ...
Registered in 0.009939 seconds.
Begin MonoManager ReloadAssembly
Native extension for WindowsStandalone target not found
Native extension for WebGL target not found
Refreshing native plugins compatible for Editor in 1.04 ms, found 2 plugins.
Preloading 0 native plugins for Editor in 0.00 ms.
Mono: successfully reloaded assembly
- Completed reload, in  4.327 seconds
Platform modules already initialized, skipping
Refreshing native plugins compatible for Editor in 1.07 ms, found 2 plugins.
Preloading 0 native plugins for Editor in 0.00 ms.
Unloading 1382 Unused Serialized files (Serialized files now loaded: 0)
System memory in use before: 69.4 MB.
System memory in use after: 69.5 MB.

Unloading 14 unused Assets to reduce memory usage. Loaded Objects now: 1835.
Total: 5.415200 ms (FindLiveObjects: 0.399200 ms CreateObjectMapping: 0.219600 ms MarkObjects: 4.646200 ms  DeleteObjects: 0.146800 ms)

========================================================================
Received Prepare
Registering precompiled user dll's ...
Registered in 0.014532 seconds.
Begin MonoManager ReloadAssembly
Native extension for WindowsStandalone target not found
Native extension for WebGL target not found
Refreshing native plugins compatible for Editor in 0.89 ms, found 2 plugins.
Preloading 0 native plugins for Editor in 0.00 ms.
Mono: successfully reloaded assembly
- Completed reload, in  2.154 seconds
Platform modules already initialized, skipping
Refreshing native plugins compatible for Editor in 0.60 ms, found 2 plugins.
Preloading 0 native plugins for Editor in 0.00 ms.
Unloading 1382 Unused Serialized files (Serialized files now loaded: 0)
System memory in use before: 69.4 MB.
System memory in use after: 69.5 MB.

Unloading 14 unused Assets to reduce memory usage. Loaded Objects now: 1838.
Total: 3.203900 ms (FindLiveObjects: 0.208900 ms CreateObjectMapping: 0.085900 ms MarkObjects: 2.807700 ms  DeleteObjects: 0.098400 ms)

AssetImportWorkerClient::OnTransportError - code=2 error=End of file
