Using pre-set license
Built from '2020.3/staging' branch; Version is '2020.3.11f1 (99c7afb366b3) revision 10078127'; Using compiler version '192528614'; Build Type 'Release'
OS: 'Windows 10 Pro; OS build 19043.1055; Version 2009; 64bit' Language: 'en' Physical Memory: 8106 MB
BatchMode: 1, IsHumanControllingUs: 0, StartBugReporterOnCrash: 0, Is64bit: 1, IsPro: 0

 COMMAND LINE ARGUMENTS:
C:\Program Files\Unity\Hub\Editor\2020.3.11f1\Editor\Unity.exe
-adb2
-batchMode
-noUpm
-name
AssetImportWorker2
-projectPath
E:/Mapel/Polinema/S6/Komputasi Multimedia/KM_2021/Project/Minggu 14/Praktikum 3
-logFile
Logs/AssetImportWorker2.log
-srvPort
61263
Successfully changed project path to: E:/Mapel/Polinema/S6/Komputasi Multimedia/KM_2021/Project/Minggu 14/Praktikum 3
E:/Mapel/Polinema/S6/Komputasi Multimedia/KM_2021/Project/Minggu 14/Praktikum 3
Using Asset Import Pipeline V2.
Refreshing native plugins compatible for Editor in 152.19 ms, found 2 plugins.
Preloading 0 native plugins for Editor in 0.00 ms.
Initialize engine version: 2020.3.11f1 (99c7afb366b3)
[Subsystems] Discovering subsystems at path C:/Program Files/Unity/Hub/Editor/2020.3.11f1/Editor/Data/Resources/UnitySubsystems
[Subsystems] Discovering subsystems at path E:/Mapel/Polinema/S6/Komputasi Multimedia/KM_2021/Project/Minggu 14/Praktikum 3/Assets
GfxDevice: creating device client; threaded=0
Direct3D:
    Version:  Direct3D 11.0 [level 10.1]
    Renderer: Intel(R) HD Graphics 3000 (ID=0x116)
    Vendor:   
    VRAM:     128 MB
    Driver:   9.17.10.4459
Initialize mono
Mono path[0] = 'C:/Program Files/Unity/Hub/Editor/2020.3.11f1/Editor/Data/Managed'
Mono path[1] = 'C:/Program Files/Unity/Hub/Editor/2020.3.11f1/Editor/Data/MonoBleedingEdge/lib/mono/unityjit'
Mono config path = 'C:/Program Files/Unity/Hub/Editor/2020.3.11f1/Editor/Data/MonoBleedingEdge/etc'
Using monoOptions --debugger-agent=transport=dt_socket,embedding=1,server=y,suspend=n,address=127.0.0.1:56436
Begin MonoManager ReloadAssembly
Registering precompiled unity dll's ...
Register platform support module: C:/Program Files/Unity/Hub/Editor/2020.3.11f1/Editor/Data/PlaybackEngines/WebGLSupport/UnityEditor.WebGL.Extensions.dll
Register platform support module: C:/Program Files/Unity/Hub/Editor/2020.3.11f1/Editor/Data/PlaybackEngines/WindowsStandaloneSupport/UnityEditor.WindowsStandalone.Extensions.dll
Registered in 0.007919 seconds.
Native extension for WindowsStandalone target not found
Native extension for WebGL target not found
Refreshing native plugins compatible for Editor in 213.05 ms, found 2 plugins.
Preloading 0 native plugins for Editor in 0.00 ms.
Mono: successfully reloaded assembly
- Completed reload, in 12.240 seconds
Platform modules already initialized, skipping
Registering precompiled user dll's ...
Registered in 0.015948 seconds.
Begin MonoManager ReloadAssembly
Native extension for WindowsStandalone target not found
Native extension for WebGL target not found
Refreshing native plugins compatible for Editor in 0.62 ms, found 2 plugins.
Preloading 0 native plugins for Editor in 0.00 ms.
Mono: successfully reloaded assembly
- Completed reload, in  5.430 seconds
Platform modules already initialized, skipping
========================================================================
Worker process is ready to serve import requests
Launched and connected shader compiler UnityShaderCompiler.exe after 0.50 seconds
Refreshing native plugins compatible for Editor in 0.66 ms, found 2 plugins.
Preloading 0 native plugins for Editor in 0.00 ms.
Unloading 1387 Unused Serialized files (Serialized files now loaded: 0)
System memory in use before: 65.9 MB.
System memory in use after: 66.0 MB.

Unloading 19 unused Assets to reduce memory usage. Loaded Objects now: 1822.
Total: 9.505300 ms (FindLiveObjects: 0.212900 ms CreateObjectMapping: 0.218800 ms MarkObjects: 8.707400 ms  DeleteObjects: 0.363200 ms)

========================================================================
Received Import Request.
  path: Assets/BodyMask.mask
  artifactKey: Guid(d5c5b95134eacc646b45679cb25177c8) Importer(815301076,1909f56bfc062723c751e8b465ee728b)
Start importing Assets/BodyMask.mask using Guid(d5c5b95134eacc646b45679cb25177c8) Importer(815301076,1909f56bfc062723c751e8b465ee728b)  -> (artifact id: '0d3c9fd906406a52cd522ac630e22626') in 0.214898 seconds
  Import took 0.389096 seconds .

========================================================================
Received Prepare
Registering precompiled user dll's ...
Registered in 0.052610 seconds.
Begin MonoManager ReloadAssembly
Native extension for WindowsStandalone target not found
Native extension for WebGL target not found
Refreshing native plugins compatible for Editor in 0.62 ms, found 2 plugins.
Preloading 0 native plugins for Editor in 0.00 ms.
Mono: successfully reloaded assembly
- Completed reload, in  2.625 seconds
Platform modules already initialized, skipping
Refreshing native plugins compatible for Editor in 0.64 ms, found 2 plugins.
Preloading 0 native plugins for Editor in 0.00 ms.
Unloading 1382 Unused Serialized files (Serialized files now loaded: 0)
System memory in use before: 65.9 MB.
System memory in use after: 65.9 MB.

Unloading 14 unused Assets to reduce memory usage. Loaded Objects now: 1825.
Total: 3.815000 ms (FindLiveObjects: 0.250100 ms CreateObjectMapping: 0.085400 ms MarkObjects: 3.365200 ms  DeleteObjects: 0.111500 ms)

========================================================================
Received Prepare
Registering precompiled user dll's ...
Registered in 0.008583 seconds.
Begin MonoManager ReloadAssembly
Native extension for WindowsStandalone target not found
Native extension for WebGL target not found
Refreshing native plugins compatible for Editor in 0.70 ms, found 2 plugins.
Preloading 0 native plugins for Editor in 0.00 ms.
Mono: successfully reloaded assembly
- Completed reload, in  2.341 seconds
Platform modules already initialized, skipping
Refreshing native plugins compatible for Editor in 0.73 ms, found 2 plugins.
Preloading 0 native plugins for Editor in 0.00 ms.
Unloading 1382 Unused Serialized files (Serialized files now loaded: 0)
System memory in use before: 65.9 MB.
System memory in use after: 66.0 MB.

Unloading 14 unused Assets to reduce memory usage. Loaded Objects now: 1828.
Total: 3.864600 ms (FindLiveObjects: 0.418600 ms CreateObjectMapping: 0.091600 ms MarkObjects: 3.218200 ms  DeleteObjects: 0.133300 ms)

========================================================================
Received Import Request.
  Time since last request: 415.459056 seconds.
  path: Assets/BodyMask.mask
  artifactKey: Guid(50d739cb1287cda4a893bf422aa9f01c) Importer(815301076,1909f56bfc062723c751e8b465ee728b)
Start importing Assets/BodyMask.mask using Guid(50d739cb1287cda4a893bf422aa9f01c) Importer(815301076,1909f56bfc062723c751e8b465ee728b)  -> (artifact id: '5abe00c2f2810cc3b474e31f27053b42') in 0.034135 seconds
  Import took 0.193654 seconds .

========================================================================
Received Import Request.
  Time since last request: 0.000412 seconds.
  path: Assets/MsLaser.prefab
  artifactKey: Guid(1c14a5a274c1fa541849a1423e9b0072) Importer(815301076,1909f56bfc062723c751e8b465ee728b)
Start importing Assets/MsLaser.prefab using Guid(1c14a5a274c1fa541849a1423e9b0072) Importer(815301076,1909f56bfc062723c751e8b465ee728b)  -> (artifact id: 'd7a7e3e4410e1dd1c15f2d729e359915') in 2.066703 seconds
  Import took 2.079286 seconds .

========================================================================
Received Import Request.
  Time since last request: 0.000491 seconds.
  path: Assets/Swat@walking_backwards.fbx
  artifactKey: Guid(293b98957aeb2444d8eeb0146a285be5) Importer(815301076,1909f56bfc062723c751e8b465ee728b)
Start importing Assets/Swat@walking_backwards.fbx using Guid(293b98957aeb2444d8eeb0146a285be5) Importer(815301076,1909f56bfc062723c751e8b465ee728b)  -> (artifact id: '854f40079cff81cff10845f1f03fa3fa') in 0.194934 seconds
  Import took 0.523123 seconds .

========================================================================
Received Import Request.
  Time since last request: 0.000565 seconds.
  path: Assets/Swat@toss_grenade.fbx
  artifactKey: Guid(310f15964d257fa40a1857a85eee9a76) Importer(815301076,1909f56bfc062723c751e8b465ee728b)
Start importing Assets/Swat@toss_grenade.fbx using Guid(310f15964d257fa40a1857a85eee9a76) Importer(815301076,1909f56bfc062723c751e8b465ee728b)  -> (artifact id: 'c0ebdc1a125d2db48b38d3ba3de96427') in 0.043609 seconds
  Import took 0.119089 seconds .

========================================================================
Received Import Request.
  Time since last request: 0.000446 seconds.
  path: Assets/Swat@firing_rifle.fbx
  artifactKey: Guid(e4b047a9c5a02be40a2a1f594bf21bdd) Importer(815301076,1909f56bfc062723c751e8b465ee728b)
Start importing Assets/Swat@firing_rifle.fbx using Guid(e4b047a9c5a02be40a2a1f594bf21bdd) Importer(815301076,1909f56bfc062723c751e8b465ee728b)  -> (artifact id: '4605629955b07b17cb679e3f4a372e3f') in 0.038769 seconds
  Import took 0.065140 seconds .

========================================================================
Received Import Request.
  Time since last request: 2.278537 seconds.
  path: Assets/mecanimPlayground.unity
  artifactKey: Guid(dd403b659c3b8554ca213c3bf370af4d) Importer(815301076,1909f56bfc062723c751e8b465ee728b)
Start importing Assets/mecanimPlayground.unity using Guid(dd403b659c3b8554ca213c3bf370af4d) Importer(815301076,1909f56bfc062723c751e8b465ee728b)  -> (artifact id: '628ec412960e835e55ded9035cab3ad0') in 0.017105 seconds
  Import took 0.097177 seconds .

========================================================================
Received Prepare
Registering precompiled user dll's ...
Registered in 0.175188 seconds.
Begin MonoManager ReloadAssembly
Native extension for WindowsStandalone target not found
Native extension for WebGL target not found
Refreshing native plugins compatible for Editor in 1.43 ms, found 2 plugins.
Preloading 0 native plugins for Editor in 0.00 ms.
Mono: successfully reloaded assembly
- Completed reload, in  4.763 seconds
Platform modules already initialized, skipping
Refreshing native plugins compatible for Editor in 1.14 ms, found 2 plugins.
Preloading 0 native plugins for Editor in 0.00 ms.
Unloading 1382 Unused Serialized files (Serialized files now loaded: 0)
System memory in use before: 69.1 MB.
System memory in use after: 69.2 MB.

Unloading 14 unused Assets to reduce memory usage. Loaded Objects now: 1838.
Total: 5.118900 ms (FindLiveObjects: 0.432300 ms CreateObjectMapping: 0.119900 ms MarkObjects: 4.432500 ms  DeleteObjects: 0.131000 ms)

========================================================================
Received Import Request.
  Time since last request: 500.544843 seconds.
  path: Assets/MainCharacter.controller
  artifactKey: Guid(f733304d84cddb04388f30591bc2eb84) Importer(815301076,1909f56bfc062723c751e8b465ee728b)
Start importing Assets/MainCharacter.controller using Guid(f733304d84cddb04388f30591bc2eb84) Importer(815301076,1909f56bfc062723c751e8b465ee728b)  -> (artifact id: '109dec85d96ea720b543c177f724b18d') in 0.671119 seconds
  Import took 0.722130 seconds .

========================================================================
Received Import Request.
  Time since last request: 0.226132 seconds.
  path: Assets/mecanimPlaygroundSettings.lighting
  artifactKey: Guid(09772ab882bedee4db6818d132569063) Importer(815301076,1909f56bfc062723c751e8b465ee728b)
Start importing Assets/mecanimPlaygroundSettings.lighting using Guid(09772ab882bedee4db6818d132569063) Importer(815301076,1909f56bfc062723c751e8b465ee728b) LightingSettings: switching bake backend from 1 to 0.
 -> (artifact id: 'b01ee59087f55d2ec9b9e14a30628414') in 0.036501 seconds
  Import took 0.098769 seconds .

========================================================================
Received Import Request.
  Time since last request: 0.020399 seconds.
  path: Assets/mecanimPlaygroundSettings.lighting
  artifactKey: Guid(09772ab882bedee4db6818d132569063) Importer(815301076,1909f56bfc062723c751e8b465ee728b)
Start importing Assets/mecanimPlaygroundSettings.lighting using Guid(09772ab882bedee4db6818d132569063) Importer(815301076,1909f56bfc062723c751e8b465ee728b) LightingSettings: switching bake backend from 1 to 0.
 -> (artifact id: 'b01ee59087f55d2ec9b9e14a30628414') in 0.013580 seconds
  Import took 0.033115 seconds .

========================================================================
Received Prepare
Registering precompiled user dll's ...
Registered in 0.008871 seconds.
Begin MonoManager ReloadAssembly
Native extension for WindowsStandalone target not found
Native extension for WebGL target not found
Refreshing native plugins compatible for Editor in 0.61 ms, found 2 plugins.
Preloading 0 native plugins for Editor in 0.00 ms.
Mono: successfully reloaded assembly
- Completed reload, in  2.347 seconds
Platform modules already initialized, skipping
Refreshing native plugins compatible for Editor in 1.87 ms, found 2 plugins.
Preloading 0 native plugins for Editor in 0.00 ms.
Unloading 1382 Unused Serialized files (Serialized files now loaded: 0)
System memory in use before: 69.1 MB.
System memory in use after: 69.2 MB.

Unloading 14 unused Assets to reduce memory usage. Loaded Objects now: 1841.
Total: 3.547700 ms (FindLiveObjects: 0.212200 ms CreateObjectMapping: 0.093500 ms MarkObjects: 3.132300 ms  DeleteObjects: 0.107200 ms)

AssetImportWorkerClient::OnTransportError - code=2 error=End of file
