Using pre-set license
Built from '2020.3/staging' branch; Version is '2020.3.0f1 (c7b5465681fb) revision 13088070'; Using compiler version '192528614'; Build Type 'Release'
OS: 'Windows 10 Pro; OS build 19042.906; Version 2009; 64bit' Language: 'en' Physical Memory: 8106 MB
BatchMode: 1, IsHumanControllingUs: 0, StartBugReporterOnCrash: 0, Is64bit: 1, IsPro: 0

 COMMAND LINE ARGUMENTS:
C:\Program Files\Unity\Hub\Editor\2020.3.0f1\Editor\Unity.exe
-adb2
-batchMode
-noUpm
-name
AssetImportWorker0
-projectPath
E:/Mapel/Polinema/S6/Komputasi Multimedia/Project/Minggu 09/Tugas
-logFile
Logs/AssetImportWorker0.log
-srvPort
64944
Successfully changed project path to: E:/Mapel/Polinema/S6/Komputasi Multimedia/Project/Minggu 09/Tugas
E:/Mapel/Polinema/S6/Komputasi Multimedia/Project/Minggu 09/Tugas
Using Asset Import Pipeline V2.
Refreshing native plugins compatible for Editor in 65.12 ms, found 0 plugins.
Preloading 0 native plugins for Editor in 0.00 ms.
Initialize engine version: 2020.3.0f1 (c7b5465681fb)
[Subsystems] Discovering subsystems at path C:/Program Files/Unity/Hub/Editor/2020.3.0f1/Editor/Data/Resources/UnitySubsystems
[Subsystems] Discovering subsystems at path E:/Mapel/Polinema/S6/Komputasi Multimedia/Project/Minggu 09/Tugas/Assets
GfxDevice: creating device client; threaded=0
Direct3D:
    Version:  Direct3D 11.0 [level 10.1]
    Renderer: Intel(R) HD Graphics 3000 (ID=0x116)
    Vendor:   
    VRAM:     128 MB
    Driver:   9.17.10.4459
Initialize mono
Mono path[0] = 'C:/Program Files/Unity/Hub/Editor/2020.3.0f1/Editor/Data/Managed'
Mono path[1] = 'C:/Program Files/Unity/Hub/Editor/2020.3.0f1/Editor/Data/MonoBleedingEdge/lib/mono/unityjit'
Mono config path = 'C:/Program Files/Unity/Hub/Editor/2020.3.0f1/Editor/Data/MonoBleedingEdge/etc'
Using monoOptions --debugger-agent=transport=dt_socket,embedding=1,server=y,suspend=n,address=127.0.0.1:56248
Begin MonoManager ReloadAssembly
Registering precompiled unity dll's ...
Register platform support module: C:/Program Files/Unity/Hub/Editor/2020.3.0f1/Editor/Data/PlaybackEngines/WebGLSupport/UnityEditor.WebGL.Extensions.dll
Register platform support module: C:/Program Files/Unity/Hub/Editor/2020.3.0f1/Editor/Data/PlaybackEngines/WindowsStandaloneSupport/UnityEditor.WindowsStandalone.Extensions.dll
Registered in 0.007737 seconds.
Native extension for WindowsStandalone target not found
Native extension for WebGL target not found
Refreshing native plugins compatible for Editor in 59.58 ms, found 0 plugins.
Preloading 0 native plugins for Editor in 0.00 ms.
Invoked RoslynAnalysisRunner static constructor.
RoslynAnalysisRunner will not be running.
RoslynAnalysisRunner has terminated.
Mono: successfully reloaded assembly
- Completed reload, in  5.531 seconds
Platform modules already initialized, skipping
Registering precompiled user dll's ...
Registered in 0.002181 seconds.
Begin MonoManager ReloadAssembly
Native extension for WindowsStandalone target not found
Native extension for WebGL target not found
Refreshing native plugins compatible for Editor in 1.25 ms, found 0 plugins.
Preloading 0 native plugins for Editor in 0.00 ms.
Invoked RoslynAnalysisRunner static constructor.
RoslynAnalysisRunner will not be running.
RoslynAnalysisRunner has terminated.
Mono: successfully reloaded assembly
- Completed reload, in  3.980 seconds
Platform modules already initialized, skipping
========================================================================
Worker process is ready to serve import requests
Launched and connected shader compiler UnityShaderCompiler.exe after 0.13 seconds
Refreshing native plugins compatible for Editor in 0.47 ms, found 0 plugins.
Preloading 0 native plugins for Editor in 0.00 ms.
Unloading 1114 Unused Serialized files (Serialized files now loaded: 0)
System memory in use before: 56.9 MB.
System memory in use after: 57.0 MB.

Unloading 10 unused Assets to reduce memory usage. Loaded Objects now: 1556.
Total: 3.065800 ms (FindLiveObjects: 0.185200 ms CreateObjectMapping: 0.069000 ms MarkObjects: 2.638900 ms  DeleteObjects: 0.170000 ms)

========================================================================
Received Import Request.
  path: Assets/Scenes/Scene 2.unity
  artifactKey: Guid(ff9d1b98f20b54a4fa500551ae2368b0) Importer(815301076,1909f56bfc062723c751e8b465ee728b)
Start importing Assets/Scenes/Scene 2.unity using Guid(ff9d1b98f20b54a4fa500551ae2368b0) Importer(815301076,1909f56bfc062723c751e8b465ee728b)  -> (artifact id: 'f73aa4e99d22b224b0982186da9ee276') in 0.030649 seconds
  Import took 0.042892 seconds .

========================================================================
Received Import Request.
  Time since last request: 0.000400 seconds.
  path: Assets/MySKyBox.mat
  artifactKey: Guid(88acd3bd67afe864199fefae145a1422) Importer(815301076,1909f56bfc062723c751e8b465ee728b)
Start importing Assets/MySKyBox.mat using Guid(88acd3bd67afe864199fefae145a1422) Importer(815301076,1909f56bfc062723c751e8b465ee728b)  -> (artifact id: '9886e9d96006afea420b35c15681222e') in 0.323162 seconds
  Import took 0.328301 seconds .

========================================================================
Received Import Request.
  Time since last request: 0.000467 seconds.
  path: Assets/Scenes
  artifactKey: Guid(e9ef8ca00468bd14987677d9d45238b1) Importer(815301076,1909f56bfc062723c751e8b465ee728b)
Start importing Assets/Scenes using Guid(e9ef8ca00468bd14987677d9d45238b1) Importer(815301076,1909f56bfc062723c751e8b465ee728b)  -> (artifact id: '52e38fb73db2718bd5224934a41df728') in 0.013479 seconds
  Import took 0.020923 seconds .

========================================================================
Received Prepare
Registering precompiled user dll's ...
Registered in 0.002070 seconds.
Begin MonoManager ReloadAssembly
Native extension for WindowsStandalone target not found
Native extension for WebGL target not found
Refreshing native plugins compatible for Editor in 0.39 ms, found 0 plugins.
Preloading 0 native plugins for Editor in 0.00 ms.
Invoked RoslynAnalysisRunner static constructor.
RoslynAnalysisRunner will not be running.
RoslynAnalysisRunner has terminated.
Mono: successfully reloaded assembly
- Completed reload, in  2.213 seconds
Platform modules already initialized, skipping
Refreshing native plugins compatible for Editor in 0.42 ms, found 0 plugins.
Preloading 0 native plugins for Editor in 0.00 ms.
Unloading 1112 Unused Serialized files (Serialized files now loaded: 0)
System memory in use before: 60.2 MB.
System memory in use after: 60.3 MB.

Unloading 5 unused Assets to reduce memory usage. Loaded Objects now: 1602.
Total: 3.468500 ms (FindLiveObjects: 0.201900 ms CreateObjectMapping: 0.070300 ms MarkObjects: 2.959800 ms  DeleteObjects: 0.234100 ms)

========================================================================
Received Import Request.
  Time since last request: 29.098071 seconds.
  path: Assets/SkyboxProbes.mat
  artifactKey: Guid(7b0e19277ef03ef4ab18a99cd1dafd29) Importer(815301076,1909f56bfc062723c751e8b465ee728b)
Start importing Assets/SkyboxProbes.mat using Guid(7b0e19277ef03ef4ab18a99cd1dafd29) Importer(815301076,1909f56bfc062723c751e8b465ee728b)  -> (artifact id: '6ff61fb64515a6e8354f31ef5c149aad') in 0.178634 seconds
  Import took 0.183853 seconds .

========================================================================
Received Import Request.
  Time since last request: 11.900066 seconds.
  path: Assets/Scenes/SampleScene.unity
  artifactKey: Guid(9fc0d4010bbf28b4594072e72b8655ab) Importer(815301076,1909f56bfc062723c751e8b465ee728b)
Start importing Assets/Scenes/SampleScene.unity using Guid(9fc0d4010bbf28b4594072e72b8655ab) Importer(815301076,1909f56bfc062723c751e8b465ee728b)  -> (artifact id: '777e927d0b238e2cde0f6869e17df74c') in 0.024671 seconds
  Import took 0.132159 seconds .

========================================================================
Received Import Request.
  Time since last request: 2.843370 seconds.
  path: Assets/Scenes/Main.unity
  artifactKey: Guid(9fc0d4010bbf28b4594072e72b8655ab) Importer(815301076,1909f56bfc062723c751e8b465ee728b)
Start importing Assets/Scenes/Main.unity using Guid(9fc0d4010bbf28b4594072e72b8655ab) Importer(815301076,1909f56bfc062723c751e8b465ee728b)  -> (artifact id: 'bbe35d8831270b5ec2982e9631697695') in 0.033189 seconds
  Import took 0.046682 seconds .

========================================================================
Received Import Request.
  Time since last request: 32.497864 seconds.
  path: Assets/cloudCookie.tga
  artifactKey: Guid(0fcf8f0aa07e0594781fbbe0aa06047b) Importer(815301076,1909f56bfc062723c751e8b465ee728b)
Start importing Assets/cloudCookie.tga using Guid(0fcf8f0aa07e0594781fbbe0aa06047b) Importer(815301076,1909f56bfc062723c751e8b465ee728b)  -> (artifact id: 'ac1beee36316b2fec8b5d699c217c29c') in 0.054622 seconds
  Import took 0.072035 seconds .

========================================================================
Received Import Request.
  Time since last request: 30.848605 seconds.
  path: Assets/Scripts
  artifactKey: Guid(5975812c35892214b87573ca6880a772) Importer(815301076,1909f56bfc062723c751e8b465ee728b)
Start importing Assets/Scripts using Guid(5975812c35892214b87573ca6880a772) Importer(815301076,1909f56bfc062723c751e8b465ee728b)  -> (artifact id: '135748d78cea5f423aeb3bd1f65f6f73') in 0.016785 seconds
  Import took 0.121796 seconds .

========================================================================
Received Import Request.
  Time since last request: 9.526025 seconds.
  path: Assets/cloudCookie.tga
  artifactKey: Guid(0fcf8f0aa07e0594781fbbe0aa06047b) Importer(815301076,1909f56bfc062723c751e8b465ee728b)
Start importing Assets/cloudCookie.tga using Guid(0fcf8f0aa07e0594781fbbe0aa06047b) Importer(815301076,1909f56bfc062723c751e8b465ee728b)  -> (artifact id: 'c24acad2e85543ab92fcc38e83fe8d6b') in 0.172263 seconds
  Import took 0.282494 seconds .

========================================================================
Received Import Request.
  Time since last request: 67.710592 seconds.
  path: Assets/Probes/CustomProbe-reflectionHDR.exr
  artifactKey: Guid(d2ded98f3dd4c7647964491b30de1a1d) Importer(815301076,1909f56bfc062723c751e8b465ee728b)
Start importing Assets/Probes/CustomProbe-reflectionHDR.exr using Guid(d2ded98f3dd4c7647964491b30de1a1d) Importer(815301076,1909f56bfc062723c751e8b465ee728b)  -> (artifact id: '9b037b6ee99d23d3423f00249806e589') in 0.186138 seconds
  Import took 0.287830 seconds .

========================================================================
Received Import Request.
  Time since last request: 0.000561 seconds.
  path: Assets/Probes/ReflectionProbe-0.exr
  artifactKey: Guid(63b5a012676c8f449b48bef4b2413d20) Importer(815301076,1909f56bfc062723c751e8b465ee728b)
Start importing Assets/Probes/ReflectionProbe-0.exr using Guid(63b5a012676c8f449b48bef4b2413d20) Importer(815301076,1909f56bfc062723c751e8b465ee728b)  -> (artifact id: '82e1b76801da2a15ff9139c0a89d3a4f') in 0.175254 seconds
  Import took 0.191773 seconds .

========================================================================
Received Import Request.
  Time since last request: 0.000461 seconds.
  path: Assets/Probes/SkyboxProbe-0.exr
  artifactKey: Guid(2958c4f294b52e8449206abf9a0791fd) Importer(815301076,1909f56bfc062723c751e8b465ee728b)
Start importing Assets/Probes/SkyboxProbe-0.exr using Guid(2958c4f294b52e8449206abf9a0791fd) Importer(815301076,1909f56bfc062723c751e8b465ee728b)  -> (artifact id: '0614166e16cc4595e197f52cb397cc8a') in 0.142927 seconds
  Import took 0.149906 seconds .

========================================================================
Received Import Request.
  Time since last request: 0.000473 seconds.
  path: Assets/Probes/ReflectionProbe-0.exr
  artifactKey: Guid(63b5a012676c8f449b48bef4b2413d20) Importer(815301076,1909f56bfc062723c751e8b465ee728b)
Start importing Assets/Probes/ReflectionProbe-0.exr using Guid(63b5a012676c8f449b48bef4b2413d20) Importer(815301076,1909f56bfc062723c751e8b465ee728b)  -> (artifact id: '82e1b76801da2a15ff9139c0a89d3a4f') in 0.145238 seconds
  Import took 0.163097 seconds .

========================================================================
Received Import Request.
  Time since last request: 0.000465 seconds.
  path: Assets/Probes/SkyboxProbe-0.exr
  artifactKey: Guid(2958c4f294b52e8449206abf9a0791fd) Importer(815301076,1909f56bfc062723c751e8b465ee728b)
Start importing Assets/Probes/SkyboxProbe-0.exr using Guid(2958c4f294b52e8449206abf9a0791fd) Importer(815301076,1909f56bfc062723c751e8b465ee728b)  -> (artifact id: '0614166e16cc4595e197f52cb397cc8a') in 0.291988 seconds
  Import took 0.296034 seconds .

========================================================================
Received Import Request.
  Time since last request: 0.000146 seconds.
  path: Assets/Probes/CustomProbe-reflectionHDR.exr
  artifactKey: Guid(d2ded98f3dd4c7647964491b30de1a1d) Importer(815301076,1909f56bfc062723c751e8b465ee728b)
Start importing Assets/Probes/CustomProbe-reflectionHDR.exr using Guid(d2ded98f3dd4c7647964491b30de1a1d) Importer(815301076,1909f56bfc062723c751e8b465ee728b)  -> (artifact id: '9b037b6ee99d23d3423f00249806e589') in 0.141004 seconds
  Import took 0.149707 seconds .

========================================================================
Received Import Request.
  Time since last request: 94.597316 seconds.
  path: Assets/Script
  artifactKey: Guid(859d341e1f6e9774b9223f99a20f219d) Importer(815301076,1909f56bfc062723c751e8b465ee728b)
Start importing Assets/Script using Guid(859d341e1f6e9774b9223f99a20f219d) Importer(815301076,1909f56bfc062723c751e8b465ee728b)  -> (artifact id: '47aeeed10126ffa29ab1efa6b1686e79') in 0.022411 seconds
  Import took 0.129371 seconds .

========================================================================
Received Import Request.
  Time since last request: 90.024620 seconds.
  path: Assets
  artifactKey: Guid(00000000000000001000000000000000) Importer(815301076,1909f56bfc062723c751e8b465ee728b)
Start importing Assets using Guid(00000000000000001000000000000000) Importer(815301076,1909f56bfc062723c751e8b465ee728b)  -> (artifact id: '42baae205c97e3337697759514652acd') in 0.031422 seconds
  Import took 0.041623 seconds .

========================================================================
Received Import Request.
  Time since last request: 2.513298 seconds.
  path: Assets/New Lighting Settings.lighting
  artifactKey: Guid(3128a0e68940f1a4daa1e068da8f9028) Importer(815301076,1909f56bfc062723c751e8b465ee728b)
Start importing Assets/New Lighting Settings.lighting using Guid(3128a0e68940f1a4daa1e068da8f9028) Importer(815301076,1909f56bfc062723c751e8b465ee728b)  -> (artifact id: '7848957b4ecf220fe9cd0ecea1488a1d') in 0.026201 seconds
  Import took 0.120823 seconds .

========================================================================
Received Import Request.
  Time since last request: 10.876235 seconds.
  path: Assets/ProbesSettings.lighting
  artifactKey: Guid(489241602725d6048909660f89a02bbc) Importer(815301076,1909f56bfc062723c751e8b465ee728b)
Start importing Assets/ProbesSettings.lighting using Guid(489241602725d6048909660f89a02bbc) Importer(815301076,1909f56bfc062723c751e8b465ee728b) LightingSettings: switching bake backend from 1 to 0.
 -> (artifact id: 'ec9b349fcab69a519e9684fac9840b41') in 0.012311 seconds
  Import took 0.117865 seconds .

========================================================================
Received Prepare
Registering precompiled user dll's ...
Registered in 0.001442 seconds.
Begin MonoManager ReloadAssembly
Native extension for WindowsStandalone target not found
Native extension for WebGL target not found
Refreshing native plugins compatible for Editor in 0.40 ms, found 0 plugins.
Preloading 0 native plugins for Editor in 0.00 ms.
Invoked RoslynAnalysisRunner static constructor.
RoslynAnalysisRunner will not be running.
RoslynAnalysisRunner has terminated.
Mono: successfully reloaded assembly
- Completed reload, in  2.332 seconds
Platform modules already initialized, skipping
Refreshing native plugins compatible for Editor in 0.62 ms, found 0 plugins.
Preloading 0 native plugins for Editor in 0.00 ms.
Unloading 1112 Unused Serialized files (Serialized files now loaded: 0)
System memory in use before: 60.4 MB.
System memory in use after: 60.5 MB.

Unloading 5 unused Assets to reduce memory usage. Loaded Objects now: 1611.
Total: 4.071500 ms (FindLiveObjects: 0.370000 ms CreateObjectMapping: 0.112700 ms MarkObjects: 3.495500 ms  DeleteObjects: 0.089200 ms)

========================================================================
Received Prepare
Registering precompiled user dll's ...
Registered in 0.002147 seconds.
Begin MonoManager ReloadAssembly
Native extension for WindowsStandalone target not found
Native extension for WebGL target not found
Refreshing native plugins compatible for Editor in 0.58 ms, found 0 plugins.
Preloading 0 native plugins for Editor in 0.00 ms.
Invoked RoslynAnalysisRunner static constructor.
RoslynAnalysisRunner will not be running.
RoslynAnalysisRunner has terminated.
Mono: successfully reloaded assembly
- Completed reload, in  2.417 seconds
Platform modules already initialized, skipping
Refreshing native plugins compatible for Editor in 0.42 ms, found 0 plugins.
Preloading 0 native plugins for Editor in 0.00 ms.
Unloading 1112 Unused Serialized files (Serialized files now loaded: 0)
System memory in use before: 60.5 MB.
System memory in use after: 60.5 MB.

Unloading 5 unused Assets to reduce memory usage. Loaded Objects now: 1614.
Total: 3.096500 ms (FindLiveObjects: 0.242600 ms CreateObjectMapping: 0.075700 ms MarkObjects: 2.645500 ms  DeleteObjects: 0.130100 ms)

========================================================================
Received Import Request.
  Time since last request: 112.613165 seconds.
  path: Assets/Materials/SphereMat.mat
  artifactKey: Guid(224ffca6cd65364468038dbef252b1d2) Importer(815301076,1909f56bfc062723c751e8b465ee728b)
Start importing Assets/Materials/SphereMat.mat using Guid(224ffca6cd65364468038dbef252b1d2) Importer(815301076,1909f56bfc062723c751e8b465ee728b)  -> (artifact id: '6b9efa640b58611c9f5b04b9064a5459') in 0.281315 seconds
  Import took 0.288194 seconds .

========================================================================
Received Import Request.
  Time since last request: 0.246888 seconds.
  path: Assets/Materials/MainSphereMat1.mat
  artifactKey: Guid(8ff29219ef0f5fc4abce5ce0e45ccaed) Importer(815301076,1909f56bfc062723c751e8b465ee728b)
Start importing Assets/Materials/MainSphereMat1.mat using Guid(8ff29219ef0f5fc4abce5ce0e45ccaed) Importer(815301076,1909f56bfc062723c751e8b465ee728b)  -> (artifact id: 'ad2077bef991bf0b29245da6378ee2da') in 0.050752 seconds
  Import took 0.144543 seconds .

========================================================================
Received Import Request.
  Time since last request: 15.806162 seconds.
  path: Assets/Probes
  artifactKey: Guid(001e6669a8f57f743b9136cdb4dd6d9c) Importer(815301076,1909f56bfc062723c751e8b465ee728b)
Start importing Assets/Probes using Guid(001e6669a8f57f743b9136cdb4dd6d9c) Importer(815301076,1909f56bfc062723c751e8b465ee728b)  -> (artifact id: 'fbc5e1c2e09798f451a2de57e28a9051') in 0.033086 seconds
  Import took 0.037306 seconds .

========================================================================
Received Import Request.
  Time since last request: 0.034984 seconds.
  path: Assets/Probes/LightmapSnapshot.asset
  artifactKey: Guid(a264c4b9c0752bd42a894cf1d10b65b0) Importer(815301076,1909f56bfc062723c751e8b465ee728b)
Start importing Assets/Probes/LightmapSnapshot.asset using Guid(a264c4b9c0752bd42a894cf1d10b65b0) Importer(815301076,1909f56bfc062723c751e8b465ee728b) Lighting data asset ‘LightmapSnapshot’ is incompatible with the current Unity version. Please use Generate Lighting to rebuild the lighting data.  Realtime Global Illumination cannot be used until the lighting data is rebuilt.

 -> (artifact id: '23cbace033df50aae07a41e033a35912') in 0.031921 seconds
  Import took 0.040099 seconds .

========================================================================
Received Import Request.
  Time since last request: 13.424612 seconds.
  path: Assets/Probes.unity
  artifactKey: Guid(5c80caec0065d5e4cb21c81db193c489) Importer(815301076,1909f56bfc062723c751e8b465ee728b)
Start importing Assets/Probes.unity using Guid(5c80caec0065d5e4cb21c81db193c489) Importer(815301076,1909f56bfc062723c751e8b465ee728b)  -> (artifact id: 'ce39bcfbb018e08d42bf838244a74db9') in 0.023387 seconds
  Import took 0.139957 seconds .

========================================================================
Received Import Request.
  Time since last request: 15.835259 seconds.
  path: Assets/Scenes/Main.unity
  artifactKey: Guid(9fc0d4010bbf28b4594072e72b8655ab) Importer(815301076,1909f56bfc062723c751e8b465ee728b)
Start importing Assets/Scenes/Main.unity using Guid(9fc0d4010bbf28b4594072e72b8655ab) Importer(815301076,1909f56bfc062723c751e8b465ee728b)  -> (artifact id: 'dfeff6b18c5660d0bbbc09294bafa4a6') in 0.016720 seconds
  Import took 0.116675 seconds .

========================================================================
Received Prepare
Registering precompiled user dll's ...
Registered in 0.002522 seconds.
Begin MonoManager ReloadAssembly
Native extension for WindowsStandalone target not found
Native extension for WebGL target not found
Refreshing native plugins compatible for Editor in 0.41 ms, found 0 plugins.
Preloading 0 native plugins for Editor in 0.00 ms.
Invoked RoslynAnalysisRunner static constructor.
RoslynAnalysisRunner will not be running.
RoslynAnalysisRunner has terminated.
Mono: successfully reloaded assembly
- Completed reload, in  3.200 seconds
Platform modules already initialized, skipping
Refreshing native plugins compatible for Editor in 0.53 ms, found 0 plugins.
Preloading 0 native plugins for Editor in 0.00 ms.
Unloading 1112 Unused Serialized files (Serialized files now loaded: 0)
System memory in use before: 60.6 MB.
System memory in use after: 60.7 MB.

Unloading 5 unused Assets to reduce memory usage. Loaded Objects now: 1618.
Total: 4.293300 ms (FindLiveObjects: 0.191300 ms CreateObjectMapping: 0.070100 ms MarkObjects: 3.913500 ms  DeleteObjects: 0.114800 ms)

========================================================================
Received Prepare
Registering precompiled user dll's ...
Registered in 0.001501 seconds.
Begin MonoManager ReloadAssembly
Native extension for WindowsStandalone target not found
Native extension for WebGL target not found
Refreshing native plugins compatible for Editor in 0.82 ms, found 0 plugins.
Preloading 0 native plugins for Editor in 0.00 ms.
Invoked RoslynAnalysisRunner static constructor.
RoslynAnalysisRunner will not be running.
RoslynAnalysisRunner has terminated.
Mono: successfully reloaded assembly
- Completed reload, in  2.172 seconds
Platform modules already initialized, skipping
Refreshing native plugins compatible for Editor in 0.49 ms, found 0 plugins.
Preloading 0 native plugins for Editor in 0.00 ms.
Unloading 1112 Unused Serialized files (Serialized files now loaded: 0)
System memory in use before: 60.7 MB.
System memory in use after: 60.7 MB.

Unloading 5 unused Assets to reduce memory usage. Loaded Objects now: 1621.
Total: 4.714900 ms (FindLiveObjects: 0.327400 ms CreateObjectMapping: 0.102700 ms MarkObjects: 4.184800 ms  DeleteObjects: 0.097100 ms)

AssetImportWorkerClient::OnTransportError - code=2 error=End of file
