Using pre-set license
Built from '2020.3/staging' branch; Version is '2020.3.11f1 (99c7afb366b3) revision 10078127'; Using compiler version '192528614'; Build Type 'Release'
OS: 'Windows 10 Pro; OS build 19043.1055; Version 2009; 64bit' Language: 'en' Physical Memory: 8106 MB
BatchMode: 1, IsHumanControllingUs: 0, StartBugReporterOnCrash: 0, Is64bit: 1, IsPro: 0

 COMMAND LINE ARGUMENTS:
C:\Program Files\Unity\Hub\Editor\2020.3.11f1\Editor\Unity.exe
-adb2
-batchMode
-noUpm
-name
AssetImportWorker0
-projectPath
E:/Mapel/Polinema/S6/Komputasi Multimedia/KM_2021/Project/Minggu 15/Praktikum 4
-logFile
Logs/AssetImportWorker0.log
-srvPort
55262
Successfully changed project path to: E:/Mapel/Polinema/S6/Komputasi Multimedia/KM_2021/Project/Minggu 15/Praktikum 4
E:/Mapel/Polinema/S6/Komputasi Multimedia/KM_2021/Project/Minggu 15/Praktikum 4
Using Asset Import Pipeline V2.
Refreshing native plugins compatible for Editor in 108.80 ms, found 2 plugins.
Preloading 0 native plugins for Editor in 0.00 ms.
Initialize engine version: 2020.3.11f1 (99c7afb366b3)
[Subsystems] Discovering subsystems at path C:/Program Files/Unity/Hub/Editor/2020.3.11f1/Editor/Data/Resources/UnitySubsystems
[Subsystems] Discovering subsystems at path E:/Mapel/Polinema/S6/Komputasi Multimedia/KM_2021/Project/Minggu 15/Praktikum 4/Assets
GfxDevice: creating device client; threaded=0
Direct3D:
    Version:  Direct3D 11.0 [level 10.1]
    Renderer: Intel(R) HD Graphics 3000 (ID=0x116)
    Vendor:   
    VRAM:     128 MB
    Driver:   9.17.10.4459
Initialize mono
Mono path[0] = 'C:/Program Files/Unity/Hub/Editor/2020.3.11f1/Editor/Data/Managed'
Mono path[1] = 'C:/Program Files/Unity/Hub/Editor/2020.3.11f1/Editor/Data/MonoBleedingEdge/lib/mono/unityjit'
Mono config path = 'C:/Program Files/Unity/Hub/Editor/2020.3.11f1/Editor/Data/MonoBleedingEdge/etc'
Using monoOptions --debugger-agent=transport=dt_socket,embedding=1,server=y,suspend=n,address=127.0.0.1:56184
Begin MonoManager ReloadAssembly
Registering precompiled unity dll's ...
Register platform support module: C:/Program Files/Unity/Hub/Editor/2020.3.11f1/Editor/Data/PlaybackEngines/WebGLSupport/UnityEditor.WebGL.Extensions.dll
Register platform support module: C:/Program Files/Unity/Hub/Editor/2020.3.11f1/Editor/Data/PlaybackEngines/WindowsStandaloneSupport/UnityEditor.WindowsStandalone.Extensions.dll
Registered in 0.006990 seconds.
Native extension for WindowsStandalone target not found
Native extension for WebGL target not found
Refreshing native plugins compatible for Editor in 74.48 ms, found 2 plugins.
Preloading 0 native plugins for Editor in 0.00 ms.
Mono: successfully reloaded assembly
- Completed reload, in  5.341 seconds
Platform modules already initialized, skipping
Registering precompiled user dll's ...
Registered in 0.008228 seconds.
Begin MonoManager ReloadAssembly
Native extension for WindowsStandalone target not found
Native extension for WebGL target not found
Refreshing native plugins compatible for Editor in 0.61 ms, found 2 plugins.
Preloading 0 native plugins for Editor in 0.00 ms.
Mono: successfully reloaded assembly
- Completed reload, in  2.451 seconds
Platform modules already initialized, skipping
========================================================================
Worker process is ready to serve import requests
Launched and connected shader compiler UnityShaderCompiler.exe after 0.08 seconds
Refreshing native plugins compatible for Editor in 0.70 ms, found 2 plugins.
Preloading 0 native plugins for Editor in 0.00 ms.
Unloading 1396 Unused Serialized files (Serialized files now loaded: 0)
System memory in use before: 65.2 MB.
System memory in use after: 65.3 MB.

Unloading 18 unused Assets to reduce memory usage. Loaded Objects now: 1830.
Total: 3.564300 ms (FindLiveObjects: 0.206700 ms CreateObjectMapping: 0.083700 ms MarkObjects: 3.159400 ms  DeleteObjects: 0.111800 ms)

========================================================================
Received Import Request.
  path: Assets/Multipurpose Camera Rig.prefab
  artifactKey: Guid(8bf90ed7e7e73c847b73acff85bda1b3) Importer(815301076,1909f56bfc062723c751e8b465ee728b)
Start importing Assets/Multipurpose Camera Rig.prefab using Guid(8bf90ed7e7e73c847b73acff85bda1b3) Importer(815301076,1909f56bfc062723c751e8b465ee728b)  -> (artifact id: '75666033dea55f9e470540a511d24b81') in 0.102880 seconds
  Import took 0.109029 seconds .

========================================================================
Received Import Request.
  Time since last request: 0.000419 seconds.
  path: Assets/book@T-Pose.fbx
  artifactKey: Guid(e56c9b71c23b06a44b59588954c3591a) Importer(815301076,1909f56bfc062723c751e8b465ee728b)
Start importing Assets/book@T-Pose.fbx using Guid(e56c9b71c23b06a44b59588954c3591a) Importer(815301076,1909f56bfc062723c751e8b465ee728b)  -> (artifact id: '2671db3b8466045d479b38c866de7f97') in 1.626272 seconds
  Import took 1.633521 seconds .

========================================================================
Received Import Request.
  Time since last request: 0.000417 seconds.
  path: Assets/BodyMask.mask
  artifactKey: Guid(e6992addfc16e684ab7a9722e7804b04) Importer(815301076,1909f56bfc062723c751e8b465ee728b)
Start importing Assets/BodyMask.mask using Guid(e6992addfc16e684ab7a9722e7804b04) Importer(815301076,1909f56bfc062723c751e8b465ee728b)  -> (artifact id: '9cbbeb15890b12b7e39c3df19ac02afb') in 0.065640 seconds
  Import took 0.073572 seconds .

========================================================================
Received Import Request.
  Time since last request: 0.000396 seconds.
  path: Assets/Swat@strafe_2.fbx
  artifactKey: Guid(a70b123e13acd894db22cd2b1f691b18) Importer(815301076,1909f56bfc062723c751e8b465ee728b)
Start importing Assets/Swat@strafe_2.fbx using Guid(a70b123e13acd894db22cd2b1f691b18) Importer(815301076,1909f56bfc062723c751e8b465ee728b)  -> (artifact id: '5da5c9f12ba45b9696151142a2ba472b') in 0.033736 seconds
  Import took 0.042685 seconds .

========================================================================
Received Import Request.
  Time since last request: 0.000522 seconds.
  path: Assets/Swat@rifle_jump.fbx
  artifactKey: Guid(a1b406e12439525448ae73f1c41edf84) Importer(815301076,1909f56bfc062723c751e8b465ee728b)
Start importing Assets/Swat@rifle_jump.fbx using Guid(a1b406e12439525448ae73f1c41edf84) Importer(815301076,1909f56bfc062723c751e8b465ee728b)  -> (artifact id: 'e6dc1be70490d9044d4fa5be723dab0b') in 0.030704 seconds
  Import took 0.040028 seconds .

========================================================================
Received Import Request.
  Time since last request: 0.000420 seconds.
  path: Assets/Swat@strafe.fbx
  artifactKey: Guid(11a369a0493aca541a78cbb821eed9a8) Importer(815301076,1909f56bfc062723c751e8b465ee728b)
Start importing Assets/Swat@strafe.fbx using Guid(11a369a0493aca541a78cbb821eed9a8) Importer(815301076,1909f56bfc062723c751e8b465ee728b)  -> (artifact id: '85d67ea9c46b3c04bd36d929c74972c7') in 0.036954 seconds
  Import took 0.043408 seconds .

========================================================================
Received Import Request.
  Time since last request: 0.000450 seconds.
  path: Assets/Swat@walking.fbx
  artifactKey: Guid(535f4f424f4d9c34ca615c5635c1e042) Importer(815301076,1909f56bfc062723c751e8b465ee728b)
Start importing Assets/Swat@walking.fbx using Guid(535f4f424f4d9c34ca615c5635c1e042) Importer(815301076,1909f56bfc062723c751e8b465ee728b)  -> (artifact id: 'a834e827f9d19e48537f5bae668e0769') in 0.029955 seconds
  Import took 0.037526 seconds .

========================================================================
Received Import Request.
  Time since last request: 0.000420 seconds.
  path: Assets/Swat@rifle_run.fbx
  artifactKey: Guid(e21c3d457ba8d10458bb4ff614dd8d6a) Importer(815301076,1909f56bfc062723c751e8b465ee728b)
Start importing Assets/Swat@rifle_run.fbx using Guid(e21c3d457ba8d10458bb4ff614dd8d6a) Importer(815301076,1909f56bfc062723c751e8b465ee728b)  -> (artifact id: '94809540a06b5f1da890937b8fdcce2e') in 0.028890 seconds
  Import took 0.036137 seconds .

========================================================================
Received Import Request.
  Time since last request: 0.000337 seconds.
  path: Assets/spawnpointmaterial.mat
  artifactKey: Guid(bf8d08b2e7d012b488310740415de8c5) Importer(815301076,1909f56bfc062723c751e8b465ee728b)
Start importing Assets/spawnpointmaterial.mat using Guid(bf8d08b2e7d012b488310740415de8c5) Importer(815301076,1909f56bfc062723c751e8b465ee728b)  -> (artifact id: '4be741a910349ef6e6e17a8a3b3e5af0') in 0.315181 seconds
  Import took 0.320756 seconds .

========================================================================
Received Import Request.
  Time since last request: 0.000397 seconds.
  path: Assets/LandmineMaterial.mat
  artifactKey: Guid(a0052e7c78e5d304a86f5d7486fcef89) Importer(815301076,1909f56bfc062723c751e8b465ee728b)
Start importing Assets/LandmineMaterial.mat using Guid(a0052e7c78e5d304a86f5d7486fcef89) Importer(815301076,1909f56bfc062723c751e8b465ee728b)  -> (artifact id: '601580b1334f4431a4871af6ea357ae0') in 0.041900 seconds
  Import took 0.048871 seconds .

========================================================================
Received Import Request.
  Time since last request: 0.000127 seconds.
  path: Assets/Swat@walking_backwards.fbx
  artifactKey: Guid(eadaad5ee849ba047b4caf6b8fc0f170) Importer(815301076,1909f56bfc062723c751e8b465ee728b)
Start importing Assets/Swat@walking_backwards.fbx using Guid(eadaad5ee849ba047b4caf6b8fc0f170) Importer(815301076,1909f56bfc062723c751e8b465ee728b)  -> (artifact id: '4042716574cf86fbd25c25551246e7d4') in 0.034019 seconds
  Import took 0.040863 seconds .

========================================================================
Received Import Request.
  Time since last request: 0.000413 seconds.
  path: Assets/Swat@strafe_right.fbx
  artifactKey: Guid(1f4043c75610dff4488a555e69ec64f5) Importer(815301076,1909f56bfc062723c751e8b465ee728b)
Start importing Assets/Swat@strafe_right.fbx using Guid(1f4043c75610dff4488a555e69ec64f5) Importer(815301076,1909f56bfc062723c751e8b465ee728b)  -> (artifact id: 'bc55214c581aa400cd1396f3f946021c') in 0.034231 seconds
  Import took 0.041222 seconds .

========================================================================
Received Import Request.
  Time since last request: 0.000381 seconds.
  path: Assets/Swat@rifle_aiming_idle.fbx
  artifactKey: Guid(a1c76269cbf78cf439548a2151075fef) Importer(815301076,1909f56bfc062723c751e8b465ee728b)
Start importing Assets/Swat@rifle_aiming_idle.fbx using Guid(a1c76269cbf78cf439548a2151075fef) Importer(815301076,1909f56bfc062723c751e8b465ee728b)  -> (artifact id: '5713d3f29204fb0626bdec845524e575') in 0.024952 seconds
  Import took 0.030926 seconds .

========================================================================
Received Import Request.
  Time since last request: 0.000370 seconds.
  path: Assets/MsLaser.prefab
  artifactKey: Guid(efdfa771c04de8c4c8d16172bb8560ec) Importer(815301076,1909f56bfc062723c751e8b465ee728b)
Start importing Assets/MsLaser.prefab using Guid(efdfa771c04de8c4c8d16172bb8560ec) Importer(815301076,1909f56bfc062723c751e8b465ee728b)  -> (artifact id: '221b23e1fba5c41eb09644e09e10d090') in 0.141963 seconds
  Import took 0.149985 seconds .

========================================================================
Received Import Request.
  Time since last request: 0.000423 seconds.
  path: Assets/Swat@run_backwards.fbx
  artifactKey: Guid(2d18c4d658319e84f8ce7e43c80c53a5) Importer(815301076,1909f56bfc062723c751e8b465ee728b)
Start importing Assets/Swat@run_backwards.fbx using Guid(2d18c4d658319e84f8ce7e43c80c53a5) Importer(815301076,1909f56bfc062723c751e8b465ee728b)  -> (artifact id: '440140e3a25c581e8e59d5d68028ac2e') in 0.030807 seconds
  Import took 0.036954 seconds .

========================================================================
Received Import Request.
  Time since last request: 0.000434 seconds.
  path: Assets/Swat@strafe_left.fbx
  artifactKey: Guid(a828f2d3f3d32b146888000308d2d1f9) Importer(815301076,1909f56bfc062723c751e8b465ee728b)
Start importing Assets/Swat@strafe_left.fbx using Guid(a828f2d3f3d32b146888000308d2d1f9) Importer(815301076,1909f56bfc062723c751e8b465ee728b)  -> (artifact id: 'a9940d856aa8beba2f624624b7467a60') in 0.026745 seconds
  Import took 0.033326 seconds .

========================================================================
Received Import Request.
  Time since last request: 0.000552 seconds.
  path: Assets/EasterEgg.prefab
  artifactKey: Guid(d7fd55f2ba0273f4384585bf98b2b693) Importer(815301076,1909f56bfc062723c751e8b465ee728b)
Start importing Assets/EasterEgg.prefab using Guid(d7fd55f2ba0273f4384585bf98b2b693) Importer(815301076,1909f56bfc062723c751e8b465ee728b)  -> (artifact id: '34783036a80b49e1f9a709b9cb9102e1') in 0.047107 seconds
  Import took 0.052107 seconds .

========================================================================
Received Import Request.
  Time since last request: 0.000430 seconds.
  path: Assets/Swat@firing_rifle.fbx
  artifactKey: Guid(14b233970047feb4980202b700b3a0ee) Importer(815301076,1909f56bfc062723c751e8b465ee728b)
Start importing Assets/Swat@firing_rifle.fbx using Guid(14b233970047feb4980202b700b3a0ee) Importer(815301076,1909f56bfc062723c751e8b465ee728b)  -> (artifact id: '71ae60e89c7fd2bc4af032b1c378bfc0') in 0.034371 seconds
  Import took 0.039374 seconds .

========================================================================
Received Import Request.
  Time since last request: 0.000401 seconds.
  path: Assets/Swat@turning_right_45_degrees.fbx
  artifactKey: Guid(15c6c2b7b68de394690741d98c5a67f9) Importer(815301076,1909f56bfc062723c751e8b465ee728b)
Start importing Assets/Swat@turning_right_45_degrees.fbx using Guid(15c6c2b7b68de394690741d98c5a67f9) Importer(815301076,1909f56bfc062723c751e8b465ee728b)  -> (artifact id: '7a2048b735763693c23e9c63db5adb69') in 0.030659 seconds
  Import took 0.037065 seconds .

========================================================================
Received Import Request.
  Time since last request: 0.000539 seconds.
  path: Assets/Swat@toss_grenade.fbx
  artifactKey: Guid(fdbca0f3fad189043a7c5b05ce2af7f3) Importer(815301076,1909f56bfc062723c751e8b465ee728b)
Start importing Assets/Swat@toss_grenade.fbx using Guid(fdbca0f3fad189043a7c5b05ce2af7f3) Importer(815301076,1909f56bfc062723c751e8b465ee728b)  -> (artifact id: '4c1f9ff0e7b518c18769a5ca1a479838') in 0.028484 seconds
  Import took 0.034832 seconds .

========================================================================
Received Import Request.
  Time since last request: 0.000497 seconds.
  path: Assets/crossAim.png
  artifactKey: Guid(79e61bfa7e597da4c9e28d67ea19fe16) Importer(815301076,1909f56bfc062723c751e8b465ee728b)
Start importing Assets/crossAim.png using Guid(79e61bfa7e597da4c9e28d67ea19fe16) Importer(815301076,1909f56bfc062723c751e8b465ee728b)  -> (artifact id: '4844185e43f3aa3bc35028d3db4a50d8') in 0.104342 seconds
  Import took 0.112370 seconds .

========================================================================
Received Import Request.
  Time since last request: 0.000436 seconds.
  path: Assets/EasterEggMaterial.mat
  artifactKey: Guid(63ffb56566b502f498c312f3b8009557) Importer(815301076,1909f56bfc062723c751e8b465ee728b)
Start importing Assets/EasterEggMaterial.mat using Guid(63ffb56566b502f498c312f3b8009557) Importer(815301076,1909f56bfc062723c751e8b465ee728b)  -> (artifact id: 'dc5caf5364c034f1a812e7ec287f0e7e') in 0.044223 seconds
  Import took 0.050561 seconds .

========================================================================
Received Import Request.
  Time since last request: 0.000467 seconds.
  path: Assets/easteregg_diff.png
  artifactKey: Guid(92df1d25c8725524ba6fef2066ecacfb) Importer(815301076,1909f56bfc062723c751e8b465ee728b)
Start importing Assets/easteregg_diff.png using Guid(92df1d25c8725524ba6fef2066ecacfb) Importer(815301076,1909f56bfc062723c751e8b465ee728b)  -> (artifact id: 'edaad7476e4102eaa0e39b36b9314035') in 0.037734 seconds
  Import took 0.044122 seconds .

========================================================================
Received Import Request.
  Time since last request: 0.000487 seconds.
  path: Assets/Landmine.prefab
  artifactKey: Guid(2b469f50b5045ed4686abe5349aa212a) Importer(815301076,1909f56bfc062723c751e8b465ee728b)
Start importing Assets/Landmine.prefab using Guid(2b469f50b5045ed4686abe5349aa212a) Importer(815301076,1909f56bfc062723c751e8b465ee728b)  -> (artifact id: '4a5de025dcfe00051363f2df3feb6858') in 0.049783 seconds
  Import took 0.060313 seconds .

========================================================================
Received Import Request.
  Time since last request: 0.000434 seconds.
  path: Assets/Swat@turn_left.fbx
  artifactKey: Guid(e18decdd223f5aa4e9b9cff4c2876b41) Importer(815301076,1909f56bfc062723c751e8b465ee728b)
Start importing Assets/Swat@turn_left.fbx using Guid(e18decdd223f5aa4e9b9cff4c2876b41) Importer(815301076,1909f56bfc062723c751e8b465ee728b)  -> (artifact id: 'ed88829e2a835468263734bac3409e50') in 0.054263 seconds
  Import took 0.063561 seconds .

========================================================================
Received Import Request.
  Time since last request: 0.000747 seconds.
  path: Assets/Spawnpoint.prefab
  artifactKey: Guid(dbc2d4f80fd071445ba73f7b44eb55b5) Importer(815301076,1909f56bfc062723c751e8b465ee728b)
Start importing Assets/Spawnpoint.prefab using Guid(dbc2d4f80fd071445ba73f7b44eb55b5) Importer(815301076,1909f56bfc062723c751e8b465ee728b)  -> (artifact id: 'c0b1307d2ef631275de1236df3f42264') in 0.039693 seconds
  Import took 0.044231 seconds .

========================================================================
Received Import Request.
  Time since last request: 19.766949 seconds.
  path: Assets/mecanimPlayground.unity
  artifactKey: Guid(8e38a7bdfa35d424cb5aedca4b5946d3) Importer(815301076,1909f56bfc062723c751e8b465ee728b)
Start importing Assets/mecanimPlayground.unity using Guid(8e38a7bdfa35d424cb5aedca4b5946d3) Importer(815301076,1909f56bfc062723c751e8b465ee728b)  -> (artifact id: '47bdbdbe509545fda1b9c3265da5ef49') in 0.015267 seconds
  Import took 0.019641 seconds .

========================================================================
Received Import Request.
  Time since last request: 0.018120 seconds.
  path: Assets/mecanimPlayground.unity
  artifactKey: Guid(8e38a7bdfa35d424cb5aedca4b5946d3) Importer(815301076,1909f56bfc062723c751e8b465ee728b)
Start importing Assets/mecanimPlayground.unity using Guid(8e38a7bdfa35d424cb5aedca4b5946d3) Importer(815301076,1909f56bfc062723c751e8b465ee728b)  -> (artifact id: '47bdbdbe509545fda1b9c3265da5ef49') in 0.006759 seconds
  Import took 0.012228 seconds .

========================================================================
Received Import Request.
  Time since last request: 7.629307 seconds.
  path: Assets/Scenes
  artifactKey: Guid(b80e16cdd037cfc498cf4a684fbedaa8) Importer(815301076,1909f56bfc062723c751e8b465ee728b)
Start importing Assets/Scenes using Guid(b80e16cdd037cfc498cf4a684fbedaa8) Importer(815301076,1909f56bfc062723c751e8b465ee728b)  -> (artifact id: 'aafd84e19d47a2ee8134b7cddef53ada') in 0.014963 seconds
  Import took 0.022099 seconds .

AssetImportWorkerClient::OnTransportError - code=2 error=End of file
