Using pre-set license
Built from '2020.3/staging' branch; Version is '2020.3.11f1 (99c7afb366b3) revision 10078127'; Using compiler version '192528614'; Build Type 'Release'
OS: 'Windows 10 Pro; OS build 19043.1055; Version 2009; 64bit' Language: 'en' Physical Memory: 8106 MB
BatchMode: 1, IsHumanControllingUs: 0, StartBugReporterOnCrash: 0, Is64bit: 1, IsPro: 0

 COMMAND LINE ARGUMENTS:
C:\Program Files\Unity\Hub\Editor\2020.3.11f1\Editor\Unity.exe
-adb2
-batchMode
-noUpm
-name
AssetImportWorker0
-projectPath
E:/Mapel/Polinema/S6/Komputasi Multimedia/KM_2021/Project/Minggu 14/Praktikum 5
-logFile
Logs/AssetImportWorker0.log
-srvPort
61374
Successfully changed project path to: E:/Mapel/Polinema/S6/Komputasi Multimedia/KM_2021/Project/Minggu 14/Praktikum 5
E:/Mapel/Polinema/S6/Komputasi Multimedia/KM_2021/Project/Minggu 14/Praktikum 5
Using Asset Import Pipeline V2.
Refreshing native plugins compatible for Editor in 67.13 ms, found 2 plugins.
Preloading 0 native plugins for Editor in 0.00 ms.
Initialize engine version: 2020.3.11f1 (99c7afb366b3)
[Subsystems] Discovering subsystems at path C:/Program Files/Unity/Hub/Editor/2020.3.11f1/Editor/Data/Resources/UnitySubsystems
[Subsystems] Discovering subsystems at path E:/Mapel/Polinema/S6/Komputasi Multimedia/KM_2021/Project/Minggu 14/Praktikum 5/Assets
GfxDevice: creating device client; threaded=0
Direct3D:
    Version:  Direct3D 11.0 [level 10.1]
    Renderer: Intel(R) HD Graphics 3000 (ID=0x116)
    Vendor:   
    VRAM:     128 MB
    Driver:   9.17.10.4459
Initialize mono
Mono path[0] = 'C:/Program Files/Unity/Hub/Editor/2020.3.11f1/Editor/Data/Managed'
Mono path[1] = 'C:/Program Files/Unity/Hub/Editor/2020.3.11f1/Editor/Data/MonoBleedingEdge/lib/mono/unityjit'
Mono config path = 'C:/Program Files/Unity/Hub/Editor/2020.3.11f1/Editor/Data/MonoBleedingEdge/etc'
Using monoOptions --debugger-agent=transport=dt_socket,embedding=1,server=y,suspend=n,address=127.0.0.1:56100
Begin MonoManager ReloadAssembly
Registering precompiled unity dll's ...
Register platform support module: C:/Program Files/Unity/Hub/Editor/2020.3.11f1/Editor/Data/PlaybackEngines/WebGLSupport/UnityEditor.WebGL.Extensions.dll
Register platform support module: C:/Program Files/Unity/Hub/Editor/2020.3.11f1/Editor/Data/PlaybackEngines/WindowsStandaloneSupport/UnityEditor.WindowsStandalone.Extensions.dll
Registered in 0.010740 seconds.
Native extension for WindowsStandalone target not found
Native extension for WebGL target not found
Refreshing native plugins compatible for Editor in 67.68 ms, found 2 plugins.
Preloading 0 native plugins for Editor in 0.00 ms.
Mono: successfully reloaded assembly
- Completed reload, in  4.989 seconds
Platform modules already initialized, skipping
Registering precompiled user dll's ...
Registered in 0.007680 seconds.
Begin MonoManager ReloadAssembly
Native extension for WindowsStandalone target not found
Native extension for WebGL target not found
Refreshing native plugins compatible for Editor in 0.94 ms, found 2 plugins.
Preloading 0 native plugins for Editor in 0.00 ms.
Mono: successfully reloaded assembly
- Completed reload, in  2.402 seconds
Platform modules already initialized, skipping
========================================================================
Worker process is ready to serve import requests
Launched and connected shader compiler UnityShaderCompiler.exe after 0.08 seconds
Refreshing native plugins compatible for Editor in 0.57 ms, found 2 plugins.
Preloading 0 native plugins for Editor in 0.00 ms.
Unloading 1387 Unused Serialized files (Serialized files now loaded: 0)
System memory in use before: 65.2 MB.
System memory in use after: 65.3 MB.

Unloading 19 unused Assets to reduce memory usage. Loaded Objects now: 1820.
Total: 3.541200 ms (FindLiveObjects: 0.213100 ms CreateObjectMapping: 0.084400 ms MarkObjects: 3.094200 ms  DeleteObjects: 0.147000 ms)

========================================================================
Received Import Request.
  path: Assets/Swat@turn_left.fbx
  artifactKey: Guid(197702b29d22b5b4485c4270a7a44cf3) Importer(815301076,1909f56bfc062723c751e8b465ee728b)
Start importing Assets/Swat@turn_left.fbx using Guid(197702b29d22b5b4485c4270a7a44cf3) Importer(815301076,1909f56bfc062723c751e8b465ee728b)  -> (artifact id: '9a019ef0616ba7abc35895c557abfb21') in 0.111167 seconds
  Import took 0.116603 seconds .

========================================================================
Received Import Request.
  Time since last request: 0.000441 seconds.
  path: Assets/Swat@walking.fbx
  artifactKey: Guid(8c6151e581c67da4fbb2f802bb200a81) Importer(815301076,1909f56bfc062723c751e8b465ee728b)
Start importing Assets/Swat@walking.fbx using Guid(8c6151e581c67da4fbb2f802bb200a81) Importer(815301076,1909f56bfc062723c751e8b465ee728b)  -> (artifact id: '5098d3e60070af83139f91eac446aae9') in 0.022219 seconds
  Import took 0.028712 seconds .

========================================================================
Received Import Request.
  Time since last request: 0.000456 seconds.
  path: Assets/MsLaser.prefab
  artifactKey: Guid(1c14a5a274c1fa541849a1423e9b0072) Importer(815301076,1909f56bfc062723c751e8b465ee728b)
Start importing Assets/MsLaser.prefab using Guid(1c14a5a274c1fa541849a1423e9b0072) Importer(815301076,1909f56bfc062723c751e8b465ee728b)  -> (artifact id: '2ad4ed532ecbbcaa76b5975b9c993b53') in 0.634330 seconds
  Import took 0.642545 seconds .

========================================================================
Received Import Request.
  Time since last request: 0.000457 seconds.
  path: Assets/Swat@walking_backwards.fbx
  artifactKey: Guid(293b98957aeb2444d8eeb0146a285be5) Importer(815301076,1909f56bfc062723c751e8b465ee728b)
Start importing Assets/Swat@walking_backwards.fbx using Guid(293b98957aeb2444d8eeb0146a285be5) Importer(815301076,1909f56bfc062723c751e8b465ee728b)  -> (artifact id: '1b5be4df9570af0e9f47bee883a267f7') in 0.023241 seconds
  Import took 0.029521 seconds .

========================================================================
Received Import Request.
  Time since last request: 0.000402 seconds.
  path: Assets/Swat@strafe_left.fbx
  artifactKey: Guid(3674f0e50389bea428792799d4601f3c) Importer(815301076,1909f56bfc062723c751e8b465ee728b)
Start importing Assets/Swat@strafe_left.fbx using Guid(3674f0e50389bea428792799d4601f3c) Importer(815301076,1909f56bfc062723c751e8b465ee728b)  -> (artifact id: '13be616fab5f9707f5a20d736df9fbd3') in 0.022174 seconds
  Import took 0.035848 seconds .

========================================================================
Received Import Request.
  Time since last request: 0.000123 seconds.
  path: Assets/BodyMask.mask
  artifactKey: Guid(50d739cb1287cda4a893bf422aa9f01c) Importer(815301076,1909f56bfc062723c751e8b465ee728b)
Start importing Assets/BodyMask.mask using Guid(50d739cb1287cda4a893bf422aa9f01c) Importer(815301076,1909f56bfc062723c751e8b465ee728b)  -> (artifact id: '5abe00c2f2810cc3b474e31f27053b42') in 0.037452 seconds
  Import took 0.048803 seconds .

========================================================================
Received Import Request.
  Time since last request: 0.000458 seconds.
  path: Assets/MsLaser@T-Pose.fbx
  artifactKey: Guid(6d61fc2597b0c10439ab863805701a94) Importer(815301076,1909f56bfc062723c751e8b465ee728b)
Start importing Assets/MsLaser@T-Pose.fbx using Guid(6d61fc2597b0c10439ab863805701a94) Importer(815301076,1909f56bfc062723c751e8b465ee728b)  -> (artifact id: '06d4d2dec2932e2c3d9b00d5fa5bb047') in 0.866292 seconds
  Import took 0.875088 seconds .

========================================================================
Received Import Request.
  Time since last request: 0.000410 seconds.
  path: Assets/Swat@run_backwards.fbx
  artifactKey: Guid(279bb0ba476a0bd4c99bdcfd111248e2) Importer(815301076,1909f56bfc062723c751e8b465ee728b)
Start importing Assets/Swat@run_backwards.fbx using Guid(279bb0ba476a0bd4c99bdcfd111248e2) Importer(815301076,1909f56bfc062723c751e8b465ee728b)  -> (artifact id: 'b6ec366b2e5532e76fc50d42665373b1') in 0.023071 seconds
  Import took 0.028386 seconds .

========================================================================
Received Import Request.
  Time since last request: 0.000374 seconds.
  path: Assets/Swat@toss_grenade.fbx
  artifactKey: Guid(310f15964d257fa40a1857a85eee9a76) Importer(815301076,1909f56bfc062723c751e8b465ee728b)
Start importing Assets/Swat@toss_grenade.fbx using Guid(310f15964d257fa40a1857a85eee9a76) Importer(815301076,1909f56bfc062723c751e8b465ee728b)  -> (artifact id: '85adfc4d68789a7f62e8394c71d2322b') in 0.020532 seconds
  Import took 0.025405 seconds .

========================================================================
Received Import Request.
  Time since last request: 0.000400 seconds.
  path: Assets/Swat@firing_rifle.fbx
  artifactKey: Guid(e4b047a9c5a02be40a2a1f594bf21bdd) Importer(815301076,1909f56bfc062723c751e8b465ee728b)
Start importing Assets/Swat@firing_rifle.fbx using Guid(e4b047a9c5a02be40a2a1f594bf21bdd) Importer(815301076,1909f56bfc062723c751e8b465ee728b)  -> (artifact id: '5e72d39aab8e71f0ad71c9016e497d06') in 0.020463 seconds
  Import took 0.026529 seconds .

========================================================================
Received Import Request.
  Time since last request: 0.000381 seconds.
  path: Assets/Swat@rifle_run.fbx
  artifactKey: Guid(641bb81d6077ff044b87a3e2aed1b0e5) Importer(815301076,1909f56bfc062723c751e8b465ee728b)
Start importing Assets/Swat@rifle_run.fbx using Guid(641bb81d6077ff044b87a3e2aed1b0e5) Importer(815301076,1909f56bfc062723c751e8b465ee728b)  -> (artifact id: 'a641cda91867eee39ef4c213a4a28916') in 0.028624 seconds
  Import took 0.034690 seconds .

========================================================================
Received Import Request.
  Time since last request: 0.000406 seconds.
  path: Assets/Swat@strafe.fbx
  artifactKey: Guid(205196b6962d984438ca027a77b6b23e) Importer(815301076,1909f56bfc062723c751e8b465ee728b)
Start importing Assets/Swat@strafe.fbx using Guid(205196b6962d984438ca027a77b6b23e) Importer(815301076,1909f56bfc062723c751e8b465ee728b)  -> (artifact id: 'a090305fe412cc9ca35d7559a26a6346') in 0.029894 seconds
  Import took 0.039664 seconds .

========================================================================
Received Import Request.
  Time since last request: 0.000674 seconds.
  path: Assets/Swat@strafe_right.fbx
  artifactKey: Guid(6f0161b54bbf88c44929898cf7fdb126) Importer(815301076,1909f56bfc062723c751e8b465ee728b)
Start importing Assets/Swat@strafe_right.fbx using Guid(6f0161b54bbf88c44929898cf7fdb126) Importer(815301076,1909f56bfc062723c751e8b465ee728b)  -> (artifact id: '226efd580aa91f0f978c51b94a0e436a') in 0.047578 seconds
  Import took 0.055060 seconds .

========================================================================
Received Import Request.
  Time since last request: 0.000478 seconds.
  path: Assets/Swat@turning_right_45_degrees.fbx
  artifactKey: Guid(552a486e0370cc44ea919fd8220b1bf1) Importer(815301076,1909f56bfc062723c751e8b465ee728b)
Start importing Assets/Swat@turning_right_45_degrees.fbx using Guid(552a486e0370cc44ea919fd8220b1bf1) Importer(815301076,1909f56bfc062723c751e8b465ee728b)  -> (artifact id: '3648dfcf3abb0e98ed004b1279152c83') in 0.026521 seconds
  Import took 0.036166 seconds .

========================================================================
Received Import Request.
  Time since last request: 0.000485 seconds.
  path: Assets/Swat@rifle_aiming_idle.fbx
  artifactKey: Guid(7f72964001205b944ab9f314a704489b) Importer(815301076,1909f56bfc062723c751e8b465ee728b)
Start importing Assets/Swat@rifle_aiming_idle.fbx using Guid(7f72964001205b944ab9f314a704489b) Importer(815301076,1909f56bfc062723c751e8b465ee728b)  -> (artifact id: 'bb1ee3f8ebfd9aaea2325af1b860b680') in 0.032416 seconds
  Import took 0.037975 seconds .

========================================================================
Received Import Request.
  Time since last request: 0.000357 seconds.
  path: Assets/Swat@strafe_2.fbx
  artifactKey: Guid(1d0b72c9279176441aef2f141bc8a5f8) Importer(815301076,1909f56bfc062723c751e8b465ee728b)
Start importing Assets/Swat@strafe_2.fbx using Guid(1d0b72c9279176441aef2f141bc8a5f8) Importer(815301076,1909f56bfc062723c751e8b465ee728b)  -> (artifact id: 'b437c1b4fc9d942d9bbca0f26341fddd') in 0.026577 seconds
  Import took 0.034316 seconds .

========================================================================
Received Import Request.
  Time since last request: 14.328955 seconds.
  path: Assets/Swat@rifle_jump.fbx
  artifactKey: Guid(913142976b44789468b34f838c408984) Importer(815301076,1909f56bfc062723c751e8b465ee728b)
Start importing Assets/Swat@rifle_jump.fbx using Guid(913142976b44789468b34f838c408984) Importer(815301076,1909f56bfc062723c751e8b465ee728b)  -> (artifact id: '731d455099f605c1022670a6dce8a9fa') in 0.028166 seconds
  Import took 0.034428 seconds .

========================================================================
Received Import Request.
  Time since last request: 31.291660 seconds.
  path: Assets/Swat@rifle_jump.fbx
  artifactKey: Guid(913142976b44789468b34f838c408984) Importer(815301076,1909f56bfc062723c751e8b465ee728b)
Start importing Assets/Swat@rifle_jump.fbx using Guid(913142976b44789468b34f838c408984) Importer(815301076,1909f56bfc062723c751e8b465ee728b)  -> (artifact id: '665eeb36554819e84bc981aa4a2d8a57') in 0.015726 seconds
  Import took 0.021598 seconds .

========================================================================
Received Import Request.
  Time since last request: 0.007499 seconds.
  path: Assets/Swat@rifle_jump.fbx
  artifactKey: Guid(913142976b44789468b34f838c408984) Importer(815301076,1909f56bfc062723c751e8b465ee728b)
Start importing Assets/Swat@rifle_jump.fbx using Guid(913142976b44789468b34f838c408984) Importer(815301076,1909f56bfc062723c751e8b465ee728b)  -> (artifact id: '665eeb36554819e84bc981aa4a2d8a57') in 0.013845 seconds
  Import took 0.021226 seconds .

========================================================================
Received Import Request.
  Time since last request: 15.787787 seconds.
  path: Assets/Swat@rifle_jump.fbx
  artifactKey: Guid(913142976b44789468b34f838c408984) Importer(815301076,1909f56bfc062723c751e8b465ee728b)
Start importing Assets/Swat@rifle_jump.fbx using Guid(913142976b44789468b34f838c408984) Importer(815301076,1909f56bfc062723c751e8b465ee728b)  -> (artifact id: '15c5951a92e6566e041b7b5f070298c5') in 0.017624 seconds
  Import took 0.024264 seconds .

========================================================================
Received Import Request.
  Time since last request: 0.003751 seconds.
  path: Assets/Swat@rifle_jump.fbx
  artifactKey: Guid(913142976b44789468b34f838c408984) Importer(815301076,1909f56bfc062723c751e8b465ee728b)
Start importing Assets/Swat@rifle_jump.fbx using Guid(913142976b44789468b34f838c408984) Importer(815301076,1909f56bfc062723c751e8b465ee728b)  -> (artifact id: '15c5951a92e6566e041b7b5f070298c5') in 0.021289 seconds
  Import took 0.031884 seconds .

========================================================================
Received Import Request.
  Time since last request: 63.742989 seconds.
  path: Assets/MainCharacter.controller
  artifactKey: Guid(f733304d84cddb04388f30591bc2eb84) Importer(815301076,1909f56bfc062723c751e8b465ee728b)
Start importing Assets/MainCharacter.controller using Guid(f733304d84cddb04388f30591bc2eb84) Importer(815301076,1909f56bfc062723c751e8b465ee728b)  -> (artifact id: '73593b9eedf5a107a850462a9101aa4f') in 0.049438 seconds
  Import took 0.056658 seconds .

========================================================================
Received Import Request.
  Time since last request: 6.295606 seconds.
  path: Assets/mecanimPlayground.unity
  artifactKey: Guid(dd403b659c3b8554ca213c3bf370af4d) Importer(815301076,1909f56bfc062723c751e8b465ee728b)
Start importing Assets/mecanimPlayground.unity using Guid(dd403b659c3b8554ca213c3bf370af4d) Importer(815301076,1909f56bfc062723c751e8b465ee728b)  -> (artifact id: '82409980bb1cfca12df4d5a3c5d5ddce') in 0.021677 seconds
  Import took 0.027435 seconds .

========================================================================
Received Import Request.
  Time since last request: 272.328746 seconds.
  path: Assets/BasicController.cs
  artifactKey: Guid(d88946f6956ec5d4d9eb5c9ca08ade76) Importer(815301076,1909f56bfc062723c751e8b465ee728b)
Start importing Assets/BasicController.cs using Guid(d88946f6956ec5d4d9eb5c9ca08ade76) Importer(815301076,1909f56bfc062723c751e8b465ee728b)  -> (artifact id: '8510fa833789cdb73faf50e47779e302') in 0.024310 seconds
  Import took 0.029016 seconds .

========================================================================
Received Prepare
Registering precompiled user dll's ...
Registered in 0.009746 seconds.
Begin MonoManager ReloadAssembly
Native extension for WindowsStandalone target not found
Native extension for WebGL target not found
Refreshing native plugins compatible for Editor in 0.61 ms, found 2 plugins.
Preloading 0 native plugins for Editor in 0.00 ms.
Mono: successfully reloaded assembly
- Completed reload, in  2.512 seconds
Platform modules already initialized, skipping
Refreshing native plugins compatible for Editor in 0.98 ms, found 2 plugins.
Preloading 0 native plugins for Editor in 0.00 ms.
Unloading 1382 Unused Serialized files (Serialized files now loaded: 0)
System memory in use before: 69.5 MB.
System memory in use after: 69.6 MB.

Unloading 14 unused Assets to reduce memory usage. Loaded Objects now: 1835.
Total: 3.423300 ms (FindLiveObjects: 0.205900 ms CreateObjectMapping: 0.083000 ms MarkObjects: 3.021700 ms  DeleteObjects: 0.110000 ms)

========================================================================
Received Import Request.
  Time since last request: 74.323218 seconds.
  path: Assets/BasicController.cs
  artifactKey: Guid(d88946f6956ec5d4d9eb5c9ca08ade76) Importer(815301076,1909f56bfc062723c751e8b465ee728b)
Start importing Assets/BasicController.cs using Guid(d88946f6956ec5d4d9eb5c9ca08ade76) Importer(815301076,1909f56bfc062723c751e8b465ee728b)  -> (artifact id: 'cab65af0358dda6248622869fe122bda') in 0.007375 seconds
  Import took 0.011345 seconds .

========================================================================
Received Prepare
Registering precompiled user dll's ...
Registered in 0.011626 seconds.
Begin MonoManager ReloadAssembly
Native extension for WindowsStandalone target not found
Native extension for WebGL target not found
Refreshing native plugins compatible for Editor in 0.60 ms, found 2 plugins.
Preloading 0 native plugins for Editor in 0.00 ms.
Mono: successfully reloaded assembly
- Completed reload, in  2.421 seconds
Platform modules already initialized, skipping
Refreshing native plugins compatible for Editor in 0.74 ms, found 2 plugins.
Preloading 0 native plugins for Editor in 0.00 ms.
Unloading 1382 Unused Serialized files (Serialized files now loaded: 0)
System memory in use before: 69.5 MB.
System memory in use after: 69.6 MB.

Unloading 14 unused Assets to reduce memory usage. Loaded Objects now: 1838.
Total: 4.598900 ms (FindLiveObjects: 0.201700 ms CreateObjectMapping: 0.086200 ms MarkObjects: 4.201000 ms  DeleteObjects: 0.104800 ms)

========================================================================
Received Import Request.
  Time since last request: 102.949687 seconds.
  path: Assets/BasicController.cs
  artifactKey: Guid(d88946f6956ec5d4d9eb5c9ca08ade76) Importer(815301076,1909f56bfc062723c751e8b465ee728b)
Start importing Assets/BasicController.cs using Guid(d88946f6956ec5d4d9eb5c9ca08ade76) Importer(815301076,1909f56bfc062723c751e8b465ee728b)  -> (artifact id: '88dbba1faeb22e3c8ad95954cb4d4523') in 0.009928 seconds
  Import took 0.014711 seconds .

========================================================================
Received Import Request.
  Time since last request: 4.444730 seconds.
  path: Assets/BasicController.cs
  artifactKey: Guid(d88946f6956ec5d4d9eb5c9ca08ade76) Importer(815301076,1909f56bfc062723c751e8b465ee728b)
Start importing Assets/BasicController.cs using Guid(d88946f6956ec5d4d9eb5c9ca08ade76) Importer(815301076,1909f56bfc062723c751e8b465ee728b)  -> (artifact id: '88dbba1faeb22e3c8ad95954cb4d4523') in 0.015652 seconds
  Import took 0.022831 seconds .

========================================================================
Received Prepare
Registering precompiled user dll's ...
Registered in 0.010344 seconds.
Begin MonoManager ReloadAssembly
Native extension for WindowsStandalone target not found
Native extension for WebGL target not found
Refreshing native plugins compatible for Editor in 0.61 ms, found 2 plugins.
Preloading 0 native plugins for Editor in 0.00 ms.
Mono: successfully reloaded assembly
- Completed reload, in  2.445 seconds
Platform modules already initialized, skipping
Refreshing native plugins compatible for Editor in 0.63 ms, found 2 plugins.
Preloading 0 native plugins for Editor in 0.00 ms.
Unloading 1382 Unused Serialized files (Serialized files now loaded: 0)
System memory in use before: 69.5 MB.
System memory in use after: 69.6 MB.

Unloading 14 unused Assets to reduce memory usage. Loaded Objects now: 1841.
Total: 3.440700 ms (FindLiveObjects: 0.201100 ms CreateObjectMapping: 0.083900 ms MarkObjects: 3.058500 ms  DeleteObjects: 0.094700 ms)

========================================================================
Received Prepare
Registering precompiled user dll's ...
Registered in 0.008214 seconds.
Begin MonoManager ReloadAssembly
Native extension for WindowsStandalone target not found
Native extension for WebGL target not found
Refreshing native plugins compatible for Editor in 0.68 ms, found 2 plugins.
Preloading 0 native plugins for Editor in 0.00 ms.
Mono: successfully reloaded assembly
- Completed reload, in  2.401 seconds
Platform modules already initialized, skipping
Refreshing native plugins compatible for Editor in 0.61 ms, found 2 plugins.
Preloading 0 native plugins for Editor in 0.00 ms.
Unloading 1382 Unused Serialized files (Serialized files now loaded: 0)
System memory in use before: 69.5 MB.
System memory in use after: 69.6 MB.

Unloading 14 unused Assets to reduce memory usage. Loaded Objects now: 1844.
Total: 4.542700 ms (FindLiveObjects: 0.204800 ms CreateObjectMapping: 0.096600 ms MarkObjects: 4.120300 ms  DeleteObjects: 0.118000 ms)

========================================================================
Received Import Request.
  Time since last request: 96.144284 seconds.
  path: Assets/BasicController.cs
  artifactKey: Guid(d88946f6956ec5d4d9eb5c9ca08ade76) Importer(815301076,1909f56bfc062723c751e8b465ee728b)
Start importing Assets/BasicController.cs using Guid(d88946f6956ec5d4d9eb5c9ca08ade76) Importer(815301076,1909f56bfc062723c751e8b465ee728b)  -> (artifact id: 'b108622b10bd9e437dd2e60c4b4c01c3') in 0.009673 seconds
  Import took 0.047110 seconds .

========================================================================
Received Import Request.
  Time since last request: 3.601151 seconds.
  path: Assets/BasicController.cs
  artifactKey: Guid(d88946f6956ec5d4d9eb5c9ca08ade76) Importer(815301076,1909f56bfc062723c751e8b465ee728b)
Start importing Assets/BasicController.cs using Guid(d88946f6956ec5d4d9eb5c9ca08ade76) Importer(815301076,1909f56bfc062723c751e8b465ee728b)  -> (artifact id: 'b108622b10bd9e437dd2e60c4b4c01c3') in 0.004925 seconds
  Import took 0.010000 seconds .

========================================================================
Received Prepare
Registering precompiled user dll's ...
Registered in 0.009556 seconds.
Begin MonoManager ReloadAssembly
Native extension for WindowsStandalone target not found
Native extension for WebGL target not found
Refreshing native plugins compatible for Editor in 0.60 ms, found 2 plugins.
Preloading 0 native plugins for Editor in 0.00 ms.
Mono: successfully reloaded assembly
- Completed reload, in  2.146 seconds
Platform modules already initialized, skipping
Refreshing native plugins compatible for Editor in 0.62 ms, found 2 plugins.
Preloading 0 native plugins for Editor in 0.00 ms.
Unloading 1382 Unused Serialized files (Serialized files now loaded: 0)
System memory in use before: 69.5 MB.
System memory in use after: 69.6 MB.

Unloading 14 unused Assets to reduce memory usage. Loaded Objects now: 1847.
Total: 4.810800 ms (FindLiveObjects: 0.255000 ms CreateObjectMapping: 0.087600 ms MarkObjects: 4.314000 ms  DeleteObjects: 0.151700 ms)

AssetImportWorkerClient::OnTransportError - code=2 error=End of file
