Using pre-set license
Built from '2020.3/staging' branch; Version is '2020.3.11f1 (99c7afb366b3) revision 10078127'; Using compiler version '192528614'; Build Type 'Release'
OS: 'Windows 10 Pro; OS build 19043.1055; Version 2009; 64bit' Language: 'en' Physical Memory: 8106 MB
BatchMode: 1, IsHumanControllingUs: 0, StartBugReporterOnCrash: 0, Is64bit: 1, IsPro: 0

 COMMAND LINE ARGUMENTS:
C:\Program Files\Unity\Hub\Editor\2020.3.11f1\Editor\Unity.exe
-adb2
-batchMode
-noUpm
-name
AssetImportWorker0
-projectPath
E:/Mapel/Polinema/S6/Komputasi Multimedia/KM_2021/Project/Minggu 14/Praktikum 2
-logFile
Logs/AssetImportWorker0.log
-srvPort
57125
Successfully changed project path to: E:/Mapel/Polinema/S6/Komputasi Multimedia/KM_2021/Project/Minggu 14/Praktikum 2
E:/Mapel/Polinema/S6/Komputasi Multimedia/KM_2021/Project/Minggu 14/Praktikum 2
Using Asset Import Pipeline V2.
Refreshing native plugins compatible for Editor in 69.91 ms, found 2 plugins.
Preloading 0 native plugins for Editor in 0.00 ms.
Initialize engine version: 2020.3.11f1 (99c7afb366b3)
[Subsystems] Discovering subsystems at path C:/Program Files/Unity/Hub/Editor/2020.3.11f1/Editor/Data/Resources/UnitySubsystems
[Subsystems] Discovering subsystems at path E:/Mapel/Polinema/S6/Komputasi Multimedia/KM_2021/Project/Minggu 14/Praktikum 2/Assets
GfxDevice: creating device client; threaded=0
Direct3D:
    Version:  Direct3D 11.0 [level 10.1]
    Renderer: Intel(R) HD Graphics 3000 (ID=0x116)
    Vendor:   
    VRAM:     128 MB
    Driver:   9.17.10.4459
Initialize mono
Mono path[0] = 'C:/Program Files/Unity/Hub/Editor/2020.3.11f1/Editor/Data/Managed'
Mono path[1] = 'C:/Program Files/Unity/Hub/Editor/2020.3.11f1/Editor/Data/MonoBleedingEdge/lib/mono/unityjit'
Mono config path = 'C:/Program Files/Unity/Hub/Editor/2020.3.11f1/Editor/Data/MonoBleedingEdge/etc'
Using monoOptions --debugger-agent=transport=dt_socket,embedding=1,server=y,suspend=n,address=127.0.0.1:56276
Begin MonoManager ReloadAssembly
Registering precompiled unity dll's ...
Register platform support module: C:/Program Files/Unity/Hub/Editor/2020.3.11f1/Editor/Data/PlaybackEngines/WebGLSupport/UnityEditor.WebGL.Extensions.dll
Register platform support module: C:/Program Files/Unity/Hub/Editor/2020.3.11f1/Editor/Data/PlaybackEngines/WindowsStandaloneSupport/UnityEditor.WindowsStandalone.Extensions.dll
Registered in 0.005492 seconds.
Native extension for WindowsStandalone target not found
Native extension for WebGL target not found
Refreshing native plugins compatible for Editor in 66.12 ms, found 2 plugins.
Preloading 0 native plugins for Editor in 0.00 ms.
Mono: successfully reloaded assembly
- Completed reload, in  4.918 seconds
Platform modules already initialized, skipping
Registering precompiled user dll's ...
Registered in 0.008200 seconds.
Begin MonoManager ReloadAssembly
Native extension for WindowsStandalone target not found
Native extension for WebGL target not found
Refreshing native plugins compatible for Editor in 0.57 ms, found 2 plugins.
Preloading 0 native plugins for Editor in 0.00 ms.
Mono: successfully reloaded assembly
- Completed reload, in  2.347 seconds
Platform modules already initialized, skipping
========================================================================
Worker process is ready to serve import requests
Launched and connected shader compiler UnityShaderCompiler.exe after 0.08 seconds
Refreshing native plugins compatible for Editor in 0.56 ms, found 2 plugins.
Preloading 0 native plugins for Editor in 0.00 ms.
Unloading 1386 Unused Serialized files (Serialized files now loaded: 0)
System memory in use before: 65.1 MB.
System memory in use after: 65.2 MB.

Unloading 19 unused Assets to reduce memory usage. Loaded Objects now: 1819.
Total: 3.450300 ms (FindLiveObjects: 0.230600 ms CreateObjectMapping: 0.086300 ms MarkObjects: 2.777200 ms  DeleteObjects: 0.353700 ms)

========================================================================
Received Import Request.
  path: Assets/MsLaser.prefab
  artifactKey: Guid(1c14a5a274c1fa541849a1423e9b0072) Importer(815301076,1909f56bfc062723c751e8b465ee728b)
Start importing Assets/MsLaser.prefab using Guid(1c14a5a274c1fa541849a1423e9b0072) Importer(815301076,1909f56bfc062723c751e8b465ee728b)  -> (artifact id: '2ad4ed532ecbbcaa76b5975b9c993b53') in 1.708606 seconds
  Import took 1.715458 seconds .

========================================================================
Received Import Request.
  Time since last request: 0.000517 seconds.
  path: Assets/MsLaser@T-Pose.fbx
  artifactKey: Guid(6d61fc2597b0c10439ab863805701a94) Importer(815301076,1909f56bfc062723c751e8b465ee728b)
Start importing Assets/MsLaser@T-Pose.fbx using Guid(6d61fc2597b0c10439ab863805701a94) Importer(815301076,1909f56bfc062723c751e8b465ee728b)  -> (artifact id: '06d4d2dec2932e2c3d9b00d5fa5bb047') in 0.871986 seconds
  Import took 0.881639 seconds .

========================================================================
Received Import Request.
  Time since last request: 0.000387 seconds.
  path: Assets/Swat@rifle_aiming_idle.fbx
  artifactKey: Guid(7f72964001205b944ab9f314a704489b) Importer(815301076,1909f56bfc062723c751e8b465ee728b)
Start importing Assets/Swat@rifle_aiming_idle.fbx using Guid(7f72964001205b944ab9f314a704489b) Importer(815301076,1909f56bfc062723c751e8b465ee728b)  -> (artifact id: 'bb1ee3f8ebfd9aaea2325af1b860b680') in 0.028862 seconds
  Import took 0.296377 seconds .

