Using pre-set license
Built from '2020.3/staging' branch; Version is '2020.3.0f1 (c7b5465681fb) revision 13088070'; Using compiler version '192528614'; Build Type 'Release'
OS: 'Windows 10 Pro; OS build 19042.906; Version 2009; 64bit' Language: 'en' Physical Memory: 8106 MB
BatchMode: 1, IsHumanControllingUs: 0, StartBugReporterOnCrash: 0, Is64bit: 1, IsPro: 0

 COMMAND LINE ARGUMENTS:
C:\Program Files\Unity\Hub\Editor\2020.3.0f1\Editor\Unity.exe
-adb2
-batchMode
-noUpm
-name
AssetImportWorker0
-projectPath
E:/Mapel/Polinema/S6/Komputasi Multimedia/Project/Minggu 09/Praktikum 1
-logFile
Logs/AssetImportWorker0.log
-srvPort
63703
Successfully changed project path to: E:/Mapel/Polinema/S6/Komputasi Multimedia/Project/Minggu 09/Praktikum 1
E:/Mapel/Polinema/S6/Komputasi Multimedia/Project/Minggu 09/Praktikum 1
Using Asset Import Pipeline V2.
Refreshing native plugins compatible for Editor in 60.62 ms, found 0 plugins.
Preloading 0 native plugins for Editor in 0.00 ms.
Initialize engine version: 2020.3.0f1 (c7b5465681fb)
[Subsystems] Discovering subsystems at path C:/Program Files/Unity/Hub/Editor/2020.3.0f1/Editor/Data/Resources/UnitySubsystems
[Subsystems] Discovering subsystems at path E:/Mapel/Polinema/S6/Komputasi Multimedia/Project/Minggu 09/Praktikum 1/Assets
GfxDevice: creating device client; threaded=0
Direct3D:
    Version:  Direct3D 11.0 [level 10.1]
    Renderer: Intel(R) HD Graphics 3000 (ID=0x116)
    Vendor:   
    VRAM:     128 MB
    Driver:   9.17.10.4459
Initialize mono
Mono path[0] = 'C:/Program Files/Unity/Hub/Editor/2020.3.0f1/Editor/Data/Managed'
Mono path[1] = 'C:/Program Files/Unity/Hub/Editor/2020.3.0f1/Editor/Data/MonoBleedingEdge/lib/mono/unityjit'
Mono config path = 'C:/Program Files/Unity/Hub/Editor/2020.3.0f1/Editor/Data/MonoBleedingEdge/etc'
Using monoOptions --debugger-agent=transport=dt_socket,embedding=1,server=y,suspend=n,address=127.0.0.1:56620
Begin MonoManager ReloadAssembly
Registering precompiled unity dll's ...
Register platform support module: C:/Program Files/Unity/Hub/Editor/2020.3.0f1/Editor/Data/PlaybackEngines/WebGLSupport/UnityEditor.WebGL.Extensions.dll
Register platform support module: C:/Program Files/Unity/Hub/Editor/2020.3.0f1/Editor/Data/PlaybackEngines/WindowsStandaloneSupport/UnityEditor.WindowsStandalone.Extensions.dll
Registered in 0.005802 seconds.
Native extension for WindowsStandalone target not found
Native extension for WebGL target not found
Refreshing native plugins compatible for Editor in 56.42 ms, found 0 plugins.
Preloading 0 native plugins for Editor in 0.00 ms.
Invoked RoslynAnalysisRunner static constructor.
RoslynAnalysisRunner will not be running.
RoslynAnalysisRunner has terminated.
Mono: successfully reloaded assembly
- Completed reload, in  5.168 seconds
Platform modules already initialized, skipping
Registering precompiled user dll's ...
Registered in 0.001388 seconds.
Begin MonoManager ReloadAssembly
Native extension for WindowsStandalone target not found
Native extension for WebGL target not found
Refreshing native plugins compatible for Editor in 0.39 ms, found 0 plugins.
Preloading 0 native plugins for Editor in 0.00 ms.
Invoked RoslynAnalysisRunner static constructor.
RoslynAnalysisRunner will not be running.
RoslynAnalysisRunner has terminated.
Mono: successfully reloaded assembly
- Completed reload, in  2.062 seconds
Platform modules already initialized, skipping
========================================================================
Worker process is ready to serve import requests
Launched and connected shader compiler UnityShaderCompiler.exe after 0.36 seconds
Refreshing native plugins compatible for Editor in 0.38 ms, found 0 plugins.
Preloading 0 native plugins for Editor in 0.00 ms.
Unloading 1113 Unused Serialized files (Serialized files now loaded: 0)
System memory in use before: 56.9 MB.
System memory in use after: 57.0 MB.

Unloading 10 unused Assets to reduce memory usage. Loaded Objects now: 1555.
Total: 3.211600 ms (FindLiveObjects: 0.184500 ms CreateObjectMapping: 0.069500 ms MarkObjects: 2.723600 ms  DeleteObjects: 0.230600 ms)

========================================================================
Received Import Request.
  path: Assets/cloudCookie.tga
  artifactKey: Guid(e633846d1a89b084c81998ed4f433fb1) Importer(815301076,1909f56bfc062723c751e8b465ee728b)
Start importing Assets/cloudCookie.tga using Guid(e633846d1a89b084c81998ed4f433fb1) Importer(815301076,1909f56bfc062723c751e8b465ee728b)  -> (artifact id: 'c47ca6200cc8a49f4c3c6a13237a3510') in 0.321164 seconds
  Import took 0.325275 seconds .

========================================================================
Received Import Request.
  Time since last request: 129.014579 seconds.
  path: Assets/cloudCookie.tga
  artifactKey: Guid(e633846d1a89b084c81998ed4f433fb1) Importer(815301076,1909f56bfc062723c751e8b465ee728b)
Start importing Assets/cloudCookie.tga using Guid(e633846d1a89b084c81998ed4f433fb1) Importer(815301076,1909f56bfc062723c751e8b465ee728b)  -> (artifact id: '5282c9e6830ed1d6df5e940f57ee64ff') in 0.242019 seconds
  Import took 0.279681 seconds .

========================================================================
Received Import Request.
  Time since last request: 317.850883 seconds.
  path: Assets
  artifactKey: Guid(00000000000000001000000000000000) Importer(815301076,1909f56bfc062723c751e8b465ee728b)
Start importing Assets using Guid(00000000000000001000000000000000) Importer(815301076,1909f56bfc062723c751e8b465ee728b)  -> (artifact id: '42baae205c97e3337697759514652acd') in 0.019835 seconds
  Import took 0.025688 seconds .

========================================================================
Received Import Request.
  Time since last request: 5.326728 seconds.
  path: Assets/Script
  artifactKey: Guid(2bf414d1db5140b48bccc58ee4849e3f) Importer(815301076,1909f56bfc062723c751e8b465ee728b)
Start importing Assets/Script using Guid(2bf414d1db5140b48bccc58ee4849e3f) Importer(815301076,1909f56bfc062723c751e8b465ee728b)  -> (artifact id: '5f20365eb76f6eeeb5ce5b612588c6f4') in 0.017799 seconds
  Import took 0.023570 seconds .

========================================================================
Received Import Request.
  Time since last request: 42.987449 seconds.
  path: Assets/Script/MovingShadows.cs
  artifactKey: Guid(f3faa1f4036469549867abbf09392b5d) Importer(815301076,1909f56bfc062723c751e8b465ee728b)
Start importing Assets/Script/MovingShadows.cs using Guid(f3faa1f4036469549867abbf09392b5d) Importer(815301076,1909f56bfc062723c751e8b465ee728b)  -> (artifact id: '7f6d43b6f8c19f016904e0e2e34d8942') in 0.088696 seconds
  Import took 0.094386 seconds .

========================================================================
Received Prepare
Registering precompiled user dll's ...
Registered in 0.001975 seconds.
Begin MonoManager ReloadAssembly
Native extension for WindowsStandalone target not found
Native extension for WebGL target not found
Refreshing native plugins compatible for Editor in 0.49 ms, found 0 plugins.
Preloading 0 native plugins for Editor in 0.00 ms.
Invoked RoslynAnalysisRunner static constructor.
RoslynAnalysisRunner will not be running.
RoslynAnalysisRunner has terminated.
Mono: successfully reloaded assembly
- Completed reload, in  3.063 seconds
Platform modules already initialized, skipping
Refreshing native plugins compatible for Editor in 0.46 ms, found 0 plugins.
Preloading 0 native plugins for Editor in 0.00 ms.
Unloading 1109 Unused Serialized files (Serialized files now loaded: 0)
System memory in use before: 60.0 MB.
System memory in use after: 60.0 MB.

Unloading 5 unused Assets to reduce memory usage. Loaded Objects now: 1564.
Total: 6.033700 ms (FindLiveObjects: 1.096800 ms CreateObjectMapping: 0.117800 ms MarkObjects: 4.711800 ms  DeleteObjects: 0.104100 ms)

========================================================================
Received Prepare
Registering precompiled user dll's ...
Registered in 0.002396 seconds.
Begin MonoManager ReloadAssembly
Native extension for WindowsStandalone target not found
Native extension for WebGL target not found
Refreshing native plugins compatible for Editor in 0.42 ms, found 0 plugins.
Preloading 0 native plugins for Editor in 0.00 ms.
Invoked RoslynAnalysisRunner static constructor.
RoslynAnalysisRunner will not be running.
RoslynAnalysisRunner has terminated.
Mono: successfully reloaded assembly
- Completed reload, in  2.083 seconds
Platform modules already initialized, skipping
Refreshing native plugins compatible for Editor in 0.39 ms, found 0 plugins.
Preloading 0 native plugins for Editor in 0.00 ms.
Unloading 1109 Unused Serialized files (Serialized files now loaded: 0)
System memory in use before: 60.0 MB.
System memory in use after: 60.1 MB.

Unloading 5 unused Assets to reduce memory usage. Loaded Objects now: 1567.
Total: 4.322700 ms (FindLiveObjects: 0.466900 ms CreateObjectMapping: 0.086400 ms MarkObjects: 3.651200 ms  DeleteObjects: 0.114200 ms)

========================================================================
Received Import Request.
  Time since last request: 155.050501 seconds.
  path: Assets/Script/MovingShadows.cs
  artifactKey: Guid(f3faa1f4036469549867abbf09392b5d) Importer(815301076,1909f56bfc062723c751e8b465ee728b)
Start importing Assets/Script/MovingShadows.cs using Guid(f3faa1f4036469549867abbf09392b5d) Importer(815301076,1909f56bfc062723c751e8b465ee728b)  -> (artifact id: '63bc72effb0388cccc840eefff52705d') in 0.016130 seconds
  Import took 0.121719 seconds .

========================================================================
Received Prepare
Registering precompiled user dll's ...
Registered in 0.007578 seconds.
Begin MonoManager ReloadAssembly
Native extension for WindowsStandalone target not found
Native extension for WebGL target not found
Refreshing native plugins compatible for Editor in 0.39 ms, found 0 plugins.
Preloading 0 native plugins for Editor in 0.00 ms.
Invoked RoslynAnalysisRunner static constructor.
RoslynAnalysisRunner will not be running.
RoslynAnalysisRunner has terminated.
Mono: successfully reloaded assembly
- Completed reload, in  2.346 seconds
Platform modules already initialized, skipping
Refreshing native plugins compatible for Editor in 0.43 ms, found 0 plugins.
Preloading 0 native plugins for Editor in 0.00 ms.
Unloading 1109 Unused Serialized files (Serialized files now loaded: 0)
System memory in use before: 60.0 MB.
System memory in use after: 60.1 MB.

Unloading 5 unused Assets to reduce memory usage. Loaded Objects now: 1570.
Total: 2.976000 ms (FindLiveObjects: 0.343200 ms CreateObjectMapping: 0.091600 ms MarkObjects: 2.447100 ms  DeleteObjects: 0.091300 ms)

========================================================================
Received Prepare
Registering precompiled user dll's ...
Registered in 0.001333 seconds.
Begin MonoManager ReloadAssembly
Native extension for WindowsStandalone target not found
Native extension for WebGL target not found
Refreshing native plugins compatible for Editor in 0.39 ms, found 0 plugins.
Preloading 0 native plugins for Editor in 0.00 ms.
Invoked RoslynAnalysisRunner static constructor.
RoslynAnalysisRunner will not be running.
RoslynAnalysisRunner has terminated.
Mono: successfully reloaded assembly
- Completed reload, in  1.855 seconds
Platform modules already initialized, skipping
Refreshing native plugins compatible for Editor in 0.38 ms, found 0 plugins.
Preloading 0 native plugins for Editor in 0.00 ms.
Unloading 1111 Unused Serialized files (Serialized files now loaded: 0)
System memory in use before: 60.1 MB.
System memory in use after: 60.1 MB.

Unloading 5 unused Assets to reduce memory usage. Loaded Objects now: 1575.
Total: 4.984900 ms (FindLiveObjects: 0.353100 ms CreateObjectMapping: 0.075400 ms MarkObjects: 4.451000 ms  DeleteObjects: 0.101500 ms)

AssetImportWorkerClient::OnTransportError - code=2 error=End of file
