Using pre-set license
Built from '2020.3/staging' branch; Version is '2020.3.0f1 (c7b5465681fb) revision 13088070'; Using compiler version '192528614'; Build Type 'Release'
OS: 'Windows 10 Pro; OS build 19042.906; Version 2009; 64bit' Language: 'en' Physical Memory: 8106 MB
BatchMode: 1, IsHumanControllingUs: 0, StartBugReporterOnCrash: 0, Is64bit: 1, IsPro: 0

 COMMAND LINE ARGUMENTS:
C:\Program Files\Unity\Hub\Editor\2020.3.0f1\Editor\Unity.exe
-adb2
-batchMode
-noUpm
-name
AssetImportWorker0
-projectPath
E:/Mapel/Polinema/S6/Komputasi Multimedia/Project/Minggu 09/Praktikum 1
-logFile
Logs/AssetImportWorker0.log
-srvPort
65120
Successfully changed project path to: E:/Mapel/Polinema/S6/Komputasi Multimedia/Project/Minggu 09/Praktikum 1
E:/Mapel/Polinema/S6/Komputasi Multimedia/Project/Minggu 09/Praktikum 1
Using Asset Import Pipeline V2.
Refreshing native plugins compatible for Editor in 65.79 ms, found 0 plugins.
Preloading 0 native plugins for Editor in 0.00 ms.
Initialize engine version: 2020.3.0f1 (c7b5465681fb)
[Subsystems] Discovering subsystems at path C:/Program Files/Unity/Hub/Editor/2020.3.0f1/Editor/Data/Resources/UnitySubsystems
[Subsystems] Discovering subsystems at path E:/Mapel/Polinema/S6/Komputasi Multimedia/Project/Minggu 09/Praktikum 1/Assets
GfxDevice: creating device client; threaded=0
Direct3D:
    Version:  Direct3D 11.0 [level 10.1]
    Renderer: Intel(R) HD Graphics 3000 (ID=0x116)
    Vendor:   
    VRAM:     128 MB
    Driver:   9.17.10.4459
Initialize mono
Mono path[0] = 'C:/Program Files/Unity/Hub/Editor/2020.3.0f1/Editor/Data/Managed'
Mono path[1] = 'C:/Program Files/Unity/Hub/Editor/2020.3.0f1/Editor/Data/MonoBleedingEdge/lib/mono/unityjit'
Mono config path = 'C:/Program Files/Unity/Hub/Editor/2020.3.0f1/Editor/Data/MonoBleedingEdge/etc'
Using monoOptions --debugger-agent=transport=dt_socket,embedding=1,server=y,suspend=n,address=127.0.0.1:56376
Begin MonoManager ReloadAssembly
Registering precompiled unity dll's ...
Register platform support module: C:/Program Files/Unity/Hub/Editor/2020.3.0f1/Editor/Data/PlaybackEngines/WebGLSupport/UnityEditor.WebGL.Extensions.dll
Register platform support module: C:/Program Files/Unity/Hub/Editor/2020.3.0f1/Editor/Data/PlaybackEngines/WindowsStandaloneSupport/UnityEditor.WindowsStandalone.Extensions.dll
Registered in 0.006835 seconds.
Native extension for WindowsStandalone target not found
Native extension for WebGL target not found
Refreshing native plugins compatible for Editor in 67.03 ms, found 0 plugins.
Preloading 0 native plugins for Editor in 0.00 ms.
Invoked RoslynAnalysisRunner static constructor.
RoslynAnalysisRunner will not be running.
RoslynAnalysisRunner has terminated.
Mono: successfully reloaded assembly
- Completed reload, in  5.743 seconds
Platform modules already initialized, skipping
Registering precompiled user dll's ...
Registered in 0.001717 seconds.
Begin MonoManager ReloadAssembly
Native extension for WindowsStandalone target not found
Native extension for WebGL target not found
Refreshing native plugins compatible for Editor in 0.48 ms, found 0 plugins.
Preloading 0 native plugins for Editor in 0.00 ms.
Invoked RoslynAnalysisRunner static constructor.
RoslynAnalysisRunner will not be running.
RoslynAnalysisRunner has terminated.
Mono: successfully reloaded assembly
- Completed reload, in  2.415 seconds
Platform modules already initialized, skipping
========================================================================
Worker process is ready to serve import requests
Launched and connected shader compiler UnityShaderCompiler.exe after 0.15 seconds
Refreshing native plugins compatible for Editor in 0.38 ms, found 0 plugins.
Preloading 0 native plugins for Editor in 0.00 ms.
Unloading 1116 Unused Serialized files (Serialized files now loaded: 0)
System memory in use before: 57.1 MB.
System memory in use after: 57.1 MB.

Unloading 10 unused Assets to reduce memory usage. Loaded Objects now: 1558.
Total: 4.242800 ms (FindLiveObjects: 0.236500 ms CreateObjectMapping: 0.071500 ms MarkObjects: 3.789300 ms  DeleteObjects: 0.143000 ms)

========================================================================
Received Import Request.
  path: Assets/Scripts
  artifactKey: Guid(80e08e622642308439c17c16f46e0718) Importer(815301076,1909f56bfc062723c751e8b465ee728b)
Start importing Assets/Scripts using Guid(80e08e622642308439c17c16f46e0718) Importer(815301076,1909f56bfc062723c751e8b465ee728b)  -> (artifact id: 'e91ad4cd8c2979960df97040cbf7613f') in 0.018676 seconds
  Import took 0.172338 seconds .

========================================================================
Received Import Request.
  Time since last request: 0.000444 seconds.
  path: Assets/SkyboxProbes.mat
  artifactKey: Guid(7b0e19277ef03ef4ab18a99cd1dafd29) Importer(815301076,1909f56bfc062723c751e8b465ee728b)
Start importing Assets/SkyboxProbes.mat using Guid(7b0e19277ef03ef4ab18a99cd1dafd29) Importer(815301076,1909f56bfc062723c751e8b465ee728b)  -> (artifact id: '6ff61fb64515a6e8354f31ef5c149aad') in 0.507743 seconds
  Import took 0.582093 seconds .

========================================================================
Received Import Request.
  Time since last request: 4.218060 seconds.
  path: Assets/Scripts/Orbitate.cs
  artifactKey: Guid(0d3330eab09bc984aa625872db52e856) Importer(815301076,1909f56bfc062723c751e8b465ee728b)
Start importing Assets/Scripts/Orbitate.cs using Guid(0d3330eab09bc984aa625872db52e856) Importer(815301076,1909f56bfc062723c751e8b465ee728b)  -> (artifact id: '23a4f8bffaf2da4df1ce2039c33457a8') in 0.052216 seconds
  Import took 0.223948 seconds .

========================================================================
Received Import Request.
  Time since last request: 1.078476 seconds.
  path: Assets/Scripts/RandomRotation.cs
  artifactKey: Guid(36dca4d8ecdd7a643b229680ab78b271) Importer(815301076,1909f56bfc062723c751e8b465ee728b)
Start importing Assets/Scripts/RandomRotation.cs using Guid(36dca4d8ecdd7a643b229680ab78b271) Importer(815301076,1909f56bfc062723c751e8b465ee728b)  -> (artifact id: 'bf4805ebb2c0b3b3e5951f382c2843a7') in 0.019362 seconds
  Import took 0.067630 seconds .

========================================================================
Received Import Request.
  Time since last request: 0.015655 seconds.
  path: Assets/Scripts/RandomRotation.cs
  artifactKey: Guid(36dca4d8ecdd7a643b229680ab78b271) Importer(815301076,1909f56bfc062723c751e8b465ee728b)
Start importing Assets/Scripts/RandomRotation.cs using Guid(36dca4d8ecdd7a643b229680ab78b271) Importer(815301076,1909f56bfc062723c751e8b465ee728b)  -> (artifact id: 'bf4805ebb2c0b3b3e5951f382c2843a7') in 0.006810 seconds
  Import took 0.015939 seconds .

AssetImportWorkerClient::OnTransportError - code=2 error=End of file
